CRITICAL - 2021-10-26 10:55:50 --> Column 'productid' cannot be null
#0 G:\OpenServer\domains\ht.hoconline.com\vendor\codeigniter4\framework\system\Database\MySQLi\Connection.php(331): mysqli->query('INSERT INTO `ar...')
#1 G:\OpenServer\domains\ht.hoconline.com\vendor\codeigniter4\framework\system\Database\BaseConnection.php(741): CodeIgniter\Database\MySQLi\Connection->execute('INSERT INTO `ar...')
#2 G:\OpenServer\domains\ht.hoconline.com\vendor\codeigniter4\framework\system\Database\BaseConnection.php(669): CodeIgniter\Database\BaseConnection->simpleQuery('INSERT INTO `ar...')
#3 G:\OpenServer\domains\ht.hoconline.com\vendor\codeigniter4\framework\system\Database\BaseBuilder.php(2249): CodeIgniter\Database\BaseConnection->query('INSERT INTO `ar...', Array, false)
#4 G:\OpenServer\domains\ht.hoconline.com\app\Models\AutoloadModel.php(90): CodeIgniter\Database\BaseBuilder->insert(Array)
#5 G:\OpenServer\domains\ht.hoconline.com\app\Controllers\Backend\Article\Article.php(118): App\Models\AutoloadModel->_insert(Array)
#6 G:\OpenServer\domains\ht.hoconline.com\vendor\codeigniter4\framework\system\CodeIgniter.php(918): App\Controllers\Backend\Article\Article->create()
#7 G:\OpenServer\domains\ht.hoconline.com\vendor\codeigniter4\framework\system\CodeIgniter.php(404): CodeIgniter\CodeIgniter->runController(Object(App\Controllers\Backend\Article\Article))
#8 G:\OpenServer\domains\ht.hoconline.com\vendor\codeigniter4\framework\system\CodeIgniter.php(312): CodeIgniter\CodeIgniter->handleRequest(NULL, Object(Config\Cache), false)
#9 G:\OpenServer\domains\ht.hoconline.com\index.php(48): CodeIgniter\CodeIgniter->run()
#10 {main}
CRITICAL - 2021-10-26 10:56:02 --> Column 'productid' cannot be null
#0 G:\OpenServer\domains\ht.hoconline.com\vendor\codeigniter4\framework\system\Database\MySQLi\Connection.php(331): mysqli->query('INSERT INTO `ar...')
#1 G:\OpenServer\domains\ht.hoconline.com\vendor\codeigniter4\framework\system\Database\BaseConnection.php(741): CodeIgniter\Database\MySQLi\Connection->execute('INSERT INTO `ar...')
#2 G:\OpenServer\domains\ht.hoconline.com\vendor\codeigniter4\framework\system\Database\BaseConnection.php(669): CodeIgniter\Database\BaseConnection->simpleQuery('INSERT INTO `ar...')
#3 G:\OpenServer\domains\ht.hoconline.com\vendor\codeigniter4\framework\system\Database\BaseBuilder.php(2249): CodeIgniter\Database\BaseConnection->query('INSERT INTO `ar...', Array, false)
#4 G:\OpenServer\domains\ht.hoconline.com\app\Models\AutoloadModel.php(90): CodeIgniter\Database\BaseBuilder->insert(Array)
#5 G:\OpenServer\domains\ht.hoconline.com\app\Controllers\Backend\Article\Article.php(118): App\Models\AutoloadModel->_insert(Array)
#6 G:\OpenServer\domains\ht.hoconline.com\vendor\codeigniter4\framework\system\CodeIgniter.php(918): App\Controllers\Backend\Article\Article->create()
#7 G:\OpenServer\domains\ht.hoconline.com\vendor\codeigniter4\framework\system\CodeIgniter.php(404): CodeIgniter\CodeIgniter->runController(Object(App\Controllers\Backend\Article\Article))
#8 G:\OpenServer\domains\ht.hoconline.com\vendor\codeigniter4\framework\system\CodeIgniter.php(312): CodeIgniter\CodeIgniter->handleRequest(NULL, Object(Config\Cache), false)
#9 G:\OpenServer\domains\ht.hoconline.com\index.php(48): CodeIgniter\CodeIgniter->run()
#10 {main}
CRITICAL - 2021-10-26 10:56:21 --> Column 'productid' cannot be null
#0 G:\OpenServer\domains\ht.hoconline.com\vendor\codeigniter4\framework\system\Database\MySQLi\Connection.php(331): mysqli->query('INSERT INTO `ar...')
#1 G:\OpenServer\domains\ht.hoconline.com\vendor\codeigniter4\framework\system\Database\BaseConnection.php(741): CodeIgniter\Database\MySQLi\Connection->execute('INSERT INTO `ar...')
#2 G:\OpenServer\domains\ht.hoconline.com\vendor\codeigniter4\framework\system\Database\BaseConnection.php(669): CodeIgniter\Database\BaseConnection->simpleQuery('INSERT INTO `ar...')
#3 G:\OpenServer\domains\ht.hoconline.com\vendor\codeigniter4\framework\system\Database\BaseBuilder.php(2249): CodeIgniter\Database\BaseConnection->query('INSERT INTO `ar...', Array, false)
#4 G:\OpenServer\domains\ht.hoconline.com\app\Models\AutoloadModel.php(90): CodeIgniter\Database\BaseBuilder->insert(Array)
#5 G:\OpenServer\domains\ht.hoconline.com\app\Controllers\Backend\Article\Article.php(118): App\Models\AutoloadModel->_insert(Array)
#6 G:\OpenServer\domains\ht.hoconline.com\vendor\codeigniter4\framework\system\CodeIgniter.php(918): App\Controllers\Backend\Article\Article->create()
#7 G:\OpenServer\domains\ht.hoconline.com\vendor\codeigniter4\framework\system\CodeIgniter.php(404): CodeIgniter\CodeIgniter->runController(Object(App\Controllers\Backend\Article\Article))
#8 G:\OpenServer\domains\ht.hoconline.com\vendor\codeigniter4\framework\system\CodeIgniter.php(312): CodeIgniter\CodeIgniter->handleRequest(NULL, Object(Config\Cache), false)
#9 G:\OpenServer\domains\ht.hoconline.com\index.php(48): CodeIgniter\CodeIgniter->run()
#10 {main}
CRITICAL - 2021-10-26 11:04:13 --> Undefined index: signature
#0 G:\OpenServer\domains\ht.hoconline.com\app\Views\frontend\homepage\home\index.php(60): CodeIgniter\Debug\Exceptions->errorHandler(8, 'Undefined index...', 'G:\\OpenServer\\d...', 60, Array)
#1 G:\OpenServer\domains\ht.hoconline.com\vendor\codeigniter4\framework\system\View\View.php(246): include('G:\\OpenServer\\d...')
#2 G:\OpenServer\domains\ht.hoconline.com\vendor\codeigniter4\framework\system\Common.php(1119): CodeIgniter\View\View->render('frontend/homepa...', Array, true)
#3 G:\OpenServer\domains\ht.hoconline.com\app\Views\frontend\homepage\layout\home.php(71): view('frontend/homepa...')
#4 G:\OpenServer\domains\ht.hoconline.com\vendor\codeigniter4\framework\system\View\View.php(246): include('G:\\OpenServer\\d...')
#5 G:\OpenServer\domains\ht.hoconline.com\vendor\codeigniter4\framework\system\Common.php(1119): CodeIgniter\View\View->render('frontend/homepa...', Array, true)
#6 G:\OpenServer\domains\ht.hoconline.com\app\Controllers\Frontend\Homepage\Home.php(42): view('frontend/homepa...', Array)
#7 G:\OpenServer\domains\ht.hoconline.com\vendor\codeigniter4\framework\system\CodeIgniter.php(918): App\Controllers\Frontend\Homepage\Home->index()
#8 G:\OpenServer\domains\ht.hoconline.com\vendor\codeigniter4\framework\system\CodeIgniter.php(404): CodeIgniter\CodeIgniter->runController(Object(App\Controllers\Frontend\Homepage\Home))
#9 G:\OpenServer\domains\ht.hoconline.com\vendor\codeigniter4\framework\system\CodeIgniter.php(312): CodeIgniter\CodeIgniter->handleRequest(NULL, Object(Config\Cache), false)
#10 G:\OpenServer\domains\ht.hoconline.com\index.php(48): CodeIgniter\CodeIgniter->run()
#11 {main}
CRITICAL - 2021-10-26 11:04:45 --> Undefined index: signature
#0 G:\OpenServer\domains\ht.hoconline.com\app\Views\frontend\homepage\home\index.php(60): CodeIgniter\Debug\Exceptions->errorHandler(8, 'Undefined index...', 'G:\\OpenServer\\d...', 60, Array)
#1 G:\OpenServer\domains\ht.hoconline.com\vendor\codeigniter4\framework\system\View\View.php(246): include('G:\\OpenServer\\d...')
#2 G:\OpenServer\domains\ht.hoconline.com\vendor\codeigniter4\framework\system\Common.php(1119): CodeIgniter\View\View->render('frontend/homepa...', Array, true)
#3 G:\OpenServer\domains\ht.hoconline.com\app\Views\frontend\homepage\layout\home.php(71): view('frontend/homepa...')
#4 G:\OpenServer\domains\ht.hoconline.com\vendor\codeigniter4\framework\system\View\View.php(246): include('G:\\OpenServer\\d...')
#5 G:\OpenServer\domains\ht.hoconline.com\vendor\codeigniter4\framework\system\Common.php(1119): CodeIgniter\View\View->render('frontend/homepa...', Array, true)
#6 G:\OpenServer\domains\ht.hoconline.com\app\Controllers\Frontend\Homepage\Home.php(42): view('frontend/homepa...', Array)
#7 G:\OpenServer\domains\ht.hoconline.com\vendor\codeigniter4\framework\system\CodeIgniter.php(918): App\Controllers\Frontend\Homepage\Home->index()
#8 G:\OpenServer\domains\ht.hoconline.com\vendor\codeigniter4\framework\system\CodeIgniter.php(404): CodeIgniter\CodeIgniter->runController(Object(App\Controllers\Frontend\Homepage\Home))
#9 G:\OpenServer\domains\ht.hoconline.com\vendor\codeigniter4\framework\system\CodeIgniter.php(312): CodeIgniter\CodeIgniter->handleRequest(NULL, Object(Config\Cache), false)
#10 G:\OpenServer\domains\ht.hoconline.com\index.php(48): CodeIgniter\CodeIgniter->run()
#11 {main}
CRITICAL - 2021-10-26 11:05:43 --> Undefined index: job
#0 G:\OpenServer\domains\ht.hoconline.com\app\Views\frontend\homepage\home\index.php(62): CodeIgniter\Debug\Exceptions->errorHandler(8, 'Undefined index...', 'G:\\OpenServer\\d...', 62, Array)
#1 G:\OpenServer\domains\ht.hoconline.com\vendor\codeigniter4\framework\system\View\View.php(246): include('G:\\OpenServer\\d...')
#2 G:\OpenServer\domains\ht.hoconline.com\vendor\codeigniter4\framework\system\Common.php(1119): CodeIgniter\View\View->render('frontend/homepa...', Array, true)
#3 G:\OpenServer\domains\ht.hoconline.com\app\Views\frontend\homepage\layout\home.php(71): view('frontend/homepa...')
#4 G:\OpenServer\domains\ht.hoconline.com\vendor\codeigniter4\framework\system\View\View.php(246): include('G:\\OpenServer\\d...')
#5 G:\OpenServer\domains\ht.hoconline.com\vendor\codeigniter4\framework\system\Common.php(1119): CodeIgniter\View\View->render('frontend/homepa...', Array, true)
#6 G:\OpenServer\domains\ht.hoconline.com\app\Controllers\Frontend\Homepage\Home.php(42): view('frontend/homepa...', Array)
#7 G:\OpenServer\domains\ht.hoconline.com\vendor\codeigniter4\framework\system\CodeIgniter.php(918): App\Controllers\Frontend\Homepage\Home->index()
#8 G:\OpenServer\domains\ht.hoconline.com\vendor\codeigniter4\framework\system\CodeIgniter.php(404): CodeIgniter\CodeIgniter->runController(Object(App\Controllers\Frontend\Homepage\Home))
#9 G:\OpenServer\domains\ht.hoconline.com\vendor\codeigniter4\framework\system\CodeIgniter.php(312): CodeIgniter\CodeIgniter->handleRequest(NULL, Object(Config\Cache), false)
#10 G:\OpenServer\domains\ht.hoconline.com\index.php(48): CodeIgniter\CodeIgniter->run()
#11 {main}
CRITICAL - 2021-10-26 11:05:51 --> Undefined index: video
#0 G:\OpenServer\domains\ht.hoconline.com\app\Views\frontend\homepage\home\index.php(65): CodeIgniter\Debug\Exceptions->errorHandler(8, 'Undefined index...', 'G:\\OpenServer\\d...', 65, Array)
#1 G:\OpenServer\domains\ht.hoconline.com\vendor\codeigniter4\framework\system\View\View.php(246): include('G:\\OpenServer\\d...')
#2 G:\OpenServer\domains\ht.hoconline.com\vendor\codeigniter4\framework\system\Common.php(1119): CodeIgniter\View\View->render('frontend/homepa...', Array, true)
#3 G:\OpenServer\domains\ht.hoconline.com\app\Views\frontend\homepage\layout\home.php(71): view('frontend/homepa...')
#4 G:\OpenServer\domains\ht.hoconline.com\vendor\codeigniter4\framework\system\View\View.php(246): include('G:\\OpenServer\\d...')
#5 G:\OpenServer\domains\ht.hoconline.com\vendor\codeigniter4\framework\system\Common.php(1119): CodeIgniter\View\View->render('frontend/homepa...', Array, true)
#6 G:\OpenServer\domains\ht.hoconline.com\app\Controllers\Frontend\Homepage\Home.php(42): view('frontend/homepa...', Array)
#7 G:\OpenServer\domains\ht.hoconline.com\vendor\codeigniter4\framework\system\CodeIgniter.php(918): App\Controllers\Frontend\Homepage\Home->index()
#8 G:\OpenServer\domains\ht.hoconline.com\vendor\codeigniter4\framework\system\CodeIgniter.php(404): CodeIgniter\CodeIgniter->runController(Object(App\Controllers\Frontend\Homepage\Home))
#9 G:\OpenServer\domains\ht.hoconline.com\vendor\codeigniter4\framework\system\CodeIgniter.php(312): CodeIgniter\CodeIgniter->handleRequest(NULL, Object(Config\Cache), false)
#10 G:\OpenServer\domains\ht.hoconline.com\index.php(48): CodeIgniter\CodeIgniter->run()
#11 {main}
CRITICAL - 2021-10-26 11:36:49 --> syntax error, unexpected end of file
#0 G:\OpenServer\domains\ht.hoconline.com\vendor\codeigniter4\framework\system\Common.php(1119): CodeIgniter\View\View->render('frontend/homepa...', Array, true)
#1 G:\OpenServer\domains\ht.hoconline.com\app\Views\frontend\homepage\layout\home.php(71): view('frontend/homepa...')
#2 G:\OpenServer\domains\ht.hoconline.com\vendor\codeigniter4\framework\system\View\View.php(246): include('G:\\OpenServer\\d...')
#3 G:\OpenServer\domains\ht.hoconline.com\vendor\codeigniter4\framework\system\Common.php(1119): CodeIgniter\View\View->render('frontend/homepa...', Array, true)
#4 G:\OpenServer\domains\ht.hoconline.com\app\Controllers\Frontend\Homepage\Home.php(38): view('frontend/homepa...', Array)
#5 G:\OpenServer\domains\ht.hoconline.com\vendor\codeigniter4\framework\system\CodeIgniter.php(918): App\Controllers\Frontend\Homepage\Home->index()
#6 G:\OpenServer\domains\ht.hoconline.com\vendor\codeigniter4\framework\system\CodeIgniter.php(404): CodeIgniter\CodeIgniter->runController(Object(App\Controllers\Frontend\Homepage\Home))
#7 G:\OpenServer\domains\ht.hoconline.com\vendor\codeigniter4\framework\system\CodeIgniter.php(312): CodeIgniter\CodeIgniter->handleRequest(NULL, Object(Config\Cache), false)
#8 G:\OpenServer\domains\ht.hoconline.com\index.php(48): CodeIgniter\CodeIgniter->run()
#9 {main}
CRITICAL - 2021-10-26 11:37:02 --> Undefined index: title
#0 G:\OpenServer\domains\ht.hoconline.com\app\Views\frontend\homepage\home\index.php(143): CodeIgniter\Debug\Exceptions->errorHandler(8, 'Undefined index...', 'G:\\OpenServer\\d...', 143, Array)
#1 G:\OpenServer\domains\ht.hoconline.com\vendor\codeigniter4\framework\system\View\View.php(246): include('G:\\OpenServer\\d...')
#2 G:\OpenServer\domains\ht.hoconline.com\vendor\codeigniter4\framework\system\Common.php(1119): CodeIgniter\View\View->render('frontend/homepa...', Array, true)
#3 G:\OpenServer\domains\ht.hoconline.com\app\Views\frontend\homepage\layout\home.php(71): view('frontend/homepa...')
#4 G:\OpenServer\domains\ht.hoconline.com\vendor\codeigniter4\framework\system\View\View.php(246): include('G:\\OpenServer\\d...')
#5 G:\OpenServer\domains\ht.hoconline.com\vendor\codeigniter4\framework\system\Common.php(1119): CodeIgniter\View\View->render('frontend/homepa...', Array, true)
#6 G:\OpenServer\domains\ht.hoconline.com\app\Controllers\Frontend\Homepage\Home.php(38): view('frontend/homepa...', Array)
#7 G:\OpenServer\domains\ht.hoconline.com\vendor\codeigniter4\framework\system\CodeIgniter.php(918): App\Controllers\Frontend\Homepage\Home->index()
#8 G:\OpenServer\domains\ht.hoconline.com\vendor\codeigniter4\framework\system\CodeIgniter.php(404): CodeIgniter\CodeIgniter->runController(Object(App\Controllers\Frontend\Homepage\Home))
#9 G:\OpenServer\domains\ht.hoconline.com\vendor\codeigniter4\framework\system\CodeIgniter.php(312): CodeIgniter\CodeIgniter->handleRequest(NULL, Object(Config\Cache), false)
#10 G:\OpenServer\domains\ht.hoconline.com\index.php(48): CodeIgniter\CodeIgniter->run()
#11 {main}
CRITICAL - 2021-10-26 11:37:26 --> Undefined index: author_image
#0 G:\OpenServer\domains\ht.hoconline.com\app\Views\frontend\homepage\home\index.php(147): CodeIgniter\Debug\Exceptions->errorHandler(8, 'Undefined index...', 'G:\\OpenServer\\d...', 147, Array)
#1 G:\OpenServer\domains\ht.hoconline.com\vendor\codeigniter4\framework\system\View\View.php(246): include('G:\\OpenServer\\d...')
#2 G:\OpenServer\domains\ht.hoconline.com\vendor\codeigniter4\framework\system\Common.php(1119): CodeIgniter\View\View->render('frontend/homepa...', Array, true)
#3 G:\OpenServer\domains\ht.hoconline.com\app\Views\frontend\homepage\layout\home.php(71): view('frontend/homepa...')
#4 G:\OpenServer\domains\ht.hoconline.com\vendor\codeigniter4\framework\system\View\View.php(246): include('G:\\OpenServer\\d...')
#5 G:\OpenServer\domains\ht.hoconline.com\vendor\codeigniter4\framework\system\Common.php(1119): CodeIgniter\View\View->render('frontend/homepa...', Array, true)
#6 G:\OpenServer\domains\ht.hoconline.com\app\Controllers\Frontend\Homepage\Home.php(38): view('frontend/homepa...', Array)
#7 G:\OpenServer\domains\ht.hoconline.com\vendor\codeigniter4\framework\system\CodeIgniter.php(918): App\Controllers\Frontend\Homepage\Home->index()
#8 G:\OpenServer\domains\ht.hoconline.com\vendor\codeigniter4\framework\system\CodeIgniter.php(404): CodeIgniter\CodeIgniter->runController(Object(App\Controllers\Frontend\Homepage\Home))
#9 G:\OpenServer\domains\ht.hoconline.com\vendor\codeigniter4\framework\system\CodeIgniter.php(312): CodeIgniter\CodeIgniter->handleRequest(NULL, Object(Config\Cache), false)
#10 G:\OpenServer\domains\ht.hoconline.com\index.php(48): CodeIgniter\CodeIgniter->run()
#11 {main}
CRITICAL - 2021-10-26 11:37:55 --> Undefined index: title
#0 G:\OpenServer\domains\ht.hoconline.com\app\Views\frontend\homepage\home\index.php(143): CodeIgniter\Debug\Exceptions->errorHandler(8, 'Undefined index...', 'G:\\OpenServer\\d...', 143, Array)
#1 G:\OpenServer\domains\ht.hoconline.com\vendor\codeigniter4\framework\system\View\View.php(246): include('G:\\OpenServer\\d...')
#2 G:\OpenServer\domains\ht.hoconline.com\vendor\codeigniter4\framework\system\Common.php(1119): CodeIgniter\View\View->render('frontend/homepa...', Array, true)
#3 G:\OpenServer\domains\ht.hoconline.com\app\Views\frontend\homepage\layout\home.php(71): view('frontend/homepa...')
#4 G:\OpenServer\domains\ht.hoconline.com\vendor\codeigniter4\framework\system\View\View.php(246): include('G:\\OpenServer\\d...')
#5 G:\OpenServer\domains\ht.hoconline.com\vendor\codeigniter4\framework\system\Common.php(1119): CodeIgniter\View\View->render('frontend/homepa...', Array, true)
#6 G:\OpenServer\domains\ht.hoconline.com\app\Controllers\Frontend\Homepage\Home.php(38): view('frontend/homepa...', Array)
#7 G:\OpenServer\domains\ht.hoconline.com\vendor\codeigniter4\framework\system\CodeIgniter.php(918): App\Controllers\Frontend\Homepage\Home->index()
#8 G:\OpenServer\domains\ht.hoconline.com\vendor\codeigniter4\framework\system\CodeIgniter.php(404): CodeIgniter\CodeIgniter->runController(Object(App\Controllers\Frontend\Homepage\Home))
#9 G:\OpenServer\domains\ht.hoconline.com\vendor\codeigniter4\framework\system\CodeIgniter.php(312): CodeIgniter\CodeIgniter->handleRequest(NULL, Object(Config\Cache), false)
#10 G:\OpenServer\domains\ht.hoconline.com\index.php(48): CodeIgniter\CodeIgniter->run()
#11 {main}
CRITICAL - 2021-10-26 12:00:20 --> Column 'articleid' cannot be null
#0 G:\OpenServer\domains\ht.hoconline.com\vendor\codeigniter4\framework\system\Database\MySQLi\Connection.php(331): mysqli->query('INSERT INTO `pr...')
#1 G:\OpenServer\domains\ht.hoconline.com\vendor\codeigniter4\framework\system\Database\BaseConnection.php(741): CodeIgniter\Database\MySQLi\Connection->execute('INSERT INTO `pr...')
#2 G:\OpenServer\domains\ht.hoconline.com\vendor\codeigniter4\framework\system\Database\BaseConnection.php(669): CodeIgniter\Database\BaseConnection->simpleQuery('INSERT INTO `pr...')
#3 G:\OpenServer\domains\ht.hoconline.com\vendor\codeigniter4\framework\system\Database\BaseBuilder.php(2249): CodeIgniter\Database\BaseConnection->query('INSERT INTO `pr...', Array, false)
#4 G:\OpenServer\domains\ht.hoconline.com\app\Models\AutoloadModel.php(90): CodeIgniter\Database\BaseBuilder->insert(Array)
#5 G:\OpenServer\domains\ht.hoconline.com\app\Controllers\Backend\Product\Product.php(130): App\Models\AutoloadModel->_insert(Array)
#6 G:\OpenServer\domains\ht.hoconline.com\vendor\codeigniter4\framework\system\CodeIgniter.php(918): App\Controllers\Backend\Product\Product->create()
#7 G:\OpenServer\domains\ht.hoconline.com\vendor\codeigniter4\framework\system\CodeIgniter.php(404): CodeIgniter\CodeIgniter->runController(Object(App\Controllers\Backend\Product\Product))
#8 G:\OpenServer\domains\ht.hoconline.com\vendor\codeigniter4\framework\system\CodeIgniter.php(312): CodeIgniter\CodeIgniter->handleRequest(NULL, Object(Config\Cache), false)
#9 G:\OpenServer\domains\ht.hoconline.com\index.php(48): CodeIgniter\CodeIgniter->run()
#10 {main}
CRITICAL - 2021-10-26 12:04:25 --> Undefined index: image
#0 G:\OpenServer\domains\ht.hoconline.com\app\Views\backend\product\product\index.php(161): CodeIgniter\Debug\Exceptions->errorHandler(8, 'Undefined index...', 'G:\\OpenServer\\d...', 161, Array)
#1 G:\OpenServer\domains\ht.hoconline.com\vendor\codeigniter4\framework\system\View\View.php(246): include('G:\\OpenServer\\d...')
#2 G:\OpenServer\domains\ht.hoconline.com\vendor\codeigniter4\framework\system\Common.php(1119): CodeIgniter\View\View->render('backend/product...', Array, true)
#3 G:\OpenServer\domains\ht.hoconline.com\app\Views\backend\dashboard\layout\home.php(44): view('backend/product...')
#4 G:\OpenServer\domains\ht.hoconline.com\vendor\codeigniter4\framework\system\View\View.php(246): include('G:\\OpenServer\\d...')
#5 G:\OpenServer\domains\ht.hoconline.com\vendor\codeigniter4\framework\system\Common.php(1119): CodeIgniter\View\View->render('backend/dashboa...', Array, true)
#6 G:\OpenServer\domains\ht.hoconline.com\app\Controllers\Backend\Product\Product.php(93): view('backend/dashboa...', Array)
#7 G:\OpenServer\domains\ht.hoconline.com\vendor\codeigniter4\framework\system\CodeIgniter.php(918): App\Controllers\Backend\Product\Product->index()
#8 G:\OpenServer\domains\ht.hoconline.com\vendor\codeigniter4\framework\system\CodeIgniter.php(404): CodeIgniter\CodeIgniter->runController(Object(App\Controllers\Backend\Product\Product))
#9 G:\OpenServer\domains\ht.hoconline.com\vendor\codeigniter4\framework\system\CodeIgniter.php(312): CodeIgniter\CodeIgniter->handleRequest(NULL, Object(Config\Cache), false)
#10 G:\OpenServer\domains\ht.hoconline.com\index.php(48): CodeIgniter\CodeIgniter->run()
#11 {main}
CRITICAL - 2021-10-26 22:43:13 --> Unable to connect to the database.
#0 G:\OpenServer\domains\ht.hoconline.com\vendor\codeigniter4\framework\system\Database\BaseConnection.php(646): CodeIgniter\Database\BaseConnection->initialize()
#1 G:\OpenServer\domains\ht.hoconline.com\vendor\codeigniter4\framework\system\Database\BaseBuilder.php(1860): CodeIgniter\Database\BaseConnection->query('SELECT `keyword...', Array, false)
#2 G:\OpenServer\domains\ht.hoconline.com\app\Models\AutoloadModel.php(76): CodeIgniter\Database\BaseBuilder->get()
#3 G:\OpenServer\domains\ht.hoconline.com\app\Helpers\mydatafrontend_helper.php(133): App\Models\AutoloadModel->_get_where(Array, true)
#4 G:\OpenServer\domains\ht.hoconline.com\app\Controllers\FrontendController.php(27): get_general('vi')
#5 G:\OpenServer\domains\ht.hoconline.com\vendor\codeigniter4\framework\system\CodeIgniter.php(891): App\Controllers\FrontendController->initController(Object(CodeIgniter\HTTP\IncomingRequest), Object(CodeIgniter\HTTP\Response), Object(CodeIgniter\Log\Logger))
#6 G:\OpenServer\domains\ht.hoconline.com\vendor\codeigniter4\framework\system\CodeIgniter.php(399): CodeIgniter\CodeIgniter->createController()
#7 G:\OpenServer\domains\ht.hoconline.com\vendor\codeigniter4\framework\system\CodeIgniter.php(312): CodeIgniter\CodeIgniter->handleRequest(NULL, Object(Config\Cache), false)
#8 G:\OpenServer\domains\ht.hoconline.com\index.php(48): CodeIgniter\CodeIgniter->run()
#9 {main}
CRITICAL - 2021-10-26 22:43:16 --> Unable to connect to the database.
#0 G:\OpenServer\domains\ht.hoconline.com\vendor\codeigniter4\framework\system\Database\BaseConnection.php(646): CodeIgniter\Database\BaseConnection->initialize()
#1 G:\OpenServer\domains\ht.hoconline.com\vendor\codeigniter4\framework\system\Database\BaseBuilder.php(1860): CodeIgniter\Database\BaseConnection->query('SELECT `id`, `e...', Array, false)
#2 G:\OpenServer\domains\ht.hoconline.com\app\Models\AutoloadModel.php(74): CodeIgniter\Database\BaseBuilder->get()
#3 G:\OpenServer\domains\ht.hoconline.com\app\Filters\Auth.php(27): App\Models\AutoloadModel->_get_where(Array)
#4 G:\OpenServer\domains\ht.hoconline.com\vendor\codeigniter4\framework\system\Filters\Filters.php(173): App\Filters\Auth->before(Object(CodeIgniter\HTTP\IncomingRequest), NULL)
#5 G:\OpenServer\domains\ht.hoconline.com\vendor\codeigniter4\framework\system\CodeIgniter.php(382): CodeIgniter\Filters\Filters->run('backend/dashboa...', 'before')
#6 G:\OpenServer\domains\ht.hoconline.com\vendor\codeigniter4\framework\system\CodeIgniter.php(312): CodeIgniter\CodeIgniter->handleRequest(NULL, Object(Config\Cache), false)
#7 G:\OpenServer\domains\ht.hoconline.com\index.php(48): CodeIgniter\CodeIgniter->run()
#8 {main}
CRITICAL - 2021-10-26 23:06:03 --> Undefined index: order
#0 G:\OpenServer\domains\ht.hoconline.com\app\Views\backend\slide\slide\store.php(72): CodeIgniter\Debug\Exceptions->errorHandler(8, 'Undefined index...', 'G:\\OpenServer\\d...', 72, Array)
#1 G:\OpenServer\domains\ht.hoconline.com\vendor\codeigniter4\framework\system\View\View.php(246): include('G:\\OpenServer\\d...')
#2 G:\OpenServer\domains\ht.hoconline.com\vendor\codeigniter4\framework\system\Common.php(1119): CodeIgniter\View\View->render('backend/slide/s...', Array, true)
#3 G:\OpenServer\domains\ht.hoconline.com\app\Views\backend\slide\slide\create.php(16): view('backend/slide/s...')
#4 G:\OpenServer\domains\ht.hoconline.com\vendor\codeigniter4\framework\system\View\View.php(246): include('G:\\OpenServer\\d...')
#5 G:\OpenServer\domains\ht.hoconline.com\vendor\codeigniter4\framework\system\Common.php(1119): CodeIgniter\View\View->render('backend/slide/s...', Array, true)
#6 G:\OpenServer\domains\ht.hoconline.com\app\Views\backend\dashboard\layout\home.php(44): view('backend/slide/s...')
#7 G:\OpenServer\domains\ht.hoconline.com\vendor\codeigniter4\framework\system\View\View.php(246): include('G:\\OpenServer\\d...')
#8 G:\OpenServer\domains\ht.hoconline.com\vendor\codeigniter4\framework\system\Common.php(1119): CodeIgniter\View\View->render('backend/dashboa...', Array, true)
#9 G:\OpenServer\domains\ht.hoconline.com\app\Controllers\Backend\Slide\Slide.php(122): view('backend/dashboa...', Array)
#10 G:\OpenServer\domains\ht.hoconline.com\vendor\codeigniter4\framework\system\CodeIgniter.php(918): App\Controllers\Backend\Slide\Slide->create()
#11 G:\OpenServer\domains\ht.hoconline.com\vendor\codeigniter4\framework\system\CodeIgniter.php(404): CodeIgniter\CodeIgniter->runController(Object(App\Controllers\Backend\Slide\Slide))
#12 G:\OpenServer\domains\ht.hoconline.com\vendor\codeigniter4\framework\system\CodeIgniter.php(312): CodeIgniter\CodeIgniter->handleRequest(NULL, Object(Config\Cache), false)
#13 G:\OpenServer\domains\ht.hoconline.com\index.php(48): CodeIgniter\CodeIgniter->run()
#14 {main}
CRITICAL - 2021-10-26 23:06:31 --> insertBatch() called with no data
#0 G:\OpenServer\domains\ht.hoconline.com\app\Models\AutoloadModel.php(137): CodeIgniter\Database\BaseBuilder->insertBatch(Array)
#1 G:\OpenServer\domains\ht.hoconline.com\app\Controllers\Backend\Slide\Slide.php(99): App\Models\AutoloadModel->_create_batch(Array)
#2 G:\OpenServer\domains\ht.hoconline.com\vendor\codeigniter4\framework\system\CodeIgniter.php(918): App\Controllers\Backend\Slide\Slide->create()
#3 G:\OpenServer\domains\ht.hoconline.com\vendor\codeigniter4\framework\system\CodeIgniter.php(404): CodeIgniter\CodeIgniter->runController(Object(App\Controllers\Backend\Slide\Slide))
#4 G:\OpenServer\domains\ht.hoconline.com\vendor\codeigniter4\framework\system\CodeIgniter.php(312): CodeIgniter\CodeIgniter->handleRequest(NULL, Object(Config\Cache), false)
#5 G:\OpenServer\domains\ht.hoconline.com\index.php(48): CodeIgniter\CodeIgniter->run()
#6 {main}
