CRITICAL - 2021-11-17 02:28:44 --> Invalid file: frontend/homepage/home/index_vi.php
#0 /home/z9xvktuzkojp/public_html/vendor/codeigniter4/framework/system/View/View.php(228): CodeIgniter\Exceptions\FrameworkException::forInvalidFile('frontend/homepa...')
#1 /home/z9xvktuzkojp/public_html/vendor/codeigniter4/framework/system/Common.php(1119): CodeIgniter\View\View->render('frontend/homepa...', Array, true)
#2 /home/z9xvktuzkojp/public_html/app/Controllers/Frontend/Homepage/Home.php(65): view('frontend/homepa...', Array)
#3 /home/z9xvktuzkojp/public_html/vendor/codeigniter4/framework/system/CodeIgniter.php(918): App\Controllers\Frontend\Homepage\Home->index_vi()
#4 /home/z9xvktuzkojp/public_html/vendor/codeigniter4/framework/system/CodeIgniter.php(404): CodeIgniter\CodeIgniter->runController(Object(App\Controllers\Frontend\Homepage\Home))
#5 /home/z9xvktuzkojp/public_html/vendor/codeigniter4/framework/system/CodeIgniter.php(312): CodeIgniter\CodeIgniter->handleRequest(NULL, Object(Config\Cache), false)
#6 /home/z9xvktuzkojp/public_html/index.php(48): CodeIgniter\CodeIgniter->run()
#7 {main}
CRITICAL - 2021-11-17 02:36:32 --> syntax error, unexpected '-', expecting '('
#0 /home/z9xvktuzkojp/public_html/vendor/codeigniter4/framework/system/Autoloader/Autoloader.php(296): CodeIgniter\Autoloader\Autoloader->requireFile('/home/z9xvktuzk...')
#1 /home/z9xvktuzkojp/public_html/vendor/codeigniter4/framework/system/Autoloader/Autoloader.php(258): CodeIgniter\Autoloader\Autoloader->loadInNamespace('App\\Controllers...')
#2 [internal function]: CodeIgniter\Autoloader\Autoloader->loadClass('App\\Controllers...')
#3 [internal function]: spl_autoload_call('App\\Controllers...')
#4 /home/z9xvktuzkojp/public_html/vendor/codeigniter4/framework/system/CodeIgniter.php(869): class_exists('\\App\\Controller...', true)
#5 /home/z9xvktuzkojp/public_html/vendor/codeigniter4/framework/system/CodeIgniter.php(394): CodeIgniter\CodeIgniter->startController()
#6 /home/z9xvktuzkojp/public_html/vendor/codeigniter4/framework/system/CodeIgniter.php(312): CodeIgniter\CodeIgniter->handleRequest(NULL, Object(Config\Cache), false)
#7 /home/z9xvktuzkojp/public_html/index.php(48): CodeIgniter\CodeIgniter->run()
#8 {main}
CRITICAL - 2021-11-17 02:48:17 --> Invalid file: frontend/homepage/home/index_vi.php
#0 /home/z9xvktuzkojp/public_html/vendor/codeigniter4/framework/system/View/View.php(228): CodeIgniter\Exceptions\FrameworkException::forInvalidFile('frontend/homepa...')
#1 /home/z9xvktuzkojp/public_html/vendor/codeigniter4/framework/system/Common.php(1119): CodeIgniter\View\View->render('frontend/homepa...', Array, true)
#2 /home/z9xvktuzkojp/public_html/app/Controllers/Frontend/Homepage/Home.php(65): view('frontend/homepa...', Array)
#3 /home/z9xvktuzkojp/public_html/vendor/codeigniter4/framework/system/CodeIgniter.php(918): App\Controllers\Frontend\Homepage\Home->index_vi()
#4 /home/z9xvktuzkojp/public_html/vendor/codeigniter4/framework/system/CodeIgniter.php(404): CodeIgniter\CodeIgniter->runController(Object(App\Controllers\Frontend\Homepage\Home))
#5 /home/z9xvktuzkojp/public_html/vendor/codeigniter4/framework/system/CodeIgniter.php(312): CodeIgniter\CodeIgniter->handleRequest(NULL, Object(Config\Cache), false)
#6 /home/z9xvktuzkojp/public_html/index.php(48): CodeIgniter\CodeIgniter->run()
#7 {main}
CRITICAL - 2021-11-17 02:48:23 --> Invalid file: frontend/homepage/home/index_vi.php
#0 /home/z9xvktuzkojp/public_html/vendor/codeigniter4/framework/system/View/View.php(228): CodeIgniter\Exceptions\FrameworkException::forInvalidFile('frontend/homepa...')
#1 /home/z9xvktuzkojp/public_html/vendor/codeigniter4/framework/system/Common.php(1119): CodeIgniter\View\View->render('frontend/homepa...', Array, true)
#2 /home/z9xvktuzkojp/public_html/app/Controllers/Frontend/Homepage/Home.php(65): view('frontend/homepa...', Array)
#3 /home/z9xvktuzkojp/public_html/vendor/codeigniter4/framework/system/CodeIgniter.php(918): App\Controllers\Frontend\Homepage\Home->index_vi()
#4 /home/z9xvktuzkojp/public_html/vendor/codeigniter4/framework/system/CodeIgniter.php(404): CodeIgniter\CodeIgniter->runController(Object(App\Controllers\Frontend\Homepage\Home))
#5 /home/z9xvktuzkojp/public_html/vendor/codeigniter4/framework/system/CodeIgniter.php(312): CodeIgniter\CodeIgniter->handleRequest(NULL, Object(Config\Cache), false)
#6 /home/z9xvktuzkojp/public_html/index.php(48): CodeIgniter\CodeIgniter->run()
#7 {main}
CRITICAL - 2021-11-17 02:48:24 --> Invalid file: frontend/homepage/home/index_vi.php
#0 /home/z9xvktuzkojp/public_html/vendor/codeigniter4/framework/system/View/View.php(228): CodeIgniter\Exceptions\FrameworkException::forInvalidFile('frontend/homepa...')
#1 /home/z9xvktuzkojp/public_html/vendor/codeigniter4/framework/system/Common.php(1119): CodeIgniter\View\View->render('frontend/homepa...', Array, true)
#2 /home/z9xvktuzkojp/public_html/app/Controllers/Frontend/Homepage/Home.php(65): view('frontend/homepa...', Array)
#3 /home/z9xvktuzkojp/public_html/vendor/codeigniter4/framework/system/CodeIgniter.php(918): App\Controllers\Frontend\Homepage\Home->index_vi()
#4 /home/z9xvktuzkojp/public_html/vendor/codeigniter4/framework/system/CodeIgniter.php(404): CodeIgniter\CodeIgniter->runController(Object(App\Controllers\Frontend\Homepage\Home))
#5 /home/z9xvktuzkojp/public_html/vendor/codeigniter4/framework/system/CodeIgniter.php(312): CodeIgniter\CodeIgniter->handleRequest(NULL, Object(Config\Cache), false)
#6 /home/z9xvktuzkojp/public_html/index.php(48): CodeIgniter\CodeIgniter->run()
#7 {main}
CRITICAL - 2021-11-17 02:48:26 --> Invalid file: frontend/homepage/home/index_vi.php
#0 /home/z9xvktuzkojp/public_html/vendor/codeigniter4/framework/system/View/View.php(228): CodeIgniter\Exceptions\FrameworkException::forInvalidFile('frontend/homepa...')
#1 /home/z9xvktuzkojp/public_html/vendor/codeigniter4/framework/system/Common.php(1119): CodeIgniter\View\View->render('frontend/homepa...', Array, true)
#2 /home/z9xvktuzkojp/public_html/app/Controllers/Frontend/Homepage/Home.php(65): view('frontend/homepa...', Array)
#3 /home/z9xvktuzkojp/public_html/vendor/codeigniter4/framework/system/CodeIgniter.php(918): App\Controllers\Frontend\Homepage\Home->index_vi()
#4 /home/z9xvktuzkojp/public_html/vendor/codeigniter4/framework/system/CodeIgniter.php(404): CodeIgniter\CodeIgniter->runController(Object(App\Controllers\Frontend\Homepage\Home))
#5 /home/z9xvktuzkojp/public_html/vendor/codeigniter4/framework/system/CodeIgniter.php(312): CodeIgniter\CodeIgniter->handleRequest(NULL, Object(Config\Cache), false)
#6 /home/z9xvktuzkojp/public_html/index.php(48): CodeIgniter\CodeIgniter->run()
#7 {main}
