CRITICAL - 2021-11-16 20:55:20 --> Unable to connect to the database.
#0 /home/z9xvktuzkojp/public_html/vendor/codeigniter4/framework/system/Database/BaseConnection.php(646): CodeIgniter\Database\BaseConnection->initialize()
#1 /home/z9xvktuzkojp/public_html/vendor/codeigniter4/framework/system/Database/BaseBuilder.php(1860): CodeIgniter\Database\BaseConnection->query('SELECT `keyword...', Array, false)
#2 /home/z9xvktuzkojp/public_html/app/Models/AutoloadModel.php(76): CodeIgniter\Database\BaseBuilder->get()
#3 /home/z9xvktuzkojp/public_html/app/Helpers/mydatafrontend_helper.php(133): App\Models\AutoloadModel->_get_where(Array, true)
#4 /home/z9xvktuzkojp/public_html/app/Controllers/FrontendController.php(27): get_general('vi')
#5 /home/z9xvktuzkojp/public_html/vendor/codeigniter4/framework/system/CodeIgniter.php(891): App\Controllers\FrontendController->initController(Object(CodeIgniter\HTTP\IncomingRequest), Object(CodeIgniter\HTTP\Response), Object(CodeIgniter\Log\Logger))
#6 /home/z9xvktuzkojp/public_html/vendor/codeigniter4/framework/system/CodeIgniter.php(399): CodeIgniter\CodeIgniter->createController()
#7 /home/z9xvktuzkojp/public_html/vendor/codeigniter4/framework/system/CodeIgniter.php(312): CodeIgniter\CodeIgniter->handleRequest(NULL, Object(Config\Cache), false)
#8 /home/z9xvktuzkojp/public_html/index.php(48): CodeIgniter\CodeIgniter->run()
#9 {main}
CRITICAL - 2021-11-16 20:59:10 --> Unable to connect to the database.
#0 /home/z9xvktuzkojp/public_html/vendor/codeigniter4/framework/system/Database/BaseConnection.php(646): CodeIgniter\Database\BaseConnection->initialize()
#1 /home/z9xvktuzkojp/public_html/vendor/codeigniter4/framework/system/Database/BaseBuilder.php(1860): CodeIgniter\Database\BaseConnection->query('SELECT `keyword...', Array, false)
#2 /home/z9xvktuzkojp/public_html/app/Models/AutoloadModel.php(76): CodeIgniter\Database\BaseBuilder->get()
#3 /home/z9xvktuzkojp/public_html/app/Helpers/mydatafrontend_helper.php(133): App\Models\AutoloadModel->_get_where(Array, true)
#4 /home/z9xvktuzkojp/public_html/app/Controllers/FrontendController.php(27): get_general('vi')
#5 /home/z9xvktuzkojp/public_html/vendor/codeigniter4/framework/system/CodeIgniter.php(891): App\Controllers\FrontendController->initController(Object(CodeIgniter\HTTP\IncomingRequest), Object(CodeIgniter\HTTP\Response), Object(CodeIgniter\Log\Logger))
#6 /home/z9xvktuzkojp/public_html/vendor/codeigniter4/framework/system/CodeIgniter.php(399): CodeIgniter\CodeIgniter->createController()
#7 /home/z9xvktuzkojp/public_html/vendor/codeigniter4/framework/system/CodeIgniter.php(312): CodeIgniter\CodeIgniter->handleRequest(NULL, Object(Config\Cache), false)
#8 /home/z9xvktuzkojp/public_html/index.php(48): CodeIgniter\CodeIgniter->run()
#9 {main}
