CRITICAL - 2021-10-27 02:40:41 --> Undefined index: author
#0 G:\OpenServer\domains\ht.hoconline.com\app\Views\frontend\homepage\home\index.php(258): CodeIgniter\Debug\Exceptions->errorHandler(8, 'Undefined index...', 'G:\\OpenServer\\d...', 258, Array)
#1 G:\OpenServer\domains\ht.hoconline.com\vendor\codeigniter4\framework\system\View\View.php(246): include('G:\\OpenServer\\d...')
#2 G:\OpenServer\domains\ht.hoconline.com\vendor\codeigniter4\framework\system\Common.php(1119): CodeIgniter\View\View->render('frontend/homepa...', Array, true)
#3 G:\OpenServer\domains\ht.hoconline.com\app\Views\frontend\homepage\layout\home.php(71): view('frontend/homepa...')
#4 G:\OpenServer\domains\ht.hoconline.com\vendor\codeigniter4\framework\system\View\View.php(246): include('G:\\OpenServer\\d...')
#5 G:\OpenServer\domains\ht.hoconline.com\vendor\codeigniter4\framework\system\Common.php(1119): CodeIgniter\View\View->render('frontend/homepa...', Array, true)
#6 G:\OpenServer\domains\ht.hoconline.com\app\Controllers\Frontend\Homepage\Home.php(38): view('frontend/homepa...', Array)
#7 G:\OpenServer\domains\ht.hoconline.com\vendor\codeigniter4\framework\system\CodeIgniter.php(918): App\Controllers\Frontend\Homepage\Home->index()
#8 G:\OpenServer\domains\ht.hoconline.com\vendor\codeigniter4\framework\system\CodeIgniter.php(404): CodeIgniter\CodeIgniter->runController(Object(App\Controllers\Frontend\Homepage\Home))
#9 G:\OpenServer\domains\ht.hoconline.com\vendor\codeigniter4\framework\system\CodeIgniter.php(312): CodeIgniter\CodeIgniter->handleRequest(NULL, Object(Config\Cache), false)
#10 G:\OpenServer\domains\ht.hoconline.com\index.php(48): CodeIgniter\CodeIgniter->run()
#11 {main}
CRITICAL - 2021-10-27 02:41:10 --> Undefined variable: i
#0 G:\OpenServer\domains\ht.hoconline.com\app\Views\frontend\homepage\home\index.php(261): CodeIgniter\Debug\Exceptions->errorHandler(8, 'Undefined varia...', 'G:\\OpenServer\\d...', 261, Array)
#1 G:\OpenServer\domains\ht.hoconline.com\vendor\codeigniter4\framework\system\View\View.php(246): include('G:\\OpenServer\\d...')
#2 G:\OpenServer\domains\ht.hoconline.com\vendor\codeigniter4\framework\system\Common.php(1119): CodeIgniter\View\View->render('frontend/homepa...', Array, true)
#3 G:\OpenServer\domains\ht.hoconline.com\app\Views\frontend\homepage\layout\home.php(71): view('frontend/homepa...')
#4 G:\OpenServer\domains\ht.hoconline.com\vendor\codeigniter4\framework\system\View\View.php(246): include('G:\\OpenServer\\d...')
#5 G:\OpenServer\domains\ht.hoconline.com\vendor\codeigniter4\framework\system\Common.php(1119): CodeIgniter\View\View->render('frontend/homepa...', Array, true)
#6 G:\OpenServer\domains\ht.hoconline.com\app\Controllers\Frontend\Homepage\Home.php(38): view('frontend/homepa...', Array)
#7 G:\OpenServer\domains\ht.hoconline.com\vendor\codeigniter4\framework\system\CodeIgniter.php(918): App\Controllers\Frontend\Homepage\Home->index()
#8 G:\OpenServer\domains\ht.hoconline.com\vendor\codeigniter4\framework\system\CodeIgniter.php(404): CodeIgniter\CodeIgniter->runController(Object(App\Controllers\Frontend\Homepage\Home))
#9 G:\OpenServer\domains\ht.hoconline.com\vendor\codeigniter4\framework\system\CodeIgniter.php(312): CodeIgniter\CodeIgniter->handleRequest(NULL, Object(Config\Cache), false)
#10 G:\OpenServer\domains\ht.hoconline.com\index.php(48): CodeIgniter\CodeIgniter->run()
#11 {main}
CRITICAL - 2021-10-27 02:43:01 --> Undefined variable: faq
#0 G:\OpenServer\domains\ht.hoconline.com\app\Views\frontend\homepage\common\faq.php(1): CodeIgniter\Debug\Exceptions->errorHandler(8, 'Undefined varia...', 'G:\\OpenServer\\d...', 1, Array)
#1 G:\OpenServer\domains\ht.hoconline.com\vendor\codeigniter4\framework\system\View\View.php(246): include('G:\\OpenServer\\d...')
#2 G:\OpenServer\domains\ht.hoconline.com\vendor\codeigniter4\framework\system\Common.php(1119): CodeIgniter\View\View->render('frontend/homepa...', Array, true)
#3 G:\OpenServer\domains\ht.hoconline.com\app\Views\frontend\homepage\home\index.php(297): view('frontend/homepa...', Array)
#4 G:\OpenServer\domains\ht.hoconline.com\vendor\codeigniter4\framework\system\View\View.php(246): include('G:\\OpenServer\\d...')
#5 G:\OpenServer\domains\ht.hoconline.com\vendor\codeigniter4\framework\system\Common.php(1119): CodeIgniter\View\View->render('frontend/homepa...', Array, true)
#6 G:\OpenServer\domains\ht.hoconline.com\app\Views\frontend\homepage\layout\home.php(71): view('frontend/homepa...')
#7 G:\OpenServer\domains\ht.hoconline.com\vendor\codeigniter4\framework\system\View\View.php(246): include('G:\\OpenServer\\d...')
#8 G:\OpenServer\domains\ht.hoconline.com\vendor\codeigniter4\framework\system\Common.php(1119): CodeIgniter\View\View->render('frontend/homepa...', Array, true)
#9 G:\OpenServer\domains\ht.hoconline.com\app\Controllers\Frontend\Homepage\Home.php(38): view('frontend/homepa...', Array)
#10 G:\OpenServer\domains\ht.hoconline.com\vendor\codeigniter4\framework\system\CodeIgniter.php(918): App\Controllers\Frontend\Homepage\Home->index()
#11 G:\OpenServer\domains\ht.hoconline.com\vendor\codeigniter4\framework\system\CodeIgniter.php(404): CodeIgniter\CodeIgniter->runController(Object(App\Controllers\Frontend\Homepage\Home))
#12 G:\OpenServer\domains\ht.hoconline.com\vendor\codeigniter4\framework\system\CodeIgniter.php(312): CodeIgniter\CodeIgniter->handleRequest(NULL, Object(Config\Cache), false)
#13 G:\OpenServer\domains\ht.hoconline.com\index.php(48): CodeIgniter\CodeIgniter->run()
#14 {main}
CRITICAL - 2021-10-27 02:43:12 --> Illegal offset type
#0 G:\OpenServer\domains\ht.hoconline.com\app\Views\frontend\homepage\home\index.php(297): CodeIgniter\Debug\Exceptions->errorHandler(2, 'Illegal offset ...', 'G:\\OpenServer\\d...', 297, Array)
#1 G:\OpenServer\domains\ht.hoconline.com\vendor\codeigniter4\framework\system\View\View.php(246): include('G:\\OpenServer\\d...')
#2 G:\OpenServer\domains\ht.hoconline.com\vendor\codeigniter4\framework\system\Common.php(1119): CodeIgniter\View\View->render('frontend/homepa...', Array, true)
#3 G:\OpenServer\domains\ht.hoconline.com\app\Views\frontend\homepage\layout\home.php(71): view('frontend/homepa...')
#4 G:\OpenServer\domains\ht.hoconline.com\vendor\codeigniter4\framework\system\View\View.php(246): include('G:\\OpenServer\\d...')
#5 G:\OpenServer\domains\ht.hoconline.com\vendor\codeigniter4\framework\system\Common.php(1119): CodeIgniter\View\View->render('frontend/homepa...', Array, true)
#6 G:\OpenServer\domains\ht.hoconline.com\app\Controllers\Frontend\Homepage\Home.php(38): view('frontend/homepa...', Array)
#7 G:\OpenServer\domains\ht.hoconline.com\vendor\codeigniter4\framework\system\CodeIgniter.php(918): App\Controllers\Frontend\Homepage\Home->index()
#8 G:\OpenServer\domains\ht.hoconline.com\vendor\codeigniter4\framework\system\CodeIgniter.php(404): CodeIgniter\CodeIgniter->runController(Object(App\Controllers\Frontend\Homepage\Home))
#9 G:\OpenServer\domains\ht.hoconline.com\vendor\codeigniter4\framework\system\CodeIgniter.php(312): CodeIgniter\CodeIgniter->handleRequest(NULL, Object(Config\Cache), false)
#10 G:\OpenServer\domains\ht.hoconline.com\index.php(48): CodeIgniter\CodeIgniter->run()
#11 {main}
CRITICAL - 2021-10-27 03:01:46 --> Undefined index: image
#0 G:\OpenServer\domains\ht.hoconline.com\app\Views\frontend\homepage\common\footer.php(24): CodeIgniter\Debug\Exceptions->errorHandler(8, 'Undefined index...', 'G:\\OpenServer\\d...', 24, Array)
#1 G:\OpenServer\domains\ht.hoconline.com\vendor\codeigniter4\framework\system\View\View.php(246): include('G:\\OpenServer\\d...')
#2 G:\OpenServer\domains\ht.hoconline.com\vendor\codeigniter4\framework\system\Common.php(1119): CodeIgniter\View\View->render('frontend/homepa...', Array, true)
#3 G:\OpenServer\domains\ht.hoconline.com\app\Views\frontend\homepage\layout\home.php(73): view('frontend/homepa...')
#4 G:\OpenServer\domains\ht.hoconline.com\vendor\codeigniter4\framework\system\View\View.php(246): include('G:\\OpenServer\\d...')
#5 G:\OpenServer\domains\ht.hoconline.com\vendor\codeigniter4\framework\system\Common.php(1119): CodeIgniter\View\View->render('frontend/homepa...', Array, true)
#6 G:\OpenServer\domains\ht.hoconline.com\app\Controllers\Frontend\Homepage\Home.php(38): view('frontend/homepa...', Array)
#7 G:\OpenServer\domains\ht.hoconline.com\vendor\codeigniter4\framework\system\CodeIgniter.php(918): App\Controllers\Frontend\Homepage\Home->index()
#8 G:\OpenServer\domains\ht.hoconline.com\vendor\codeigniter4\framework\system\CodeIgniter.php(404): CodeIgniter\CodeIgniter->runController(Object(App\Controllers\Frontend\Homepage\Home))
#9 G:\OpenServer\domains\ht.hoconline.com\vendor\codeigniter4\framework\system\CodeIgniter.php(312): CodeIgniter\CodeIgniter->handleRequest(NULL, Object(Config\Cache), false)
#10 G:\OpenServer\domains\ht.hoconline.com\index.php(48): CodeIgniter\CodeIgniter->run()
#11 {main}
CRITICAL - 2021-10-27 03:04:57 --> Undefined variable: faq
#0 G:\OpenServer\domains\ht.hoconline.com\app\Views\frontend\homepage\common\faq.php(4): CodeIgniter\Debug\Exceptions->errorHandler(8, 'Undefined varia...', 'G:\\OpenServer\\d...', 4, Array)
#1 G:\OpenServer\domains\ht.hoconline.com\vendor\codeigniter4\framework\system\View\View.php(246): include('G:\\OpenServer\\d...')
#2 G:\OpenServer\domains\ht.hoconline.com\vendor\codeigniter4\framework\system\Common.php(1119): CodeIgniter\View\View->render('frontend/homepa...', Array, true)
#3 G:\OpenServer\domains\ht.hoconline.com\app\Views\frontend\product\product\index.php(173): view('frontend/homepa...')
#4 G:\OpenServer\domains\ht.hoconline.com\vendor\codeigniter4\framework\system\View\View.php(246): include('G:\\OpenServer\\d...')
#5 G:\OpenServer\domains\ht.hoconline.com\vendor\codeigniter4\framework\system\Common.php(1119): CodeIgniter\View\View->render('frontend/produc...', Array, true)
#6 G:\OpenServer\domains\ht.hoconline.com\app\Views\frontend\homepage\layout\home.php(71): view('frontend/produc...')
#7 G:\OpenServer\domains\ht.hoconline.com\vendor\codeigniter4\framework\system\View\View.php(246): include('G:\\OpenServer\\d...')
#8 G:\OpenServer\domains\ht.hoconline.com\vendor\codeigniter4\framework\system\Common.php(1119): CodeIgniter\View\View->render('frontend/homepa...', Array, true)
#9 G:\OpenServer\domains\ht.hoconline.com\app\Controllers\Frontend\Product\Product.php(123): view('frontend/homepa...', Array)
#10 G:\OpenServer\domains\ht.hoconline.com\vendor\codeigniter4\framework\system\View\Cell.php(180): App\Controllers\Frontend\Product\Product->index(Array, '1')
#11 G:\OpenServer\domains\ht.hoconline.com\vendor\codeigniter4\framework\system\Common.php(1140): CodeIgniter\View\Cell->render('\\App\\Controller...', 'id=4, page=1', 0, 'AppControllersF...')
#12 G:\OpenServer\domains\ht.hoconline.com\app\Controllers\Frontend\Homepage\Router.php(59): view_cell('\\App\\Controller...', 'id=4, page=1')
#13 G:\OpenServer\domains\ht.hoconline.com\vendor\codeigniter4\framework\system\CodeIgniter.php(918): App\Controllers\Frontend\Homepage\Router->index('teaches-wildern...')
#14 G:\OpenServer\domains\ht.hoconline.com\vendor\codeigniter4\framework\system\CodeIgniter.php(404): CodeIgniter\CodeIgniter->runController(Object(App\Controllers\Frontend\Homepage\Router))
#15 G:\OpenServer\domains\ht.hoconline.com\vendor\codeigniter4\framework\system\CodeIgniter.php(312): CodeIgniter\CodeIgniter->handleRequest(NULL, Object(Config\Cache), false)
#16 G:\OpenServer\domains\ht.hoconline.com\index.php(48): CodeIgniter\CodeIgniter->run()
#17 {main}
CRITICAL - 2021-10-27 03:06:09 --> Undefined variable: faq
#0 G:\OpenServer\domains\ht.hoconline.com\app\Views\frontend\homepage\common\faq.php(4): CodeIgniter\Debug\Exceptions->errorHandler(8, 'Undefined varia...', 'G:\\OpenServer\\d...', 4, Array)
#1 G:\OpenServer\domains\ht.hoconline.com\vendor\codeigniter4\framework\system\View\View.php(246): include('G:\\OpenServer\\d...')
#2 G:\OpenServer\domains\ht.hoconline.com\vendor\codeigniter4\framework\system\Common.php(1119): CodeIgniter\View\View->render('frontend/homepa...', Array, true)
#3 G:\OpenServer\domains\ht.hoconline.com\app\Views\frontend\product\product\index.php(175): view('frontend/homepa...')
#4 G:\OpenServer\domains\ht.hoconline.com\vendor\codeigniter4\framework\system\View\View.php(246): include('G:\\OpenServer\\d...')
#5 G:\OpenServer\domains\ht.hoconline.com\vendor\codeigniter4\framework\system\Common.php(1119): CodeIgniter\View\View->render('frontend/produc...', Array, true)
#6 G:\OpenServer\domains\ht.hoconline.com\app\Views\frontend\homepage\layout\home.php(71): view('frontend/produc...')
#7 G:\OpenServer\domains\ht.hoconline.com\vendor\codeigniter4\framework\system\View\View.php(246): include('G:\\OpenServer\\d...')
#8 G:\OpenServer\domains\ht.hoconline.com\vendor\codeigniter4\framework\system\Common.php(1119): CodeIgniter\View\View->render('frontend/homepa...', Array, true)
#9 G:\OpenServer\domains\ht.hoconline.com\app\Controllers\Frontend\Product\Product.php(123): view('frontend/homepa...', Array)
#10 G:\OpenServer\domains\ht.hoconline.com\vendor\codeigniter4\framework\system\View\Cell.php(180): App\Controllers\Frontend\Product\Product->index(Array, '1')
#11 G:\OpenServer\domains\ht.hoconline.com\vendor\codeigniter4\framework\system\Common.php(1140): CodeIgniter\View\Cell->render('\\App\\Controller...', 'id=4, page=1', 0, 'AppControllersF...')
#12 G:\OpenServer\domains\ht.hoconline.com\app\Controllers\Frontend\Homepage\Router.php(59): view_cell('\\App\\Controller...', 'id=4, page=1')
#13 G:\OpenServer\domains\ht.hoconline.com\vendor\codeigniter4\framework\system\CodeIgniter.php(918): App\Controllers\Frontend\Homepage\Router->index('teaches-wildern...')
#14 G:\OpenServer\domains\ht.hoconline.com\vendor\codeigniter4\framework\system\CodeIgniter.php(404): CodeIgniter\CodeIgniter->runController(Object(App\Controllers\Frontend\Homepage\Router))
#15 G:\OpenServer\domains\ht.hoconline.com\vendor\codeigniter4\framework\system\CodeIgniter.php(312): CodeIgniter\CodeIgniter->handleRequest(NULL, Object(Config\Cache), false)
#16 G:\OpenServer\domains\ht.hoconline.com\index.php(48): CodeIgniter\CodeIgniter->run()
#17 {main}
CRITICAL - 2021-10-27 03:06:20 --> Undefined variable: faq
#0 G:\OpenServer\domains\ht.hoconline.com\app\Views\frontend\homepage\common\faq.php(4): CodeIgniter\Debug\Exceptions->errorHandler(8, 'Undefined varia...', 'G:\\OpenServer\\d...', 4, Array)
#1 G:\OpenServer\domains\ht.hoconline.com\vendor\codeigniter4\framework\system\View\View.php(246): include('G:\\OpenServer\\d...')
#2 G:\OpenServer\domains\ht.hoconline.com\vendor\codeigniter4\framework\system\Common.php(1119): CodeIgniter\View\View->render('frontend/homepa...', Array, true)
#3 G:\OpenServer\domains\ht.hoconline.com\app\Views\frontend\product\product\index.php(175): view('frontend/homepa...')
#4 G:\OpenServer\domains\ht.hoconline.com\vendor\codeigniter4\framework\system\View\View.php(246): include('G:\\OpenServer\\d...')
#5 G:\OpenServer\domains\ht.hoconline.com\vendor\codeigniter4\framework\system\Common.php(1119): CodeIgniter\View\View->render('frontend/produc...', Array, true)
#6 G:\OpenServer\domains\ht.hoconline.com\app\Views\frontend\homepage\layout\home.php(71): view('frontend/produc...')
#7 G:\OpenServer\domains\ht.hoconline.com\vendor\codeigniter4\framework\system\View\View.php(246): include('G:\\OpenServer\\d...')
#8 G:\OpenServer\domains\ht.hoconline.com\vendor\codeigniter4\framework\system\Common.php(1119): CodeIgniter\View\View->render('frontend/homepa...', Array, true)
#9 G:\OpenServer\domains\ht.hoconline.com\app\Controllers\Frontend\Product\Product.php(123): view('frontend/homepa...', Array)
#10 G:\OpenServer\domains\ht.hoconline.com\vendor\codeigniter4\framework\system\View\Cell.php(180): App\Controllers\Frontend\Product\Product->index(Array, '1')
#11 G:\OpenServer\domains\ht.hoconline.com\vendor\codeigniter4\framework\system\Common.php(1140): CodeIgniter\View\Cell->render('\\App\\Controller...', 'id=4, page=1', 0, 'AppControllersF...')
#12 G:\OpenServer\domains\ht.hoconline.com\app\Controllers\Frontend\Homepage\Router.php(59): view_cell('\\App\\Controller...', 'id=4, page=1')
#13 G:\OpenServer\domains\ht.hoconline.com\vendor\codeigniter4\framework\system\CodeIgniter.php(918): App\Controllers\Frontend\Homepage\Router->index('teaches-wildern...')
#14 G:\OpenServer\domains\ht.hoconline.com\vendor\codeigniter4\framework\system\CodeIgniter.php(404): CodeIgniter\CodeIgniter->runController(Object(App\Controllers\Frontend\Homepage\Router))
#15 G:\OpenServer\domains\ht.hoconline.com\vendor\codeigniter4\framework\system\CodeIgniter.php(312): CodeIgniter\CodeIgniter->handleRequest(NULL, Object(Config\Cache), false)
#16 G:\OpenServer\domains\ht.hoconline.com\index.php(48): CodeIgniter\CodeIgniter->run()
#17 {main}
CRITICAL - 2021-10-27 03:07:32 --> Undefined variable: faq
#0 G:\OpenServer\domains\ht.hoconline.com\app\Views\frontend\homepage\common\faq.php(4): CodeIgniter\Debug\Exceptions->errorHandler(8, 'Undefined varia...', 'G:\\OpenServer\\d...', 4, Array)
#1 G:\OpenServer\domains\ht.hoconline.com\vendor\codeigniter4\framework\system\View\View.php(246): include('G:\\OpenServer\\d...')
#2 G:\OpenServer\domains\ht.hoconline.com\vendor\codeigniter4\framework\system\Common.php(1119): CodeIgniter\View\View->render('frontend/homepa...', Array, true)
#3 G:\OpenServer\domains\ht.hoconline.com\app\Views\frontend\product\product\index.php(175): view('frontend/homepa...')
#4 G:\OpenServer\domains\ht.hoconline.com\vendor\codeigniter4\framework\system\View\View.php(246): include('G:\\OpenServer\\d...')
#5 G:\OpenServer\domains\ht.hoconline.com\vendor\codeigniter4\framework\system\Common.php(1119): CodeIgniter\View\View->render('frontend/produc...', Array, true)
#6 G:\OpenServer\domains\ht.hoconline.com\app\Views\frontend\homepage\layout\home.php(71): view('frontend/produc...')
#7 G:\OpenServer\domains\ht.hoconline.com\vendor\codeigniter4\framework\system\View\View.php(246): include('G:\\OpenServer\\d...')
#8 G:\OpenServer\domains\ht.hoconline.com\vendor\codeigniter4\framework\system\Common.php(1119): CodeIgniter\View\View->render('frontend/homepa...', Array, true)
#9 G:\OpenServer\domains\ht.hoconline.com\app\Controllers\Frontend\Product\Product.php(123): view('frontend/homepa...', Array)
#10 G:\OpenServer\domains\ht.hoconline.com\vendor\codeigniter4\framework\system\View\Cell.php(180): App\Controllers\Frontend\Product\Product->index(Array, '1')
#11 G:\OpenServer\domains\ht.hoconline.com\vendor\codeigniter4\framework\system\Common.php(1140): CodeIgniter\View\Cell->render('\\App\\Controller...', 'id=4, page=1', 0, 'AppControllersF...')
#12 G:\OpenServer\domains\ht.hoconline.com\app\Controllers\Frontend\Homepage\Router.php(59): view_cell('\\App\\Controller...', 'id=4, page=1')
#13 G:\OpenServer\domains\ht.hoconline.com\vendor\codeigniter4\framework\system\CodeIgniter.php(918): App\Controllers\Frontend\Homepage\Router->index('teaches-wildern...')
#14 G:\OpenServer\domains\ht.hoconline.com\vendor\codeigniter4\framework\system\CodeIgniter.php(404): CodeIgniter\CodeIgniter->runController(Object(App\Controllers\Frontend\Homepage\Router))
#15 G:\OpenServer\domains\ht.hoconline.com\vendor\codeigniter4\framework\system\CodeIgniter.php(312): CodeIgniter\CodeIgniter->handleRequest(NULL, Object(Config\Cache), false)
#16 G:\OpenServer\domains\ht.hoconline.com\index.php(48): CodeIgniter\CodeIgniter->run()
#17 {main}
CRITICAL - 2021-10-27 03:08:13 --> Undefined variable: faq
#0 G:\OpenServer\domains\ht.hoconline.com\app\Views\frontend\homepage\common\faq.php(4): CodeIgniter\Debug\Exceptions->errorHandler(8, 'Undefined varia...', 'G:\\OpenServer\\d...', 4, Array)
#1 G:\OpenServer\domains\ht.hoconline.com\vendor\codeigniter4\framework\system\View\View.php(246): include('G:\\OpenServer\\d...')
#2 G:\OpenServer\domains\ht.hoconline.com\vendor\codeigniter4\framework\system\Common.php(1119): CodeIgniter\View\View->render('frontend/homepa...', Array, true)
#3 G:\OpenServer\domains\ht.hoconline.com\app\Views\frontend\product\product\index.php(175): view('frontend/homepa...')
#4 G:\OpenServer\domains\ht.hoconline.com\vendor\codeigniter4\framework\system\View\View.php(246): include('G:\\OpenServer\\d...')
#5 G:\OpenServer\domains\ht.hoconline.com\vendor\codeigniter4\framework\system\Common.php(1119): CodeIgniter\View\View->render('frontend/produc...', Array, true)
#6 G:\OpenServer\domains\ht.hoconline.com\app\Views\frontend\homepage\layout\home.php(71): view('frontend/produc...')
#7 G:\OpenServer\domains\ht.hoconline.com\vendor\codeigniter4\framework\system\View\View.php(246): include('G:\\OpenServer\\d...')
#8 G:\OpenServer\domains\ht.hoconline.com\vendor\codeigniter4\framework\system\Common.php(1119): CodeIgniter\View\View->render('frontend/homepa...', Array, true)
#9 G:\OpenServer\domains\ht.hoconline.com\app\Controllers\Frontend\Product\Product.php(123): view('frontend/homepa...', Array)
#10 G:\OpenServer\domains\ht.hoconline.com\vendor\codeigniter4\framework\system\View\Cell.php(180): App\Controllers\Frontend\Product\Product->index(Array, '1')
#11 G:\OpenServer\domains\ht.hoconline.com\vendor\codeigniter4\framework\system\Common.php(1140): CodeIgniter\View\Cell->render('\\App\\Controller...', 'id=4, page=1', 0, 'AppControllersF...')
#12 G:\OpenServer\domains\ht.hoconline.com\app\Controllers\Frontend\Homepage\Router.php(59): view_cell('\\App\\Controller...', 'id=4, page=1')
#13 G:\OpenServer\domains\ht.hoconline.com\vendor\codeigniter4\framework\system\CodeIgniter.php(918): App\Controllers\Frontend\Homepage\Router->index('teaches-wildern...')
#14 G:\OpenServer\domains\ht.hoconline.com\vendor\codeigniter4\framework\system\CodeIgniter.php(404): CodeIgniter\CodeIgniter->runController(Object(App\Controllers\Frontend\Homepage\Router))
#15 G:\OpenServer\domains\ht.hoconline.com\vendor\codeigniter4\framework\system\CodeIgniter.php(312): CodeIgniter\CodeIgniter->handleRequest(NULL, Object(Config\Cache), false)
#16 G:\OpenServer\domains\ht.hoconline.com\index.php(48): CodeIgniter\CodeIgniter->run()
#17 {main}
CRITICAL - 2021-10-27 03:08:30 --> Undefined variable: faq
#0 G:\OpenServer\domains\ht.hoconline.com\app\Views\frontend\homepage\common\faq.php(4): CodeIgniter\Debug\Exceptions->errorHandler(8, 'Undefined varia...', 'G:\\OpenServer\\d...', 4, Array)
#1 G:\OpenServer\domains\ht.hoconline.com\vendor\codeigniter4\framework\system\View\View.php(246): include('G:\\OpenServer\\d...')
#2 G:\OpenServer\domains\ht.hoconline.com\vendor\codeigniter4\framework\system\Common.php(1119): CodeIgniter\View\View->render('frontend/homepa...', Array, true)
#3 G:\OpenServer\domains\ht.hoconline.com\app\Views\frontend\product\product\index.php(175): view('frontend/homepa...')
#4 G:\OpenServer\domains\ht.hoconline.com\vendor\codeigniter4\framework\system\View\View.php(246): include('G:\\OpenServer\\d...')
#5 G:\OpenServer\domains\ht.hoconline.com\vendor\codeigniter4\framework\system\Common.php(1119): CodeIgniter\View\View->render('frontend/produc...', Array, true)
#6 G:\OpenServer\domains\ht.hoconline.com\app\Views\frontend\homepage\layout\home.php(71): view('frontend/produc...')
#7 G:\OpenServer\domains\ht.hoconline.com\vendor\codeigniter4\framework\system\View\View.php(246): include('G:\\OpenServer\\d...')
#8 G:\OpenServer\domains\ht.hoconline.com\vendor\codeigniter4\framework\system\Common.php(1119): CodeIgniter\View\View->render('frontend/homepa...', Array, true)
#9 G:\OpenServer\domains\ht.hoconline.com\app\Controllers\Frontend\Product\Product.php(123): view('frontend/homepa...', Array)
#10 G:\OpenServer\domains\ht.hoconline.com\vendor\codeigniter4\framework\system\View\Cell.php(180): App\Controllers\Frontend\Product\Product->index(Array, '1')
#11 G:\OpenServer\domains\ht.hoconline.com\vendor\codeigniter4\framework\system\Common.php(1140): CodeIgniter\View\Cell->render('\\App\\Controller...', 'id=4, page=1', 0, 'AppControllersF...')
#12 G:\OpenServer\domains\ht.hoconline.com\app\Controllers\Frontend\Homepage\Router.php(59): view_cell('\\App\\Controller...', 'id=4, page=1')
#13 G:\OpenServer\domains\ht.hoconline.com\vendor\codeigniter4\framework\system\CodeIgniter.php(918): App\Controllers\Frontend\Homepage\Router->index('teaches-wildern...')
#14 G:\OpenServer\domains\ht.hoconline.com\vendor\codeigniter4\framework\system\CodeIgniter.php(404): CodeIgniter\CodeIgniter->runController(Object(App\Controllers\Frontend\Homepage\Router))
#15 G:\OpenServer\domains\ht.hoconline.com\vendor\codeigniter4\framework\system\CodeIgniter.php(312): CodeIgniter\CodeIgniter->handleRequest(NULL, Object(Config\Cache), false)
#16 G:\OpenServer\domains\ht.hoconline.com\index.php(48): CodeIgniter\CodeIgniter->run()
#17 {main}
CRITICAL - 2021-10-27 03:08:41 --> Undefined variable: faq
#0 G:\OpenServer\domains\ht.hoconline.com\app\Views\frontend\homepage\common\faq.php(4): CodeIgniter\Debug\Exceptions->errorHandler(8, 'Undefined varia...', 'G:\\OpenServer\\d...', 4, Array)
#1 G:\OpenServer\domains\ht.hoconline.com\vendor\codeigniter4\framework\system\View\View.php(246): include('G:\\OpenServer\\d...')
#2 G:\OpenServer\domains\ht.hoconline.com\vendor\codeigniter4\framework\system\Common.php(1119): CodeIgniter\View\View->render('frontend/homepa...', Array, true)
#3 G:\OpenServer\domains\ht.hoconline.com\app\Views\frontend\product\product\index.php(175): view('frontend/homepa...')
#4 G:\OpenServer\domains\ht.hoconline.com\vendor\codeigniter4\framework\system\View\View.php(246): include('G:\\OpenServer\\d...')
#5 G:\OpenServer\domains\ht.hoconline.com\vendor\codeigniter4\framework\system\Common.php(1119): CodeIgniter\View\View->render('frontend/produc...', Array, true)
#6 G:\OpenServer\domains\ht.hoconline.com\app\Views\frontend\homepage\layout\home.php(71): view('frontend/produc...')
#7 G:\OpenServer\domains\ht.hoconline.com\vendor\codeigniter4\framework\system\View\View.php(246): include('G:\\OpenServer\\d...')
#8 G:\OpenServer\domains\ht.hoconline.com\vendor\codeigniter4\framework\system\Common.php(1119): CodeIgniter\View\View->render('frontend/homepa...', Array, true)
#9 G:\OpenServer\domains\ht.hoconline.com\app\Controllers\Frontend\Product\Product.php(123): view('frontend/homepa...', Array)
#10 G:\OpenServer\domains\ht.hoconline.com\vendor\codeigniter4\framework\system\View\Cell.php(180): App\Controllers\Frontend\Product\Product->index(Array, '1')
#11 G:\OpenServer\domains\ht.hoconline.com\vendor\codeigniter4\framework\system\Common.php(1140): CodeIgniter\View\Cell->render('\\App\\Controller...', 'id=4, page=1', 0, 'AppControllersF...')
#12 G:\OpenServer\domains\ht.hoconline.com\app\Controllers\Frontend\Homepage\Router.php(59): view_cell('\\App\\Controller...', 'id=4, page=1')
#13 G:\OpenServer\domains\ht.hoconline.com\vendor\codeigniter4\framework\system\CodeIgniter.php(918): App\Controllers\Frontend\Homepage\Router->index('teaches-wildern...')
#14 G:\OpenServer\domains\ht.hoconline.com\vendor\codeigniter4\framework\system\CodeIgniter.php(404): CodeIgniter\CodeIgniter->runController(Object(App\Controllers\Frontend\Homepage\Router))
#15 G:\OpenServer\domains\ht.hoconline.com\vendor\codeigniter4\framework\system\CodeIgniter.php(312): CodeIgniter\CodeIgniter->handleRequest(NULL, Object(Config\Cache), false)
#16 G:\OpenServer\domains\ht.hoconline.com\index.php(48): CodeIgniter\CodeIgniter->run()
#17 {main}
CRITICAL - 2021-10-27 03:09:09 --> Undefined variable: faq
#0 G:\OpenServer\domains\ht.hoconline.com\app\Views\frontend\homepage\common\faq.php(4): CodeIgniter\Debug\Exceptions->errorHandler(8, 'Undefined varia...', 'G:\\OpenServer\\d...', 4, Array)
#1 G:\OpenServer\domains\ht.hoconline.com\vendor\codeigniter4\framework\system\View\View.php(246): include('G:\\OpenServer\\d...')
#2 G:\OpenServer\domains\ht.hoconline.com\vendor\codeigniter4\framework\system\Common.php(1119): CodeIgniter\View\View->render('frontend/homepa...', Array, true)
#3 G:\OpenServer\domains\ht.hoconline.com\app\Views\frontend\product\product\index.php(175): view('frontend/homepa...')
#4 G:\OpenServer\domains\ht.hoconline.com\vendor\codeigniter4\framework\system\View\View.php(246): include('G:\\OpenServer\\d...')
#5 G:\OpenServer\domains\ht.hoconline.com\vendor\codeigniter4\framework\system\Common.php(1119): CodeIgniter\View\View->render('frontend/produc...', Array, true)
#6 G:\OpenServer\domains\ht.hoconline.com\app\Views\frontend\homepage\layout\home.php(71): view('frontend/produc...')
#7 G:\OpenServer\domains\ht.hoconline.com\vendor\codeigniter4\framework\system\View\View.php(246): include('G:\\OpenServer\\d...')
#8 G:\OpenServer\domains\ht.hoconline.com\vendor\codeigniter4\framework\system\Common.php(1119): CodeIgniter\View\View->render('frontend/homepa...', Array, true)
#9 G:\OpenServer\domains\ht.hoconline.com\app\Controllers\Frontend\Product\Product.php(123): view('frontend/homepa...', Array)
#10 G:\OpenServer\domains\ht.hoconline.com\vendor\codeigniter4\framework\system\View\Cell.php(180): App\Controllers\Frontend\Product\Product->index(Array, '1')
#11 G:\OpenServer\domains\ht.hoconline.com\vendor\codeigniter4\framework\system\Common.php(1140): CodeIgniter\View\Cell->render('\\App\\Controller...', 'id=4, page=1', 0, 'AppControllersF...')
#12 G:\OpenServer\domains\ht.hoconline.com\app\Controllers\Frontend\Homepage\Router.php(59): view_cell('\\App\\Controller...', 'id=4, page=1')
#13 G:\OpenServer\domains\ht.hoconline.com\vendor\codeigniter4\framework\system\CodeIgniter.php(918): App\Controllers\Frontend\Homepage\Router->index('teaches-wildern...')
#14 G:\OpenServer\domains\ht.hoconline.com\vendor\codeigniter4\framework\system\CodeIgniter.php(404): CodeIgniter\CodeIgniter->runController(Object(App\Controllers\Frontend\Homepage\Router))
#15 G:\OpenServer\domains\ht.hoconline.com\vendor\codeigniter4\framework\system\CodeIgniter.php(312): CodeIgniter\CodeIgniter->handleRequest(NULL, Object(Config\Cache), false)
#16 G:\OpenServer\domains\ht.hoconline.com\index.php(48): CodeIgniter\CodeIgniter->run()
#17 {main}
CRITICAL - 2021-10-27 03:09:41 --> Undefined variable: faq
#0 G:\OpenServer\domains\ht.hoconline.com\app\Views\frontend\homepage\common\faq.php(4): CodeIgniter\Debug\Exceptions->errorHandler(8, 'Undefined varia...', 'G:\\OpenServer\\d...', 4, Array)
#1 G:\OpenServer\domains\ht.hoconline.com\vendor\codeigniter4\framework\system\View\View.php(246): include('G:\\OpenServer\\d...')
#2 G:\OpenServer\domains\ht.hoconline.com\vendor\codeigniter4\framework\system\Common.php(1119): CodeIgniter\View\View->render('frontend/homepa...', Array, true)
#3 G:\OpenServer\domains\ht.hoconline.com\app\Views\frontend\product\product\index.php(175): view('frontend/homepa...')
#4 G:\OpenServer\domains\ht.hoconline.com\vendor\codeigniter4\framework\system\View\View.php(246): include('G:\\OpenServer\\d...')
#5 G:\OpenServer\domains\ht.hoconline.com\vendor\codeigniter4\framework\system\Common.php(1119): CodeIgniter\View\View->render('frontend/produc...', Array, true)
#6 G:\OpenServer\domains\ht.hoconline.com\app\Views\frontend\homepage\layout\home.php(71): view('frontend/produc...')
#7 G:\OpenServer\domains\ht.hoconline.com\vendor\codeigniter4\framework\system\View\View.php(246): include('G:\\OpenServer\\d...')
#8 G:\OpenServer\domains\ht.hoconline.com\vendor\codeigniter4\framework\system\Common.php(1119): CodeIgniter\View\View->render('frontend/homepa...', Array, true)
#9 G:\OpenServer\domains\ht.hoconline.com\app\Controllers\Frontend\Product\Product.php(123): view('frontend/homepa...', Array)
#10 G:\OpenServer\domains\ht.hoconline.com\vendor\codeigniter4\framework\system\View\Cell.php(180): App\Controllers\Frontend\Product\Product->index(Array, '1')
#11 G:\OpenServer\domains\ht.hoconline.com\vendor\codeigniter4\framework\system\Common.php(1140): CodeIgniter\View\Cell->render('\\App\\Controller...', 'id=4, page=1', 0, 'AppControllersF...')
#12 G:\OpenServer\domains\ht.hoconline.com\app\Controllers\Frontend\Homepage\Router.php(59): view_cell('\\App\\Controller...', 'id=4, page=1')
#13 G:\OpenServer\domains\ht.hoconline.com\vendor\codeigniter4\framework\system\CodeIgniter.php(918): App\Controllers\Frontend\Homepage\Router->index('teaches-wildern...')
#14 G:\OpenServer\domains\ht.hoconline.com\vendor\codeigniter4\framework\system\CodeIgniter.php(404): CodeIgniter\CodeIgniter->runController(Object(App\Controllers\Frontend\Homepage\Router))
#15 G:\OpenServer\domains\ht.hoconline.com\vendor\codeigniter4\framework\system\CodeIgniter.php(312): CodeIgniter\CodeIgniter->handleRequest(NULL, Object(Config\Cache), false)
#16 G:\OpenServer\domains\ht.hoconline.com\index.php(48): CodeIgniter\CodeIgniter->run()
#17 {main}
CRITICAL - 2021-10-27 03:09:45 --> Undefined variable: faq
#0 G:\OpenServer\domains\ht.hoconline.com\app\Views\frontend\homepage\common\faq.php(4): CodeIgniter\Debug\Exceptions->errorHandler(8, 'Undefined varia...', 'G:\\OpenServer\\d...', 4, Array)
#1 G:\OpenServer\domains\ht.hoconline.com\vendor\codeigniter4\framework\system\View\View.php(246): include('G:\\OpenServer\\d...')
#2 G:\OpenServer\domains\ht.hoconline.com\vendor\codeigniter4\framework\system\Common.php(1119): CodeIgniter\View\View->render('frontend/homepa...', Array, true)
#3 G:\OpenServer\domains\ht.hoconline.com\app\Views\frontend\product\product\index.php(175): view('frontend/homepa...')
#4 G:\OpenServer\domains\ht.hoconline.com\vendor\codeigniter4\framework\system\View\View.php(246): include('G:\\OpenServer\\d...')
#5 G:\OpenServer\domains\ht.hoconline.com\vendor\codeigniter4\framework\system\Common.php(1119): CodeIgniter\View\View->render('frontend/produc...', Array, true)
#6 G:\OpenServer\domains\ht.hoconline.com\app\Views\frontend\homepage\layout\home.php(71): view('frontend/produc...')
#7 G:\OpenServer\domains\ht.hoconline.com\vendor\codeigniter4\framework\system\View\View.php(246): include('G:\\OpenServer\\d...')
#8 G:\OpenServer\domains\ht.hoconline.com\vendor\codeigniter4\framework\system\Common.php(1119): CodeIgniter\View\View->render('frontend/homepa...', Array, true)
#9 G:\OpenServer\domains\ht.hoconline.com\app\Controllers\Frontend\Product\Product.php(123): view('frontend/homepa...', Array)
#10 G:\OpenServer\domains\ht.hoconline.com\vendor\codeigniter4\framework\system\View\Cell.php(180): App\Controllers\Frontend\Product\Product->index(Array, '1')
#11 G:\OpenServer\domains\ht.hoconline.com\vendor\codeigniter4\framework\system\Common.php(1140): CodeIgniter\View\Cell->render('\\App\\Controller...', 'id=4, page=1', 0, 'AppControllersF...')
#12 G:\OpenServer\domains\ht.hoconline.com\app\Controllers\Frontend\Homepage\Router.php(59): view_cell('\\App\\Controller...', 'id=4, page=1')
#13 G:\OpenServer\domains\ht.hoconline.com\vendor\codeigniter4\framework\system\CodeIgniter.php(918): App\Controllers\Frontend\Homepage\Router->index('teaches-wildern...')
#14 G:\OpenServer\domains\ht.hoconline.com\vendor\codeigniter4\framework\system\CodeIgniter.php(404): CodeIgniter\CodeIgniter->runController(Object(App\Controllers\Frontend\Homepage\Router))
#15 G:\OpenServer\domains\ht.hoconline.com\vendor\codeigniter4\framework\system\CodeIgniter.php(312): CodeIgniter\CodeIgniter->handleRequest(NULL, Object(Config\Cache), false)
#16 G:\OpenServer\domains\ht.hoconline.com\index.php(48): CodeIgniter\CodeIgniter->run()
#17 {main}
CRITICAL - 2021-10-27 03:10:09 --> Undefined variable: language
#0 G:\OpenServer\domains\ht.hoconline.com\app\Views\frontend\homepage\common\footer.php(2): CodeIgniter\Debug\Exceptions->errorHandler(8, 'Undefined varia...', 'G:\\OpenServer\\d...', 2, Array)
#1 G:\OpenServer\domains\ht.hoconline.com\vendor\codeigniter4\framework\system\View\View.php(246): include('G:\\OpenServer\\d...')
#2 G:\OpenServer\domains\ht.hoconline.com\vendor\codeigniter4\framework\system\Common.php(1119): CodeIgniter\View\View->render('frontend/homepa...', Array, true)
#3 G:\OpenServer\domains\ht.hoconline.com\app\Views\frontend\homepage\layout\home.php(73): view('frontend/homepa...')
#4 G:\OpenServer\domains\ht.hoconline.com\vendor\codeigniter4\framework\system\View\View.php(246): include('G:\\OpenServer\\d...')
#5 G:\OpenServer\domains\ht.hoconline.com\vendor\codeigniter4\framework\system\Common.php(1119): CodeIgniter\View\View->render('frontend/homepa...', Array, true)
#6 G:\OpenServer\domains\ht.hoconline.com\app\Controllers\Frontend\Product\Product.php(123): view('frontend/homepa...', Array)
#7 G:\OpenServer\domains\ht.hoconline.com\vendor\codeigniter4\framework\system\View\Cell.php(180): App\Controllers\Frontend\Product\Product->index(Array, '1')
#8 G:\OpenServer\domains\ht.hoconline.com\vendor\codeigniter4\framework\system\Common.php(1140): CodeIgniter\View\Cell->render('\\App\\Controller...', 'id=4, page=1', 0, 'AppControllersF...')
#9 G:\OpenServer\domains\ht.hoconline.com\app\Controllers\Frontend\Homepage\Router.php(59): view_cell('\\App\\Controller...', 'id=4, page=1')
#10 G:\OpenServer\domains\ht.hoconline.com\vendor\codeigniter4\framework\system\CodeIgniter.php(918): App\Controllers\Frontend\Homepage\Router->index('teaches-wildern...')
#11 G:\OpenServer\domains\ht.hoconline.com\vendor\codeigniter4\framework\system\CodeIgniter.php(404): CodeIgniter\CodeIgniter->runController(Object(App\Controllers\Frontend\Homepage\Router))
#12 G:\OpenServer\domains\ht.hoconline.com\vendor\codeigniter4\framework\system\CodeIgniter.php(312): CodeIgniter\CodeIgniter->handleRequest(NULL, Object(Config\Cache), false)
#13 G:\OpenServer\domains\ht.hoconline.com\index.php(48): CodeIgniter\CodeIgniter->run()
#14 {main}
CRITICAL - 2021-10-27 03:15:34 --> Undefined variable: value
#0 G:\OpenServer\domains\ht.hoconline.com\app\Views\frontend\product\product\index.php(21): CodeIgniter\Debug\Exceptions->errorHandler(8, 'Undefined varia...', 'G:\\OpenServer\\d...', 21, Array)
#1 G:\OpenServer\domains\ht.hoconline.com\vendor\codeigniter4\framework\system\View\View.php(246): include('G:\\OpenServer\\d...')
#2 G:\OpenServer\domains\ht.hoconline.com\vendor\codeigniter4\framework\system\Common.php(1119): CodeIgniter\View\View->render('frontend/produc...', Array, true)
#3 G:\OpenServer\domains\ht.hoconline.com\app\Views\frontend\homepage\layout\home.php(71): view('frontend/produc...')
#4 G:\OpenServer\domains\ht.hoconline.com\vendor\codeigniter4\framework\system\View\View.php(246): include('G:\\OpenServer\\d...')
#5 G:\OpenServer\domains\ht.hoconline.com\vendor\codeigniter4\framework\system\Common.php(1119): CodeIgniter\View\View->render('frontend/homepa...', Array, true)
#6 G:\OpenServer\domains\ht.hoconline.com\app\Controllers\Frontend\Product\Product.php(124): view('frontend/homepa...', Array)
#7 G:\OpenServer\domains\ht.hoconline.com\vendor\codeigniter4\framework\system\View\Cell.php(180): App\Controllers\Frontend\Product\Product->index(Array, '1')
#8 G:\OpenServer\domains\ht.hoconline.com\vendor\codeigniter4\framework\system\Common.php(1140): CodeIgniter\View\Cell->render('\\App\\Controller...', 'id=4, page=1', 0, 'AppControllersF...')
#9 G:\OpenServer\domains\ht.hoconline.com\app\Controllers\Frontend\Homepage\Router.php(59): view_cell('\\App\\Controller...', 'id=4, page=1')
#10 G:\OpenServer\domains\ht.hoconline.com\vendor\codeigniter4\framework\system\CodeIgniter.php(918): App\Controllers\Frontend\Homepage\Router->index('teaches-wildern...')
#11 G:\OpenServer\domains\ht.hoconline.com\vendor\codeigniter4\framework\system\CodeIgniter.php(404): CodeIgniter\CodeIgniter->runController(Object(App\Controllers\Frontend\Homepage\Router))
#12 G:\OpenServer\domains\ht.hoconline.com\vendor\codeigniter4\framework\system\CodeIgniter.php(312): CodeIgniter\CodeIgniter->handleRequest(NULL, Object(Config\Cache), false)
#13 G:\OpenServer\domains\ht.hoconline.com\index.php(48): CodeIgniter\CodeIgniter->run()
#14 {main}
CRITICAL - 2021-10-27 11:56:03 --> Undefined variable: storeLanguage
#0 G:\OpenServer\domains\ht.hoconline.com\app\Controllers\Backend\Product\Lesson.php(130): CodeIgniter\Debug\Exceptions->errorHandler(8, 'Undefined varia...', 'G:\\OpenServer\\d...', 130, Array)
#1 G:\OpenServer\domains\ht.hoconline.com\vendor\codeigniter4\framework\system\CodeIgniter.php(918): App\Controllers\Backend\Product\Lesson->create()
#2 G:\OpenServer\domains\ht.hoconline.com\vendor\codeigniter4\framework\system\CodeIgniter.php(404): CodeIgniter\CodeIgniter->runController(Object(App\Controllers\Backend\Product\Lesson))
#3 G:\OpenServer\domains\ht.hoconline.com\vendor\codeigniter4\framework\system\CodeIgniter.php(312): CodeIgniter\CodeIgniter->handleRequest(NULL, Object(Config\Cache), false)
#4 G:\OpenServer\domains\ht.hoconline.com\index.php(48): CodeIgniter\CodeIgniter->run()
#5 {main}
CRITICAL - 2021-10-27 11:56:11 --> Unknown column 'router' in 'field list'
#0 G:\OpenServer\domains\ht.hoconline.com\vendor\codeigniter4\framework\system\Database\MySQLi\Connection.php(331): mysqli->query('INSERT INTO `pr...')
#1 G:\OpenServer\domains\ht.hoconline.com\vendor\codeigniter4\framework\system\Database\BaseConnection.php(741): CodeIgniter\Database\MySQLi\Connection->execute('INSERT INTO `pr...')
#2 G:\OpenServer\domains\ht.hoconline.com\vendor\codeigniter4\framework\system\Database\BaseConnection.php(669): CodeIgniter\Database\BaseConnection->simpleQuery('INSERT INTO `pr...')
#3 G:\OpenServer\domains\ht.hoconline.com\vendor\codeigniter4\framework\system\Database\BaseBuilder.php(2249): CodeIgniter\Database\BaseConnection->query('INSERT INTO `pr...', Array, false)
#4 G:\OpenServer\domains\ht.hoconline.com\app\Models\AutoloadModel.php(90): CodeIgniter\Database\BaseBuilder->insert(Array)
#5 G:\OpenServer\domains\ht.hoconline.com\app\Controllers\Backend\Product\Lesson.php(141): App\Models\AutoloadModel->_insert(Array)
#6 G:\OpenServer\domains\ht.hoconline.com\vendor\codeigniter4\framework\system\CodeIgniter.php(918): App\Controllers\Backend\Product\Lesson->create()
#7 G:\OpenServer\domains\ht.hoconline.com\vendor\codeigniter4\framework\system\CodeIgniter.php(404): CodeIgniter\CodeIgniter->runController(Object(App\Controllers\Backend\Product\Lesson))
#8 G:\OpenServer\domains\ht.hoconline.com\vendor\codeigniter4\framework\system\CodeIgniter.php(312): CodeIgniter\CodeIgniter->handleRequest(NULL, Object(Config\Cache), false)
#9 G:\OpenServer\domains\ht.hoconline.com\index.php(48): CodeIgniter\CodeIgniter->run()
#10 {main}
CRITICAL - 2021-10-27 11:58:12 --> Undefined variable: flag
#0 G:\OpenServer\domains\ht.hoconline.com\app\Controllers\Backend\Product\Lesson.php(348): CodeIgniter\Debug\Exceptions->errorHandler(8, 'Undefined varia...', 'G:\\OpenServer\\d...', 348, Array)
#1 G:\OpenServer\domains\ht.hoconline.com\app\Controllers\Backend\Product\Lesson.php(158): App\Controllers\Backend\Product\Lesson->create_relationship(2)
#2 G:\OpenServer\domains\ht.hoconline.com\vendor\codeigniter4\framework\system\CodeIgniter.php(918): App\Controllers\Backend\Product\Lesson->create()
#3 G:\OpenServer\domains\ht.hoconline.com\vendor\codeigniter4\framework\system\CodeIgniter.php(404): CodeIgniter\CodeIgniter->runController(Object(App\Controllers\Backend\Product\Lesson))
#4 G:\OpenServer\domains\ht.hoconline.com\vendor\codeigniter4\framework\system\CodeIgniter.php(312): CodeIgniter\CodeIgniter->handleRequest(NULL, Object(Config\Cache), false)
#5 G:\OpenServer\domains\ht.hoconline.com\index.php(48): CodeIgniter\CodeIgniter->run()
#6 {main}
CRITICAL - 2021-10-27 12:00:00 --> Argument 1 passed to CodeIgniter\Database\BaseBuilder::insert() must be of the type array or null, string given, called in G:\OpenServer\domains\ht.hoconline.com\app\Models\AutoloadModel.php on line 90
#0 G:\OpenServer\domains\ht.hoconline.com\app\Models\AutoloadModel.php(90): CodeIgniter\Database\BaseBuilder->insert('6')
#1 G:\OpenServer\domains\ht.hoconline.com\app\Controllers\Backend\Product\Lesson.php(333): App\Models\AutoloadModel->_insert(Array)
#2 G:\OpenServer\domains\ht.hoconline.com\app\Controllers\Backend\Product\Lesson.php(158): App\Controllers\Backend\Product\Lesson->create_relationship(3)
#3 G:\OpenServer\domains\ht.hoconline.com\vendor\codeigniter4\framework\system\CodeIgniter.php(918): App\Controllers\Backend\Product\Lesson->create()
#4 G:\OpenServer\domains\ht.hoconline.com\vendor\codeigniter4\framework\system\CodeIgniter.php(404): CodeIgniter\CodeIgniter->runController(Object(App\Controllers\Backend\Product\Lesson))
#5 G:\OpenServer\domains\ht.hoconline.com\vendor\codeigniter4\framework\system\CodeIgniter.php(312): CodeIgniter\CodeIgniter->handleRequest(NULL, Object(Config\Cache), false)
#6 G:\OpenServer\domains\ht.hoconline.com\index.php(48): CodeIgniter\CodeIgniter->run()
#7 {main}
CRITICAL - 2021-10-27 12:01:26 --> Call to a member function dropdown() on null
#0 G:\OpenServer\domains\ht.hoconline.com\vendor\codeigniter4\framework\system\CodeIgniter.php(918): App\Controllers\Backend\Product\Lesson->index()
#1 G:\OpenServer\domains\ht.hoconline.com\vendor\codeigniter4\framework\system\CodeIgniter.php(404): CodeIgniter\CodeIgniter->runController(Object(App\Controllers\Backend\Product\Lesson))
#2 G:\OpenServer\domains\ht.hoconline.com\vendor\codeigniter4\framework\system\CodeIgniter.php(312): CodeIgniter\CodeIgniter->handleRequest(NULL, Object(Config\Cache), false)
#3 G:\OpenServer\domains\ht.hoconline.com\index.php(48): CodeIgniter\CodeIgniter->run()
#4 {main}
