CRITICAL - 2021-10-29 02:29:55 --> Call to undefined method App\Controllers\Frontend\Product\Lesson::condition_keyword()
#0 G:\OpenServer\domains\ht.hoconline.com\vendor\codeigniter4\framework\system\View\Cell.php(180): App\Controllers\Frontend\Product\Lesson->index(4, '1')
#1 G:\OpenServer\domains\ht.hoconline.com\vendor\codeigniter4\framework\system\Common.php(1140): CodeIgniter\View\Cell->render('\\App\\Controller...', 'id=4, page=1', 0, 'AppControllersF...')
#2 G:\OpenServer\domains\ht.hoconline.com\app\Controllers\Frontend\Homepage\Router.php(59): view_cell('\\App\\Controller...', 'id=4, page=1')
#3 G:\OpenServer\domains\ht.hoconline.com\vendor\codeigniter4\framework\system\CodeIgniter.php(918): App\Controllers\Frontend\Homepage\Router->index('meet-your-instr...')
#4 G:\OpenServer\domains\ht.hoconline.com\vendor\codeigniter4\framework\system\CodeIgniter.php(404): CodeIgniter\CodeIgniter->runController(Object(App\Controllers\Frontend\Homepage\Router))
#5 G:\OpenServer\domains\ht.hoconline.com\vendor\codeigniter4\framework\system\CodeIgniter.php(312): CodeIgniter\CodeIgniter->handleRequest(NULL, Object(Config\Cache), false)
#6 G:\OpenServer\domains\ht.hoconline.com\index.php(48): CodeIgniter\CodeIgniter->run()
#7 {main}
CRITICAL - 2021-10-29 02:39:12 --> Undefined index: author_image
#0 G:\OpenServer\domains\ht.hoconline.com\app\Views\frontend\product\product\index.php(19): CodeIgniter\Debug\Exceptions->errorHandler(8, 'Undefined index...', 'G:\\OpenServer\\d...', 19, Array)
#1 G:\OpenServer\domains\ht.hoconline.com\vendor\codeigniter4\framework\system\View\View.php(246): include('G:\\OpenServer\\d...')
#2 G:\OpenServer\domains\ht.hoconline.com\vendor\codeigniter4\framework\system\Common.php(1119): CodeIgniter\View\View->render('frontend/produc...', Array, true)
#3 G:\OpenServer\domains\ht.hoconline.com\app\Views\frontend\homepage\layout\home.php(71): view('frontend/produc...')
#4 G:\OpenServer\domains\ht.hoconline.com\vendor\codeigniter4\framework\system\View\View.php(246): include('G:\\OpenServer\\d...')
#5 G:\OpenServer\domains\ht.hoconline.com\vendor\codeigniter4\framework\system\Common.php(1119): CodeIgniter\View\View->render('frontend/homepa...', Array, true)
#6 G:\OpenServer\domains\ht.hoconline.com\app\Controllers\Frontend\Product\Lesson.php(99): view('frontend/homepa...', Array)
#7 G:\OpenServer\domains\ht.hoconline.com\vendor\codeigniter4\framework\system\View\Cell.php(180): App\Controllers\Frontend\Product\Lesson->index(4, '1')
#8 G:\OpenServer\domains\ht.hoconline.com\vendor\codeigniter4\framework\system\Common.php(1140): CodeIgniter\View\Cell->render('\\App\\Controller...', 'id=4, page=1', 0, 'AppControllersF...')
#9 G:\OpenServer\domains\ht.hoconline.com\app\Controllers\Frontend\Homepage\Router.php(59): view_cell('\\App\\Controller...', 'id=4, page=1')
#10 G:\OpenServer\domains\ht.hoconline.com\vendor\codeigniter4\framework\system\CodeIgniter.php(918): App\Controllers\Frontend\Homepage\Router->index('meet-your-instr...')
#11 G:\OpenServer\domains\ht.hoconline.com\vendor\codeigniter4\framework\system\CodeIgniter.php(404): CodeIgniter\CodeIgniter->runController(Object(App\Controllers\Frontend\Homepage\Router))
#12 G:\OpenServer\domains\ht.hoconline.com\vendor\codeigniter4\framework\system\CodeIgniter.php(312): CodeIgniter\CodeIgniter->handleRequest(NULL, Object(Config\Cache), false)
#13 G:\OpenServer\domains\ht.hoconline.com\index.php(48): CodeIgniter\CodeIgniter->run()
#14 {main}
CRITICAL - 2021-10-29 02:59:37 --> Undefined index: time
#0 G:\OpenServer\domains\ht.hoconline.com\app\Views\frontend\product\lesson\index.php(24): CodeIgniter\Debug\Exceptions->errorHandler(8, 'Undefined index...', 'G:\\OpenServer\\d...', 24, Array)
#1 G:\OpenServer\domains\ht.hoconline.com\vendor\codeigniter4\framework\system\View\View.php(246): include('G:\\OpenServer\\d...')
#2 G:\OpenServer\domains\ht.hoconline.com\vendor\codeigniter4\framework\system\Common.php(1119): CodeIgniter\View\View->render('frontend/produc...', Array, true)
#3 G:\OpenServer\domains\ht.hoconline.com\app\Views\frontend\homepage\layout\home.php(71): view('frontend/produc...')
#4 G:\OpenServer\domains\ht.hoconline.com\vendor\codeigniter4\framework\system\View\View.php(246): include('G:\\OpenServer\\d...')
#5 G:\OpenServer\domains\ht.hoconline.com\vendor\codeigniter4\framework\system\Common.php(1119): CodeIgniter\View\View->render('frontend/homepa...', Array, true)
#6 G:\OpenServer\domains\ht.hoconline.com\app\Controllers\Frontend\Product\Lesson.php(102): view('frontend/homepa...', Array)
#7 G:\OpenServer\domains\ht.hoconline.com\vendor\codeigniter4\framework\system\View\Cell.php(180): App\Controllers\Frontend\Product\Lesson->index(4, '1')
#8 G:\OpenServer\domains\ht.hoconline.com\vendor\codeigniter4\framework\system\Common.php(1140): CodeIgniter\View\Cell->render('\\App\\Controller...', 'id=4, page=1', 0, 'AppControllersF...')
#9 G:\OpenServer\domains\ht.hoconline.com\app\Controllers\Frontend\Homepage\Router.php(59): view_cell('\\App\\Controller...', 'id=4, page=1')
#10 G:\OpenServer\domains\ht.hoconline.com\vendor\codeigniter4\framework\system\CodeIgniter.php(918): App\Controllers\Frontend\Homepage\Router->index('meet-your-instr...')
#11 G:\OpenServer\domains\ht.hoconline.com\vendor\codeigniter4\framework\system\CodeIgniter.php(404): CodeIgniter\CodeIgniter->runController(Object(App\Controllers\Frontend\Homepage\Router))
#12 G:\OpenServer\domains\ht.hoconline.com\vendor\codeigniter4\framework\system\CodeIgniter.php(312): CodeIgniter\CodeIgniter->handleRequest(NULL, Object(Config\Cache), false)
#13 G:\OpenServer\domains\ht.hoconline.com\index.php(48): CodeIgniter\CodeIgniter->run()
#14 {main}
CRITICAL - 2021-10-29 03:45:56 --> Undefined index: title
#0 G:\OpenServer\domains\ht.hoconline.com\app\Views\frontend\product\lesson\index.php(197): CodeIgniter\Debug\Exceptions->errorHandler(8, 'Undefined index...', 'G:\\OpenServer\\d...', 197, Array)
#1 G:\OpenServer\domains\ht.hoconline.com\vendor\codeigniter4\framework\system\View\View.php(246): include('G:\\OpenServer\\d...')
#2 G:\OpenServer\domains\ht.hoconline.com\vendor\codeigniter4\framework\system\Common.php(1119): CodeIgniter\View\View->render('frontend/produc...', Array, true)
#3 G:\OpenServer\domains\ht.hoconline.com\app\Views\frontend\homepage\layout\home.php(71): view('frontend/produc...')
#4 G:\OpenServer\domains\ht.hoconline.com\vendor\codeigniter4\framework\system\View\View.php(246): include('G:\\OpenServer\\d...')
#5 G:\OpenServer\domains\ht.hoconline.com\vendor\codeigniter4\framework\system\Common.php(1119): CodeIgniter\View\View->render('frontend/homepa...', Array, true)
#6 G:\OpenServer\domains\ht.hoconline.com\app\Controllers\Frontend\Product\Lesson.php(107): view('frontend/homepa...', Array)
#7 G:\OpenServer\domains\ht.hoconline.com\vendor\codeigniter4\framework\system\View\Cell.php(180): App\Controllers\Frontend\Product\Lesson->index(4, '1')
#8 G:\OpenServer\domains\ht.hoconline.com\vendor\codeigniter4\framework\system\Common.php(1140): CodeIgniter\View\Cell->render('\\App\\Controller...', 'id=4, page=1', 0, 'AppControllersF...')
#9 G:\OpenServer\domains\ht.hoconline.com\app\Controllers\Frontend\Homepage\Router.php(59): view_cell('\\App\\Controller...', 'id=4, page=1')
#10 G:\OpenServer\domains\ht.hoconline.com\vendor\codeigniter4\framework\system\CodeIgniter.php(918): App\Controllers\Frontend\Homepage\Router->index('meet-your-instr...')
#11 G:\OpenServer\domains\ht.hoconline.com\vendor\codeigniter4\framework\system\CodeIgniter.php(404): CodeIgniter\CodeIgniter->runController(Object(App\Controllers\Frontend\Homepage\Router))
#12 G:\OpenServer\domains\ht.hoconline.com\vendor\codeigniter4\framework\system\CodeIgniter.php(312): CodeIgniter\CodeIgniter->handleRequest(NULL, Object(Config\Cache), false)
#13 G:\OpenServer\domains\ht.hoconline.com\index.php(48): CodeIgniter\CodeIgniter->run()
#14 {main}
CRITICAL - 2021-10-29 04:05:59 --> Undefined variable: language
#0 G:\OpenServer\domains\ht.hoconline.com\app\Views\frontend\homepage\common\footer.php(2): CodeIgniter\Debug\Exceptions->errorHandler(8, 'Undefined varia...', 'G:\\OpenServer\\d...', 2, Array)
#1 G:\OpenServer\domains\ht.hoconline.com\vendor\codeigniter4\framework\system\View\View.php(246): include('G:\\OpenServer\\d...')
#2 G:\OpenServer\domains\ht.hoconline.com\vendor\codeigniter4\framework\system\Common.php(1119): CodeIgniter\View\View->render('frontend/homepa...', Array, true)
#3 G:\OpenServer\domains\ht.hoconline.com\app\Views\frontend\homepage\layout\home.php(73): view('frontend/homepa...')
#4 G:\OpenServer\domains\ht.hoconline.com\vendor\codeigniter4\framework\system\View\View.php(246): include('G:\\OpenServer\\d...')
#5 G:\OpenServer\domains\ht.hoconline.com\vendor\codeigniter4\framework\system\Common.php(1119): CodeIgniter\View\View->render('frontend/homepa...', Array, true)
#6 G:\OpenServer\domains\ht.hoconline.com\app\Controllers\Frontend\Product\Catalogue.php(191): view('frontend/homepa...', Array)
#7 G:\OpenServer\domains\ht.hoconline.com\vendor\codeigniter4\framework\system\View\Cell.php(180): App\Controllers\Frontend\Product\Catalogue->index(3, 0)
#8 G:\OpenServer\domains\ht.hoconline.com\vendor\codeigniter4\framework\system\Common.php(1140): CodeIgniter\View\Cell->render('\\App\\Controller...', 'id=3, page=1', 0, 'AppControllersF...')
#9 G:\OpenServer\domains\ht.hoconline.com\app\Controllers\Frontend\Homepage\Router.php(59): view_cell('\\App\\Controller...', 'id=3, page=1')
#10 G:\OpenServer\domains\ht.hoconline.com\vendor\codeigniter4\framework\system\CodeIgniter.php(918): App\Controllers\Frontend\Homepage\Router->index('arts-entertainm...')
#11 G:\OpenServer\domains\ht.hoconline.com\vendor\codeigniter4\framework\system\CodeIgniter.php(404): CodeIgniter\CodeIgniter->runController(Object(App\Controllers\Frontend\Homepage\Router))
#12 G:\OpenServer\domains\ht.hoconline.com\vendor\codeigniter4\framework\system\CodeIgniter.php(312): CodeIgniter\CodeIgniter->handleRequest(NULL, Object(Config\Cache), false)
#13 G:\OpenServer\domains\ht.hoconline.com\index.php(48): CodeIgniter\CodeIgniter->run()
#14 {main}
CRITICAL - 2021-10-29 04:17:26 --> Undefined variable: language
#0 G:\OpenServer\domains\ht.hoconline.com\app\Views\frontend\homepage\common\footer.php(2): CodeIgniter\Debug\Exceptions->errorHandler(8, 'Undefined varia...', 'G:\\OpenServer\\d...', 2, Array)
#1 G:\OpenServer\domains\ht.hoconline.com\vendor\codeigniter4\framework\system\View\View.php(246): include('G:\\OpenServer\\d...')
#2 G:\OpenServer\domains\ht.hoconline.com\vendor\codeigniter4\framework\system\Common.php(1119): CodeIgniter\View\View->render('frontend/homepa...', Array, true)
#3 G:\OpenServer\domains\ht.hoconline.com\app\Views\frontend\homepage\layout\home.php(73): view('frontend/homepa...')
#4 G:\OpenServer\domains\ht.hoconline.com\vendor\codeigniter4\framework\system\View\View.php(246): include('G:\\OpenServer\\d...')
#5 G:\OpenServer\domains\ht.hoconline.com\vendor\codeigniter4\framework\system\Common.php(1119): CodeIgniter\View\View->render('frontend/homepa...', Array, true)
#6 G:\OpenServer\domains\ht.hoconline.com\app\Controllers\Frontend\Product\Catalogue.php(191): view('frontend/homepa...', Array)
#7 G:\OpenServer\domains\ht.hoconline.com\vendor\codeigniter4\framework\system\View\Cell.php(180): App\Controllers\Frontend\Product\Catalogue->index(3, 0)
#8 G:\OpenServer\domains\ht.hoconline.com\vendor\codeigniter4\framework\system\Common.php(1140): CodeIgniter\View\Cell->render('\\App\\Controller...', 'id=3, page=1', 0, 'AppControllersF...')
#9 G:\OpenServer\domains\ht.hoconline.com\app\Controllers\Frontend\Homepage\Router.php(59): view_cell('\\App\\Controller...', 'id=3, page=1')
#10 G:\OpenServer\domains\ht.hoconline.com\vendor\codeigniter4\framework\system\CodeIgniter.php(918): App\Controllers\Frontend\Homepage\Router->index('arts-entertainm...')
#11 G:\OpenServer\domains\ht.hoconline.com\vendor\codeigniter4\framework\system\CodeIgniter.php(404): CodeIgniter\CodeIgniter->runController(Object(App\Controllers\Frontend\Homepage\Router))
#12 G:\OpenServer\domains\ht.hoconline.com\vendor\codeigniter4\framework\system\CodeIgniter.php(312): CodeIgniter\CodeIgniter->handleRequest(NULL, Object(Config\Cache), false)
#13 G:\OpenServer\domains\ht.hoconline.com\index.php(48): CodeIgniter\CodeIgniter->run()
#14 {main}
CRITICAL - 2021-10-29 04:18:01 --> Undefined variable: language
#0 G:\OpenServer\domains\ht.hoconline.com\app\Views\frontend\homepage\common\footer.php(2): CodeIgniter\Debug\Exceptions->errorHandler(8, 'Undefined varia...', 'G:\\OpenServer\\d...', 2, Array)
#1 G:\OpenServer\domains\ht.hoconline.com\vendor\codeigniter4\framework\system\View\View.php(246): include('G:\\OpenServer\\d...')
#2 G:\OpenServer\domains\ht.hoconline.com\vendor\codeigniter4\framework\system\Common.php(1119): CodeIgniter\View\View->render('frontend/homepa...', Array, true)
#3 G:\OpenServer\domains\ht.hoconline.com\app\Views\frontend\homepage\layout\home.php(73): view('frontend/homepa...')
#4 G:\OpenServer\domains\ht.hoconline.com\vendor\codeigniter4\framework\system\View\View.php(246): include('G:\\OpenServer\\d...')
#5 G:\OpenServer\domains\ht.hoconline.com\vendor\codeigniter4\framework\system\Common.php(1119): CodeIgniter\View\View->render('frontend/homepa...', Array, true)
#6 G:\OpenServer\domains\ht.hoconline.com\app\Controllers\Frontend\Product\Catalogue.php(191): view('frontend/homepa...', Array)
#7 G:\OpenServer\domains\ht.hoconline.com\vendor\codeigniter4\framework\system\View\Cell.php(180): App\Controllers\Frontend\Product\Catalogue->index(3, 0)
#8 G:\OpenServer\domains\ht.hoconline.com\vendor\codeigniter4\framework\system\Common.php(1140): CodeIgniter\View\Cell->render('\\App\\Controller...', 'id=3, page=1', 0, 'AppControllersF...')
#9 G:\OpenServer\domains\ht.hoconline.com\app\Controllers\Frontend\Homepage\Router.php(59): view_cell('\\App\\Controller...', 'id=3, page=1')
#10 G:\OpenServer\domains\ht.hoconline.com\vendor\codeigniter4\framework\system\CodeIgniter.php(918): App\Controllers\Frontend\Homepage\Router->index('arts-entertainm...')
#11 G:\OpenServer\domains\ht.hoconline.com\vendor\codeigniter4\framework\system\CodeIgniter.php(404): CodeIgniter\CodeIgniter->runController(Object(App\Controllers\Frontend\Homepage\Router))
#12 G:\OpenServer\domains\ht.hoconline.com\vendor\codeigniter4\framework\system\CodeIgniter.php(312): CodeIgniter\CodeIgniter->handleRequest(NULL, Object(Config\Cache), false)
#13 G:\OpenServer\domains\ht.hoconline.com\index.php(48): CodeIgniter\CodeIgniter->run()
#14 {main}
CRITICAL - 2021-10-29 04:39:44 --> Undefined index: author_image
#0 G:\OpenServer\domains\ht.hoconline.com\app\Views\frontend\product\catalogue\index.php(32): CodeIgniter\Debug\Exceptions->errorHandler(8, 'Undefined index...', 'G:\\OpenServer\\d...', 32, Array)
#1 G:\OpenServer\domains\ht.hoconline.com\vendor\codeigniter4\framework\system\View\View.php(246): include('G:\\OpenServer\\d...')
#2 G:\OpenServer\domains\ht.hoconline.com\vendor\codeigniter4\framework\system\Common.php(1119): CodeIgniter\View\View->render('frontend/produc...', Array, true)
#3 G:\OpenServer\domains\ht.hoconline.com\app\Views\frontend\homepage\layout\home.php(71): view('frontend/produc...')
#4 G:\OpenServer\domains\ht.hoconline.com\vendor\codeigniter4\framework\system\View\View.php(246): include('G:\\OpenServer\\d...')
#5 G:\OpenServer\domains\ht.hoconline.com\vendor\codeigniter4\framework\system\Common.php(1119): CodeIgniter\View\View->render('frontend/homepa...', Array, true)
#6 G:\OpenServer\domains\ht.hoconline.com\app\Controllers\Frontend\Product\Catalogue.php(192): view('frontend/homepa...', Array)
#7 G:\OpenServer\domains\ht.hoconline.com\vendor\codeigniter4\framework\system\View\Cell.php(180): App\Controllers\Frontend\Product\Catalogue->index(3, 0)
#8 G:\OpenServer\domains\ht.hoconline.com\vendor\codeigniter4\framework\system\Common.php(1140): CodeIgniter\View\Cell->render('\\App\\Controller...', 'id=3, page=1', 0, 'AppControllersF...')
#9 G:\OpenServer\domains\ht.hoconline.com\app\Controllers\Frontend\Homepage\Router.php(59): view_cell('\\App\\Controller...', 'id=3, page=1')
#10 G:\OpenServer\domains\ht.hoconline.com\vendor\codeigniter4\framework\system\CodeIgniter.php(918): App\Controllers\Frontend\Homepage\Router->index('arts-entertainm...')
#11 G:\OpenServer\domains\ht.hoconline.com\vendor\codeigniter4\framework\system\CodeIgniter.php(404): CodeIgniter\CodeIgniter->runController(Object(App\Controllers\Frontend\Homepage\Router))
#12 G:\OpenServer\domains\ht.hoconline.com\vendor\codeigniter4\framework\system\CodeIgniter.php(312): CodeIgniter\CodeIgniter->handleRequest(NULL, Object(Config\Cache), false)
#13 G:\OpenServer\domains\ht.hoconline.com\index.php(48): CodeIgniter\CodeIgniter->run()
#14 {main}
CRITICAL - 2021-10-29 04:46:13 --> Undefined offset: 0
#0 G:\OpenServer\domains\ht.hoconline.com\app\Views\frontend\product\catalogue\index.php(36): CodeIgniter\Debug\Exceptions->errorHandler(8, 'Undefined offse...', 'G:\\OpenServer\\d...', 36, Array)
#1 G:\OpenServer\domains\ht.hoconline.com\vendor\codeigniter4\framework\system\View\View.php(246): include('G:\\OpenServer\\d...')
#2 G:\OpenServer\domains\ht.hoconline.com\vendor\codeigniter4\framework\system\Common.php(1119): CodeIgniter\View\View->render('frontend/produc...', Array, true)
#3 G:\OpenServer\domains\ht.hoconline.com\app\Views\frontend\homepage\layout\home.php(71): view('frontend/produc...')
#4 G:\OpenServer\domains\ht.hoconline.com\vendor\codeigniter4\framework\system\View\View.php(246): include('G:\\OpenServer\\d...')
#5 G:\OpenServer\domains\ht.hoconline.com\vendor\codeigniter4\framework\system\Common.php(1119): CodeIgniter\View\View->render('frontend/homepa...', Array, true)
#6 G:\OpenServer\domains\ht.hoconline.com\app\Controllers\Frontend\Product\Catalogue.php(192): view('frontend/homepa...', Array)
#7 G:\OpenServer\domains\ht.hoconline.com\vendor\codeigniter4\framework\system\View\Cell.php(180): App\Controllers\Frontend\Product\Catalogue->index(3, 0)
#8 G:\OpenServer\domains\ht.hoconline.com\vendor\codeigniter4\framework\system\Common.php(1140): CodeIgniter\View\Cell->render('\\App\\Controller...', 'id=3, page=1', 0, 'AppControllersF...')
#9 G:\OpenServer\domains\ht.hoconline.com\app\Controllers\Frontend\Homepage\Router.php(59): view_cell('\\App\\Controller...', 'id=3, page=1')
#10 G:\OpenServer\domains\ht.hoconline.com\vendor\codeigniter4\framework\system\CodeIgniter.php(918): App\Controllers\Frontend\Homepage\Router->index('arts-entertainm...')
#11 G:\OpenServer\domains\ht.hoconline.com\vendor\codeigniter4\framework\system\CodeIgniter.php(404): CodeIgniter\CodeIgniter->runController(Object(App\Controllers\Frontend\Homepage\Router))
#12 G:\OpenServer\domains\ht.hoconline.com\vendor\codeigniter4\framework\system\CodeIgniter.php(312): CodeIgniter\CodeIgniter->handleRequest(NULL, Object(Config\Cache), false)
#13 G:\OpenServer\domains\ht.hoconline.com\index.php(48): CodeIgniter\CodeIgniter->run()
#14 {main}
CRITICAL - 2021-10-29 04:46:19 --> Undefined index: video
#0 G:\OpenServer\domains\ht.hoconline.com\app\Views\frontend\product\catalogue\index.php(36): CodeIgniter\Debug\Exceptions->errorHandler(8, 'Undefined index...', 'G:\\OpenServer\\d...', 36, Array)
#1 G:\OpenServer\domains\ht.hoconline.com\vendor\codeigniter4\framework\system\View\View.php(246): include('G:\\OpenServer\\d...')
#2 G:\OpenServer\domains\ht.hoconline.com\vendor\codeigniter4\framework\system\Common.php(1119): CodeIgniter\View\View->render('frontend/produc...', Array, true)
#3 G:\OpenServer\domains\ht.hoconline.com\app\Views\frontend\homepage\layout\home.php(71): view('frontend/produc...')
#4 G:\OpenServer\domains\ht.hoconline.com\vendor\codeigniter4\framework\system\View\View.php(246): include('G:\\OpenServer\\d...')
#5 G:\OpenServer\domains\ht.hoconline.com\vendor\codeigniter4\framework\system\Common.php(1119): CodeIgniter\View\View->render('frontend/homepa...', Array, true)
#6 G:\OpenServer\domains\ht.hoconline.com\app\Controllers\Frontend\Product\Catalogue.php(192): view('frontend/homepa...', Array)
#7 G:\OpenServer\domains\ht.hoconline.com\vendor\codeigniter4\framework\system\View\Cell.php(180): App\Controllers\Frontend\Product\Catalogue->index(3, 0)
#8 G:\OpenServer\domains\ht.hoconline.com\vendor\codeigniter4\framework\system\Common.php(1140): CodeIgniter\View\Cell->render('\\App\\Controller...', 'id=3, page=1', 0, 'AppControllersF...')
#9 G:\OpenServer\domains\ht.hoconline.com\app\Controllers\Frontend\Homepage\Router.php(59): view_cell('\\App\\Controller...', 'id=3, page=1')
#10 G:\OpenServer\domains\ht.hoconline.com\vendor\codeigniter4\framework\system\CodeIgniter.php(918): App\Controllers\Frontend\Homepage\Router->index('arts-entertainm...')
#11 G:\OpenServer\domains\ht.hoconline.com\vendor\codeigniter4\framework\system\CodeIgniter.php(404): CodeIgniter\CodeIgniter->runController(Object(App\Controllers\Frontend\Homepage\Router))
#12 G:\OpenServer\domains\ht.hoconline.com\vendor\codeigniter4\framework\system\CodeIgniter.php(312): CodeIgniter\CodeIgniter->handleRequest(NULL, Object(Config\Cache), false)
#13 G:\OpenServer\domains\ht.hoconline.com\index.php(48): CodeIgniter\CodeIgniter->run()
#14 {main}
CRITICAL - 2021-10-29 04:58:51 --> Division by zero
#0 G:\OpenServer\domains\ht.hoconline.com\app\Controllers\Frontend\Product\Catalogue.php(119): CodeIgniter\Debug\Exceptions->errorHandler(2, 'Division by zer...', 'G:\\OpenServer\\d...', 119, Array)
#1 G:\OpenServer\domains\ht.hoconline.com\vendor\codeigniter4\framework\system\View\Cell.php(180): App\Controllers\Frontend\Product\Catalogue->index(3, 1)
#2 G:\OpenServer\domains\ht.hoconline.com\vendor\codeigniter4\framework\system\Common.php(1140): CodeIgniter\View\Cell->render('\\App\\Controller...', 'id=3, page=1', 0, 'AppControllersF...')
#3 G:\OpenServer\domains\ht.hoconline.com\app\Controllers\Frontend\Homepage\Router.php(59): view_cell('\\App\\Controller...', 'id=3, page=1')
#4 G:\OpenServer\domains\ht.hoconline.com\vendor\codeigniter4\framework\system\CodeIgniter.php(918): App\Controllers\Frontend\Homepage\Router->index('arts-entertainm...')
#5 G:\OpenServer\domains\ht.hoconline.com\vendor\codeigniter4\framework\system\CodeIgniter.php(404): CodeIgniter\CodeIgniter->runController(Object(App\Controllers\Frontend\Homepage\Router))
#6 G:\OpenServer\domains\ht.hoconline.com\vendor\codeigniter4\framework\system\CodeIgniter.php(312): CodeIgniter\CodeIgniter->handleRequest(NULL, Object(Config\Cache), false)
#7 G:\OpenServer\domains\ht.hoconline.com\index.php(48): CodeIgniter\CodeIgniter->run()
#8 {main}
CRITICAL - 2021-10-29 05:19:22 --> syntax error, unexpected '}', expecting ']'
#0 G:\OpenServer\domains\ht.hoconline.com\vendor\codeigniter4\framework\system\Autoloader\Autoloader.php(296): CodeIgniter\Autoloader\Autoloader->requireFile('G:\\OpenServer\\d...')
#1 G:\OpenServer\domains\ht.hoconline.com\vendor\codeigniter4\framework\system\Autoloader\Autoloader.php(258): CodeIgniter\Autoloader\Autoloader->loadInNamespace('App\\Controllers...')
#2 [internal function]: CodeIgniter\Autoloader\Autoloader->loadClass('App\\Controllers...')
#3 [internal function]: spl_autoload_call('App\\Controllers...')
#4 G:\OpenServer\domains\ht.hoconline.com\vendor\codeigniter4\framework\system\View\Cell.php(266): class_exists('\\App\\Controller...', true)
#5 G:\OpenServer\domains\ht.hoconline.com\vendor\codeigniter4\framework\system\View\Cell.php(110): CodeIgniter\View\Cell->determineClass('\\App\\Controller...')
#6 G:\OpenServer\domains\ht.hoconline.com\vendor\codeigniter4\framework\system\Common.php(1140): CodeIgniter\View\Cell->render('\\App\\Controller...', 'page=0', 0, NULL)
#7 G:\OpenServer\domains\ht.hoconline.com\app\Controllers\Frontend\Homepage\Router.php(41): view_cell('\\App\\Controller...', 'page=0')
#8 G:\OpenServer\domains\ht.hoconline.com\vendor\codeigniter4\framework\system\CodeIgniter.php(918): App\Controllers\Frontend\Homepage\Router->search(0)
#9 G:\OpenServer\domains\ht.hoconline.com\vendor\codeigniter4\framework\system\CodeIgniter.php(404): CodeIgniter\CodeIgniter->runController(Object(App\Controllers\Frontend\Homepage\Router))
#10 G:\OpenServer\domains\ht.hoconline.com\vendor\codeigniter4\framework\system\CodeIgniter.php(312): CodeIgniter\CodeIgniter->handleRequest(NULL, Object(Config\Cache), false)
#11 G:\OpenServer\domains\ht.hoconline.com\index.php(48): CodeIgniter\CodeIgniter->run()
#12 {main}
CRITICAL - 2021-10-29 05:19:58 --> Undefined variable: catalogue
#0 G:\OpenServer\domains\ht.hoconline.com\app\Controllers\Frontend\Search\Search.php(28): CodeIgniter\Debug\Exceptions->errorHandler(8, 'Undefined varia...', 'G:\\OpenServer\\d...', 28, Array)
#1 G:\OpenServer\domains\ht.hoconline.com\vendor\codeigniter4\framework\system\View\Cell.php(180): App\Controllers\Frontend\Search\Search->index(0)
#2 G:\OpenServer\domains\ht.hoconline.com\vendor\codeigniter4\framework\system\Common.php(1140): CodeIgniter\View\Cell->render('\\App\\Controller...', 'page=0', 0, 'AppControllersF...')
#3 G:\OpenServer\domains\ht.hoconline.com\app\Controllers\Frontend\Homepage\Router.php(41): view_cell('\\App\\Controller...', 'page=0')
#4 G:\OpenServer\domains\ht.hoconline.com\vendor\codeigniter4\framework\system\CodeIgniter.php(918): App\Controllers\Frontend\Homepage\Router->search(0)
#5 G:\OpenServer\domains\ht.hoconline.com\vendor\codeigniter4\framework\system\CodeIgniter.php(404): CodeIgniter\CodeIgniter->runController(Object(App\Controllers\Frontend\Homepage\Router))
#6 G:\OpenServer\domains\ht.hoconline.com\vendor\codeigniter4\framework\system\CodeIgniter.php(312): CodeIgniter\CodeIgniter->handleRequest(NULL, Object(Config\Cache), false)
#7 G:\OpenServer\domains\ht.hoconline.com\index.php(48): CodeIgniter\CodeIgniter->run()
#8 {main}
CRITICAL - 2021-10-29 05:22:31 --> Undefined variable: id
#0 G:\OpenServer\domains\ht.hoconline.com\app\Controllers\Frontend\Search\Search.php(17): CodeIgniter\Debug\Exceptions->errorHandler(8, 'Undefined varia...', 'G:\\OpenServer\\d...', 17, Array)
#1 G:\OpenServer\domains\ht.hoconline.com\vendor\codeigniter4\framework\system\View\Cell.php(180): App\Controllers\Frontend\Search\Search->index('2')
#2 G:\OpenServer\domains\ht.hoconline.com\vendor\codeigniter4\framework\system\Common.php(1140): CodeIgniter\View\Cell->render('\\App\\Controller...', 'page=2', 0, 'AppControllersF...')
#3 G:\OpenServer\domains\ht.hoconline.com\app\Controllers\Frontend\Homepage\Router.php(41): view_cell('\\App\\Controller...', 'page=2')
#4 G:\OpenServer\domains\ht.hoconline.com\vendor\codeigniter4\framework\system\CodeIgniter.php(918): App\Controllers\Frontend\Homepage\Router->search(2, '')
#5 G:\OpenServer\domains\ht.hoconline.com\vendor\codeigniter4\framework\system\CodeIgniter.php(404): CodeIgniter\CodeIgniter->runController(Object(App\Controllers\Frontend\Homepage\Router))
#6 G:\OpenServer\domains\ht.hoconline.com\vendor\codeigniter4\framework\system\CodeIgniter.php(312): CodeIgniter\CodeIgniter->handleRequest(NULL, Object(Config\Cache), false)
#7 G:\OpenServer\domains\ht.hoconline.com\index.php(48): CodeIgniter\CodeIgniter->run()
#8 {main}
CRITICAL - 2021-10-29 05:22:35 --> Undefined variable: id
#0 G:\OpenServer\domains\ht.hoconline.com\app\Controllers\Frontend\Search\Search.php(23): CodeIgniter\Debug\Exceptions->errorHandler(8, 'Undefined varia...', 'G:\\OpenServer\\d...', 23, Array)
#1 G:\OpenServer\domains\ht.hoconline.com\vendor\codeigniter4\framework\system\View\Cell.php(180): App\Controllers\Frontend\Search\Search->index(2)
#2 G:\OpenServer\domains\ht.hoconline.com\vendor\codeigniter4\framework\system\Common.php(1140): CodeIgniter\View\Cell->render('\\App\\Controller...', 'page=2', 0, 'AppControllersF...')
#3 G:\OpenServer\domains\ht.hoconline.com\app\Controllers\Frontend\Homepage\Router.php(41): view_cell('\\App\\Controller...', 'page=2')
#4 G:\OpenServer\domains\ht.hoconline.com\vendor\codeigniter4\framework\system\CodeIgniter.php(918): App\Controllers\Frontend\Homepage\Router->search(2, '')
#5 G:\OpenServer\domains\ht.hoconline.com\vendor\codeigniter4\framework\system\CodeIgniter.php(404): CodeIgniter\CodeIgniter->runController(Object(App\Controllers\Frontend\Homepage\Router))
#6 G:\OpenServer\domains\ht.hoconline.com\vendor\codeigniter4\framework\system\CodeIgniter.php(312): CodeIgniter\CodeIgniter->handleRequest(NULL, Object(Config\Cache), false)
#7 G:\OpenServer\domains\ht.hoconline.com\index.php(48): CodeIgniter\CodeIgniter->run()
#8 {main}
CRITICAL - 2021-10-29 05:26:33 --> Invalid file: {0}
#0 G:\OpenServer\domains\ht.hoconline.com\vendor\codeigniter4\framework\system\View\View.php(228): CodeIgniter\Exceptions\FrameworkException::forInvalidFile('backend/dashboa...')
#1 G:\OpenServer\domains\ht.hoconline.com\vendor\codeigniter4\framework\system\Common.php(1119): CodeIgniter\View\View->render('backend/dashboa...', Array, true)
#2 G:\OpenServer\domains\ht.hoconline.com\app\Views\frontend\homepage\common\header.php(68): view('backend/dashboa...')
#3 G:\OpenServer\domains\ht.hoconline.com\vendor\codeigniter4\framework\system\View\View.php(246): include('G:\\OpenServer\\d...')
#4 G:\OpenServer\domains\ht.hoconline.com\vendor\codeigniter4\framework\system\Common.php(1119): CodeIgniter\View\View->render('frontend/homepa...', Array, true)
#5 G:\OpenServer\domains\ht.hoconline.com\app\Views\frontend\homepage\layout\home.php(69): view('frontend/homepa...')
#6 G:\OpenServer\domains\ht.hoconline.com\vendor\codeigniter4\framework\system\View\View.php(246): include('G:\\OpenServer\\d...')
#7 G:\OpenServer\domains\ht.hoconline.com\vendor\codeigniter4\framework\system\Common.php(1119): CodeIgniter\View\View->render('frontend/homepa...', Array, true)
#8 G:\OpenServer\domains\ht.hoconline.com\app\Controllers\Frontend\Search\Search.php(104): view('frontend/homepa...', Array)
#9 G:\OpenServer\domains\ht.hoconline.com\vendor\codeigniter4\framework\system\View\Cell.php(180): App\Controllers\Frontend\Search\Search->index(0)
#10 G:\OpenServer\domains\ht.hoconline.com\vendor\codeigniter4\framework\system\Common.php(1140): CodeIgniter\View\Cell->render('\\App\\Controller...', 'page=0', 0, 'AppControllersF...')
#11 G:\OpenServer\domains\ht.hoconline.com\app\Controllers\Frontend\Homepage\Router.php(41): view_cell('\\App\\Controller...', 'page=0')
#12 G:\OpenServer\domains\ht.hoconline.com\vendor\codeigniter4\framework\system\CodeIgniter.php(918): App\Controllers\Frontend\Homepage\Router->search(0)
#13 G:\OpenServer\domains\ht.hoconline.com\vendor\codeigniter4\framework\system\CodeIgniter.php(404): CodeIgniter\CodeIgniter->runController(Object(App\Controllers\Frontend\Homepage\Router))
#14 G:\OpenServer\domains\ht.hoconline.com\vendor\codeigniter4\framework\system\CodeIgniter.php(312): CodeIgniter\CodeIgniter->handleRequest(NULL, Object(Config\Cache), false)
#15 G:\OpenServer\domains\ht.hoconline.com\index.php(48): CodeIgniter\CodeIgniter->run()
#16 {main}
CRITICAL - 2021-10-29 05:26:52 --> Invalid file: {0}
#0 G:\OpenServer\domains\ht.hoconline.com\vendor\codeigniter4\framework\system\View\View.php(228): CodeIgniter\Exceptions\FrameworkException::forInvalidFile('frontend/dashbo...')
#1 G:\OpenServer\domains\ht.hoconline.com\vendor\codeigniter4\framework\system\Common.php(1119): CodeIgniter\View\View->render('frontend/dashbo...', Array, true)
#2 G:\OpenServer\domains\ht.hoconline.com\app\Views\frontend\homepage\common\header.php(68): view('frontend/dashbo...')
#3 G:\OpenServer\domains\ht.hoconline.com\vendor\codeigniter4\framework\system\View\View.php(246): include('G:\\OpenServer\\d...')
#4 G:\OpenServer\domains\ht.hoconline.com\vendor\codeigniter4\framework\system\Common.php(1119): CodeIgniter\View\View->render('frontend/homepa...', Array, true)
#5 G:\OpenServer\domains\ht.hoconline.com\app\Views\frontend\homepage\layout\home.php(69): view('frontend/homepa...')
#6 G:\OpenServer\domains\ht.hoconline.com\vendor\codeigniter4\framework\system\View\View.php(246): include('G:\\OpenServer\\d...')
#7 G:\OpenServer\domains\ht.hoconline.com\vendor\codeigniter4\framework\system\Common.php(1119): CodeIgniter\View\View->render('frontend/homepa...', Array, true)
#8 G:\OpenServer\domains\ht.hoconline.com\app\Controllers\Frontend\Search\Search.php(104): view('frontend/homepa...', Array)
#9 G:\OpenServer\domains\ht.hoconline.com\vendor\codeigniter4\framework\system\View\Cell.php(180): App\Controllers\Frontend\Search\Search->index(0)
#10 G:\OpenServer\domains\ht.hoconline.com\vendor\codeigniter4\framework\system\Common.php(1140): CodeIgniter\View\Cell->render('\\App\\Controller...', 'page=0', 0, 'AppControllersF...')
#11 G:\OpenServer\domains\ht.hoconline.com\app\Controllers\Frontend\Homepage\Router.php(41): view_cell('\\App\\Controller...', 'page=0')
#12 G:\OpenServer\domains\ht.hoconline.com\vendor\codeigniter4\framework\system\CodeIgniter.php(918): App\Controllers\Frontend\Homepage\Router->search(0)
#13 G:\OpenServer\domains\ht.hoconline.com\vendor\codeigniter4\framework\system\CodeIgniter.php(404): CodeIgniter\CodeIgniter->runController(Object(App\Controllers\Frontend\Homepage\Router))
#14 G:\OpenServer\domains\ht.hoconline.com\vendor\codeigniter4\framework\system\CodeIgniter.php(312): CodeIgniter\CodeIgniter->handleRequest(NULL, Object(Config\Cache), false)
#15 G:\OpenServer\domains\ht.hoconline.com\index.php(48): CodeIgniter\CodeIgniter->run()
#16 {main}
