CRITICAL - 2021-10-28 08:55:10 --> Undefined variable: totalTime
#0 G:\OpenServer\domains\ht.hoconline.com\vendor\codeigniter4\framework\system\Debug\Toolbar\Views\toolbar.tpl.php(56): CodeIgniter\Debug\Exceptions->errorHandler(8, 'Undefined varia...', 'G:\\OpenServer\\d...', 56, Array)
#1 G:\OpenServer\domains\ht.hoconline.com\vendor\codeigniter4\framework\system\Debug\Toolbar.php(498): include('G:\\OpenServer\\d...')
#2 G:\OpenServer\domains\ht.hoconline.com\vendor\codeigniter4\framework\system\Debug\Toolbar.php(455): CodeIgniter\Debug\Toolbar->format(Array, 'html')
#3 G:\OpenServer\domains\ht.hoconline.com\app\Config\Events.php(44): CodeIgniter\Debug\Toolbar->respond()
#4 [internal function]: CodeIgniter\Events\Events::Config\{closure}()
#5 G:\OpenServer\domains\ht.hoconline.com\vendor\codeigniter4\framework\system\Events\Events.php(188): call_user_func(Object(Closure))
#6 G:\OpenServer\domains\ht.hoconline.com\vendor\codeigniter4\framework\system\CodeIgniter.php(293): CodeIgniter\Events\Events::trigger('pre_system')
#7 G:\OpenServer\domains\ht.hoconline.com\index.php(48): CodeIgniter\CodeIgniter->run()
#8 {main}
CRITICAL - 2021-10-28 09:01:21 --> Undefined index: cat_title
#0 G:\OpenServer\domains\ht.hoconline.com\app\Views\backend\product\lesson\index.php(147): CodeIgniter\Debug\Exceptions->errorHandler(8, 'Undefined index...', 'G:\\OpenServer\\d...', 147, Array)
#1 G:\OpenServer\domains\ht.hoconline.com\vendor\codeigniter4\framework\system\View\View.php(246): include('G:\\OpenServer\\d...')
#2 G:\OpenServer\domains\ht.hoconline.com\vendor\codeigniter4\framework\system\Common.php(1119): CodeIgniter\View\View->render('backend/product...', Array, true)
#3 G:\OpenServer\domains\ht.hoconline.com\app\Views\backend\dashboard\layout\home.php(44): view('backend/product...')
#4 G:\OpenServer\domains\ht.hoconline.com\vendor\codeigniter4\framework\system\View\View.php(246): include('G:\\OpenServer\\d...')
#5 G:\OpenServer\domains\ht.hoconline.com\vendor\codeigniter4\framework\system\Common.php(1119): CodeIgniter\View\View->render('backend/dashboa...', Array, true)
#6 G:\OpenServer\domains\ht.hoconline.com\app\Controllers\Backend\Product\Lesson.php(88): view('backend/dashboa...', Array)
#7 G:\OpenServer\domains\ht.hoconline.com\vendor\codeigniter4\framework\system\CodeIgniter.php(918): App\Controllers\Backend\Product\Lesson->index()
#8 G:\OpenServer\domains\ht.hoconline.com\vendor\codeigniter4\framework\system\CodeIgniter.php(404): CodeIgniter\CodeIgniter->runController(Object(App\Controllers\Backend\Product\Lesson))
#9 G:\OpenServer\domains\ht.hoconline.com\vendor\codeigniter4\framework\system\CodeIgniter.php(312): CodeIgniter\CodeIgniter->handleRequest(NULL, Object(Config\Cache), false)
#10 G:\OpenServer\domains\ht.hoconline.com\index.php(48): CodeIgniter\CodeIgniter->run()
#11 {main}
CRITICAL - 2021-10-28 09:03:32 --> Undefined index: cat_title
#0 G:\OpenServer\domains\ht.hoconline.com\app\Views\backend\product\lesson\index.php(147): CodeIgniter\Debug\Exceptions->errorHandler(8, 'Undefined index...', 'G:\\OpenServer\\d...', 147, Array)
#1 G:\OpenServer\domains\ht.hoconline.com\vendor\codeigniter4\framework\system\View\View.php(246): include('G:\\OpenServer\\d...')
#2 G:\OpenServer\domains\ht.hoconline.com\vendor\codeigniter4\framework\system\Common.php(1119): CodeIgniter\View\View->render('backend/product...', Array, true)
#3 G:\OpenServer\domains\ht.hoconline.com\app\Views\backend\dashboard\layout\home.php(44): view('backend/product...')
#4 G:\OpenServer\domains\ht.hoconline.com\vendor\codeigniter4\framework\system\View\View.php(246): include('G:\\OpenServer\\d...')
#5 G:\OpenServer\domains\ht.hoconline.com\vendor\codeigniter4\framework\system\Common.php(1119): CodeIgniter\View\View->render('backend/dashboa...', Array, true)
#6 G:\OpenServer\domains\ht.hoconline.com\app\Controllers\Backend\Product\Lesson.php(100): view('backend/dashboa...', Array)
#7 G:\OpenServer\domains\ht.hoconline.com\vendor\codeigniter4\framework\system\CodeIgniter.php(918): App\Controllers\Backend\Product\Lesson->index()
#8 G:\OpenServer\domains\ht.hoconline.com\vendor\codeigniter4\framework\system\CodeIgniter.php(404): CodeIgniter\CodeIgniter->runController(Object(App\Controllers\Backend\Product\Lesson))
#9 G:\OpenServer\domains\ht.hoconline.com\vendor\codeigniter4\framework\system\CodeIgniter.php(312): CodeIgniter\CodeIgniter->handleRequest(NULL, Object(Config\Cache), false)
#10 G:\OpenServer\domains\ht.hoconline.com\index.php(48): CodeIgniter\CodeIgniter->run()
#11 {main}
CRITICAL - 2021-10-28 09:03:42 --> Undefined index: featured
#0 G:\OpenServer\domains\ht.hoconline.com\app\Views\backend\product\lesson\index.php(172): CodeIgniter\Debug\Exceptions->errorHandler(8, 'Undefined index...', 'G:\\OpenServer\\d...', 172, Array)
#1 G:\OpenServer\domains\ht.hoconline.com\vendor\codeigniter4\framework\system\View\View.php(246): include('G:\\OpenServer\\d...')
#2 G:\OpenServer\domains\ht.hoconline.com\vendor\codeigniter4\framework\system\Common.php(1119): CodeIgniter\View\View->render('backend/product...', Array, true)
#3 G:\OpenServer\domains\ht.hoconline.com\app\Views\backend\dashboard\layout\home.php(44): view('backend/product...')
#4 G:\OpenServer\domains\ht.hoconline.com\vendor\codeigniter4\framework\system\View\View.php(246): include('G:\\OpenServer\\d...')
#5 G:\OpenServer\domains\ht.hoconline.com\vendor\codeigniter4\framework\system\Common.php(1119): CodeIgniter\View\View->render('backend/dashboa...', Array, true)
#6 G:\OpenServer\domains\ht.hoconline.com\app\Controllers\Backend\Product\Lesson.php(100): view('backend/dashboa...', Array)
#7 G:\OpenServer\domains\ht.hoconline.com\vendor\codeigniter4\framework\system\CodeIgniter.php(918): App\Controllers\Backend\Product\Lesson->index()
#8 G:\OpenServer\domains\ht.hoconline.com\vendor\codeigniter4\framework\system\CodeIgniter.php(404): CodeIgniter\CodeIgniter->runController(Object(App\Controllers\Backend\Product\Lesson))
#9 G:\OpenServer\domains\ht.hoconline.com\vendor\codeigniter4\framework\system\CodeIgniter.php(312): CodeIgniter\CodeIgniter->handleRequest(NULL, Object(Config\Cache), false)
#10 G:\OpenServer\domains\ht.hoconline.com\index.php(48): CodeIgniter\CodeIgniter->run()
#11 {main}
CRITICAL - 2021-10-28 09:05:13 --> Call to a member function dropdown() on null
#0 G:\OpenServer\domains\ht.hoconline.com\vendor\codeigniter4\framework\system\CodeIgniter.php(918): App\Controllers\Backend\Product\Lesson->update(4)
#1 G:\OpenServer\domains\ht.hoconline.com\vendor\codeigniter4\framework\system\CodeIgniter.php(404): CodeIgniter\CodeIgniter->runController(Object(App\Controllers\Backend\Product\Lesson))
#2 G:\OpenServer\domains\ht.hoconline.com\vendor\codeigniter4\framework\system\CodeIgniter.php(312): CodeIgniter\CodeIgniter->handleRequest(NULL, Object(Config\Cache), false)
#3 G:\OpenServer\domains\ht.hoconline.com\index.php(48): CodeIgniter\CodeIgniter->run()
#4 {main}
CRITICAL - 2021-10-28 09:06:13 --> Call to a member function _get_where() on null
#0 G:\OpenServer\domains\ht.hoconline.com\app\Controllers\Backend\Product\Lesson.php(13): App\Controllers\Backend\Product\Lesson->dropdown()
#1 G:\OpenServer\domains\ht.hoconline.com\vendor\codeigniter4\framework\system\CodeIgniter.php(890): App\Controllers\Backend\Product\Lesson->__construct()
#2 G:\OpenServer\domains\ht.hoconline.com\vendor\codeigniter4\framework\system\CodeIgniter.php(399): CodeIgniter\CodeIgniter->createController()
#3 G:\OpenServer\domains\ht.hoconline.com\vendor\codeigniter4\framework\system\CodeIgniter.php(312): CodeIgniter\CodeIgniter->handleRequest(NULL, Object(Config\Cache), false)
#4 G:\OpenServer\domains\ht.hoconline.com\index.php(48): CodeIgniter\CodeIgniter->run()
#5 {main}
CRITICAL - 2021-10-28 09:06:32 --> Call to a member function _get_where() on null
#0 G:\OpenServer\domains\ht.hoconline.com\app\Controllers\Backend\Product\Lesson.php(13): App\Controllers\Backend\Product\Lesson->dropdown()
#1 G:\OpenServer\domains\ht.hoconline.com\vendor\codeigniter4\framework\system\CodeIgniter.php(890): App\Controllers\Backend\Product\Lesson->__construct()
#2 G:\OpenServer\domains\ht.hoconline.com\vendor\codeigniter4\framework\system\CodeIgniter.php(399): CodeIgniter\CodeIgniter->createController()
#3 G:\OpenServer\domains\ht.hoconline.com\vendor\codeigniter4\framework\system\CodeIgniter.php(312): CodeIgniter\CodeIgniter->handleRequest(NULL, Object(Config\Cache), false)
#4 G:\OpenServer\domains\ht.hoconline.com\index.php(48): CodeIgniter\CodeIgniter->run()
#5 {main}
CRITICAL - 2021-10-28 09:06:33 --> Call to a member function _get_where() on null
#0 G:\OpenServer\domains\ht.hoconline.com\app\Controllers\Backend\Product\Lesson.php(13): App\Controllers\Backend\Product\Lesson->dropdown()
#1 G:\OpenServer\domains\ht.hoconline.com\vendor\codeigniter4\framework\system\CodeIgniter.php(890): App\Controllers\Backend\Product\Lesson->__construct()
#2 G:\OpenServer\domains\ht.hoconline.com\vendor\codeigniter4\framework\system\CodeIgniter.php(399): CodeIgniter\CodeIgniter->createController()
#3 G:\OpenServer\domains\ht.hoconline.com\vendor\codeigniter4\framework\system\CodeIgniter.php(312): CodeIgniter\CodeIgniter->handleRequest(NULL, Object(Config\Cache), false)
#4 G:\OpenServer\domains\ht.hoconline.com\index.php(48): CodeIgniter\CodeIgniter->run()
#5 {main}
CRITICAL - 2021-10-28 09:11:30 --> Undefined variable: article
#0 G:\OpenServer\domains\ht.hoconline.com\app\Views\backend\product\lesson\delete.php(6): CodeIgniter\Debug\Exceptions->errorHandler(8, 'Undefined varia...', 'G:\\OpenServer\\d...', 6, Array)
#1 G:\OpenServer\domains\ht.hoconline.com\vendor\codeigniter4\framework\system\View\View.php(246): include('G:\\OpenServer\\d...')
#2 G:\OpenServer\domains\ht.hoconline.com\vendor\codeigniter4\framework\system\Common.php(1119): CodeIgniter\View\View->render('backend/product...', Array, true)
#3 G:\OpenServer\domains\ht.hoconline.com\app\Views\backend\dashboard\layout\home.php(44): view('backend/product...')
#4 G:\OpenServer\domains\ht.hoconline.com\vendor\codeigniter4\framework\system\View\View.php(246): include('G:\\OpenServer\\d...')
#5 G:\OpenServer\domains\ht.hoconline.com\vendor\codeigniter4\framework\system\Common.php(1119): CodeIgniter\View\View->render('backend/dashboa...', Array, true)
#6 G:\OpenServer\domains\ht.hoconline.com\app\Controllers\Backend\Product\Lesson.php(336): view('backend/dashboa...', Array)
#7 G:\OpenServer\domains\ht.hoconline.com\vendor\codeigniter4\framework\system\CodeIgniter.php(918): App\Controllers\Backend\Product\Lesson->delete(4)
#8 G:\OpenServer\domains\ht.hoconline.com\vendor\codeigniter4\framework\system\CodeIgniter.php(404): CodeIgniter\CodeIgniter->runController(Object(App\Controllers\Backend\Product\Lesson))
#9 G:\OpenServer\domains\ht.hoconline.com\vendor\codeigniter4\framework\system\CodeIgniter.php(312): CodeIgniter\CodeIgniter->handleRequest(NULL, Object(Config\Cache), false)
#10 G:\OpenServer\domains\ht.hoconline.com\index.php(48): CodeIgniter\CodeIgniter->run()
#11 {main}
CRITICAL - 2021-10-28 09:53:04 --> Undefined index: author
#0 G:\OpenServer\domains\ht.hoconline.com\app\Views\frontend\product\product\index.php(174): CodeIgniter\Debug\Exceptions->errorHandler(8, 'Undefined index...', 'G:\\OpenServer\\d...', 174, Array)
#1 G:\OpenServer\domains\ht.hoconline.com\vendor\codeigniter4\framework\system\View\View.php(246): include('G:\\OpenServer\\d...')
#2 G:\OpenServer\domains\ht.hoconline.com\vendor\codeigniter4\framework\system\Common.php(1119): CodeIgniter\View\View->render('frontend/produc...', Array, true)
#3 G:\OpenServer\domains\ht.hoconline.com\app\Views\frontend\homepage\layout\home.php(71): view('frontend/produc...')
#4 G:\OpenServer\domains\ht.hoconline.com\vendor\codeigniter4\framework\system\View\View.php(246): include('G:\\OpenServer\\d...')
#5 G:\OpenServer\domains\ht.hoconline.com\vendor\codeigniter4\framework\system\Common.php(1119): CodeIgniter\View\View->render('frontend/homepa...', Array, true)
#6 G:\OpenServer\domains\ht.hoconline.com\app\Controllers\Frontend\Product\Product.php(125): view('frontend/homepa...', Array)
#7 G:\OpenServer\domains\ht.hoconline.com\vendor\codeigniter4\framework\system\View\Cell.php(180): App\Controllers\Frontend\Product\Product->index(Array, '1')
#8 G:\OpenServer\domains\ht.hoconline.com\vendor\codeigniter4\framework\system\Common.php(1140): CodeIgniter\View\Cell->render('\\App\\Controller...', 'id=6, page=1', 0, 'AppControllersF...')
#9 G:\OpenServer\domains\ht.hoconline.com\app\Controllers\Frontend\Homepage\Router.php(59): view_cell('\\App\\Controller...', 'id=6, page=1')
#10 G:\OpenServer\domains\ht.hoconline.com\vendor\codeigniter4\framework\system\CodeIgniter.php(918): App\Controllers\Frontend\Homepage\Router->index('teaches-cooking...')
#11 G:\OpenServer\domains\ht.hoconline.com\vendor\codeigniter4\framework\system\CodeIgniter.php(404): CodeIgniter\CodeIgniter->runController(Object(App\Controllers\Frontend\Homepage\Router))
#12 G:\OpenServer\domains\ht.hoconline.com\vendor\codeigniter4\framework\system\CodeIgniter.php(312): CodeIgniter\CodeIgniter->handleRequest(NULL, Object(Config\Cache), false)
#13 G:\OpenServer\domains\ht.hoconline.com\index.php(48): CodeIgniter\CodeIgniter->run()
#14 {main}
CRITICAL - 2021-10-28 09:53:45 --> Undefined index: author
#0 G:\OpenServer\domains\ht.hoconline.com\app\Views\frontend\product\product\index.php(174): CodeIgniter\Debug\Exceptions->errorHandler(8, 'Undefined index...', 'G:\\OpenServer\\d...', 174, Array)
#1 G:\OpenServer\domains\ht.hoconline.com\vendor\codeigniter4\framework\system\View\View.php(246): include('G:\\OpenServer\\d...')
#2 G:\OpenServer\domains\ht.hoconline.com\vendor\codeigniter4\framework\system\Common.php(1119): CodeIgniter\View\View->render('frontend/produc...', Array, true)
#3 G:\OpenServer\domains\ht.hoconline.com\app\Views\frontend\homepage\layout\home.php(71): view('frontend/produc...')
#4 G:\OpenServer\domains\ht.hoconline.com\vendor\codeigniter4\framework\system\View\View.php(246): include('G:\\OpenServer\\d...')
#5 G:\OpenServer\domains\ht.hoconline.com\vendor\codeigniter4\framework\system\Common.php(1119): CodeIgniter\View\View->render('frontend/homepa...', Array, true)
#6 G:\OpenServer\domains\ht.hoconline.com\app\Controllers\Frontend\Product\Product.php(125): view('frontend/homepa...', Array)
#7 G:\OpenServer\domains\ht.hoconline.com\vendor\codeigniter4\framework\system\View\Cell.php(180): App\Controllers\Frontend\Product\Product->index(Array, '1')
#8 G:\OpenServer\domains\ht.hoconline.com\vendor\codeigniter4\framework\system\Common.php(1140): CodeIgniter\View\Cell->render('\\App\\Controller...', 'id=6, page=1', 0, 'AppControllersF...')
#9 G:\OpenServer\domains\ht.hoconline.com\app\Controllers\Frontend\Homepage\Router.php(59): view_cell('\\App\\Controller...', 'id=6, page=1')
#10 G:\OpenServer\domains\ht.hoconline.com\vendor\codeigniter4\framework\system\CodeIgniter.php(918): App\Controllers\Frontend\Homepage\Router->index('teaches-cooking...')
#11 G:\OpenServer\domains\ht.hoconline.com\vendor\codeigniter4\framework\system\CodeIgniter.php(404): CodeIgniter\CodeIgniter->runController(Object(App\Controllers\Frontend\Homepage\Router))
#12 G:\OpenServer\domains\ht.hoconline.com\vendor\codeigniter4\framework\system\CodeIgniter.php(312): CodeIgniter\CodeIgniter->handleRequest(NULL, Object(Config\Cache), false)
#13 G:\OpenServer\domains\ht.hoconline.com\index.php(48): CodeIgniter\CodeIgniter->run()
#14 {main}
CRITICAL - 2021-10-28 09:54:18 --> Undefined index: author
#0 G:\OpenServer\domains\ht.hoconline.com\app\Views\frontend\product\product\index.php(174): CodeIgniter\Debug\Exceptions->errorHandler(8, 'Undefined index...', 'G:\\OpenServer\\d...', 174, Array)
#1 G:\OpenServer\domains\ht.hoconline.com\vendor\codeigniter4\framework\system\View\View.php(246): include('G:\\OpenServer\\d...')
#2 G:\OpenServer\domains\ht.hoconline.com\vendor\codeigniter4\framework\system\Common.php(1119): CodeIgniter\View\View->render('frontend/produc...', Array, true)
#3 G:\OpenServer\domains\ht.hoconline.com\app\Views\frontend\homepage\layout\home.php(71): view('frontend/produc...')
#4 G:\OpenServer\domains\ht.hoconline.com\vendor\codeigniter4\framework\system\View\View.php(246): include('G:\\OpenServer\\d...')
#5 G:\OpenServer\domains\ht.hoconline.com\vendor\codeigniter4\framework\system\Common.php(1119): CodeIgniter\View\View->render('frontend/homepa...', Array, true)
#6 G:\OpenServer\domains\ht.hoconline.com\app\Controllers\Frontend\Product\Product.php(125): view('frontend/homepa...', Array)
#7 G:\OpenServer\domains\ht.hoconline.com\vendor\codeigniter4\framework\system\View\Cell.php(180): App\Controllers\Frontend\Product\Product->index(Array, '1')
#8 G:\OpenServer\domains\ht.hoconline.com\vendor\codeigniter4\framework\system\Common.php(1140): CodeIgniter\View\Cell->render('\\App\\Controller...', 'id=6, page=1', 0, 'AppControllersF...')
#9 G:\OpenServer\domains\ht.hoconline.com\app\Controllers\Frontend\Homepage\Router.php(59): view_cell('\\App\\Controller...', 'id=6, page=1')
#10 G:\OpenServer\domains\ht.hoconline.com\vendor\codeigniter4\framework\system\CodeIgniter.php(918): App\Controllers\Frontend\Homepage\Router->index('teaches-cooking...')
#11 G:\OpenServer\domains\ht.hoconline.com\vendor\codeigniter4\framework\system\CodeIgniter.php(404): CodeIgniter\CodeIgniter->runController(Object(App\Controllers\Frontend\Homepage\Router))
#12 G:\OpenServer\domains\ht.hoconline.com\vendor\codeigniter4\framework\system\CodeIgniter.php(312): CodeIgniter\CodeIgniter->handleRequest(NULL, Object(Config\Cache), false)
#13 G:\OpenServer\domains\ht.hoconline.com\index.php(48): CodeIgniter\CodeIgniter->run()
#14 {main}
CRITICAL - 2021-10-28 09:55:24 --> Undefined index: author
#0 G:\OpenServer\domains\ht.hoconline.com\app\Views\frontend\product\product\index.php(174): CodeIgniter\Debug\Exceptions->errorHandler(8, 'Undefined index...', 'G:\\OpenServer\\d...', 174, Array)
#1 G:\OpenServer\domains\ht.hoconline.com\vendor\codeigniter4\framework\system\View\View.php(246): include('G:\\OpenServer\\d...')
#2 G:\OpenServer\domains\ht.hoconline.com\vendor\codeigniter4\framework\system\Common.php(1119): CodeIgniter\View\View->render('frontend/produc...', Array, true)
#3 G:\OpenServer\domains\ht.hoconline.com\app\Views\frontend\homepage\layout\home.php(71): view('frontend/produc...')
#4 G:\OpenServer\domains\ht.hoconline.com\vendor\codeigniter4\framework\system\View\View.php(246): include('G:\\OpenServer\\d...')
#5 G:\OpenServer\domains\ht.hoconline.com\vendor\codeigniter4\framework\system\Common.php(1119): CodeIgniter\View\View->render('frontend/homepa...', Array, true)
#6 G:\OpenServer\domains\ht.hoconline.com\app\Controllers\Frontend\Product\Product.php(125): view('frontend/homepa...', Array)
#7 G:\OpenServer\domains\ht.hoconline.com\vendor\codeigniter4\framework\system\View\Cell.php(180): App\Controllers\Frontend\Product\Product->index(Array, '1')
#8 G:\OpenServer\domains\ht.hoconline.com\vendor\codeigniter4\framework\system\Common.php(1140): CodeIgniter\View\Cell->render('\\App\\Controller...', 'id=6, page=1', 0, 'AppControllersF...')
#9 G:\OpenServer\domains\ht.hoconline.com\app\Controllers\Frontend\Homepage\Router.php(59): view_cell('\\App\\Controller...', 'id=6, page=1')
#10 G:\OpenServer\domains\ht.hoconline.com\vendor\codeigniter4\framework\system\CodeIgniter.php(918): App\Controllers\Frontend\Homepage\Router->index('teaches-cooking...')
#11 G:\OpenServer\domains\ht.hoconline.com\vendor\codeigniter4\framework\system\CodeIgniter.php(404): CodeIgniter\CodeIgniter->runController(Object(App\Controllers\Frontend\Homepage\Router))
#12 G:\OpenServer\domains\ht.hoconline.com\vendor\codeigniter4\framework\system\CodeIgniter.php(312): CodeIgniter\CodeIgniter->handleRequest(NULL, Object(Config\Cache), false)
#13 G:\OpenServer\domains\ht.hoconline.com\index.php(48): CodeIgniter\CodeIgniter->run()
#14 {main}
CRITICAL - 2021-10-28 10:01:30 --> Undefined index: title
#0 G:\OpenServer\domains\ht.hoconline.com\app\Views\frontend\product\product\index.php(122): CodeIgniter\Debug\Exceptions->errorHandler(8, 'Undefined index...', 'G:\\OpenServer\\d...', 122, Array)
#1 G:\OpenServer\domains\ht.hoconline.com\vendor\codeigniter4\framework\system\View\View.php(246): include('G:\\OpenServer\\d...')
#2 G:\OpenServer\domains\ht.hoconline.com\vendor\codeigniter4\framework\system\Common.php(1119): CodeIgniter\View\View->render('frontend/produc...', Array, true)
#3 G:\OpenServer\domains\ht.hoconline.com\app\Views\frontend\homepage\layout\home.php(71): view('frontend/produc...')
#4 G:\OpenServer\domains\ht.hoconline.com\vendor\codeigniter4\framework\system\View\View.php(246): include('G:\\OpenServer\\d...')
#5 G:\OpenServer\domains\ht.hoconline.com\vendor\codeigniter4\framework\system\Common.php(1119): CodeIgniter\View\View->render('frontend/homepa...', Array, true)
#6 G:\OpenServer\domains\ht.hoconline.com\app\Controllers\Frontend\Product\Product.php(149): view('frontend/homepa...', Array)
#7 G:\OpenServer\domains\ht.hoconline.com\vendor\codeigniter4\framework\system\View\Cell.php(180): App\Controllers\Frontend\Product\Product->index(Array, '1')
#8 G:\OpenServer\domains\ht.hoconline.com\vendor\codeigniter4\framework\system\Common.php(1140): CodeIgniter\View\Cell->render('\\App\\Controller...', 'id=6, page=1', 0, 'AppControllersF...')
#9 G:\OpenServer\domains\ht.hoconline.com\app\Controllers\Frontend\Homepage\Router.php(59): view_cell('\\App\\Controller...', 'id=6, page=1')
#10 G:\OpenServer\domains\ht.hoconline.com\vendor\codeigniter4\framework\system\CodeIgniter.php(918): App\Controllers\Frontend\Homepage\Router->index('teaches-cooking...')
#11 G:\OpenServer\domains\ht.hoconline.com\vendor\codeigniter4\framework\system\CodeIgniter.php(404): CodeIgniter\CodeIgniter->runController(Object(App\Controllers\Frontend\Homepage\Router))
#12 G:\OpenServer\domains\ht.hoconline.com\vendor\codeigniter4\framework\system\CodeIgniter.php(312): CodeIgniter\CodeIgniter->handleRequest(NULL, Object(Config\Cache), false)
#13 G:\OpenServer\domains\ht.hoconline.com\index.php(48): CodeIgniter\CodeIgniter->run()
#14 {main}
CRITICAL - 2021-10-28 10:01:51 --> Undefined index: description
#0 G:\OpenServer\domains\ht.hoconline.com\app\Views\frontend\product\product\index.php(129): CodeIgniter\Debug\Exceptions->errorHandler(8, 'Undefined index...', 'G:\\OpenServer\\d...', 129, Array)
#1 G:\OpenServer\domains\ht.hoconline.com\vendor\codeigniter4\framework\system\View\View.php(246): include('G:\\OpenServer\\d...')
#2 G:\OpenServer\domains\ht.hoconline.com\vendor\codeigniter4\framework\system\Common.php(1119): CodeIgniter\View\View->render('frontend/produc...', Array, true)
#3 G:\OpenServer\domains\ht.hoconline.com\app\Views\frontend\homepage\layout\home.php(71): view('frontend/produc...')
#4 G:\OpenServer\domains\ht.hoconline.com\vendor\codeigniter4\framework\system\View\View.php(246): include('G:\\OpenServer\\d...')
#5 G:\OpenServer\domains\ht.hoconline.com\vendor\codeigniter4\framework\system\Common.php(1119): CodeIgniter\View\View->render('frontend/homepa...', Array, true)
#6 G:\OpenServer\domains\ht.hoconline.com\app\Controllers\Frontend\Product\Product.php(149): view('frontend/homepa...', Array)
#7 G:\OpenServer\domains\ht.hoconline.com\vendor\codeigniter4\framework\system\View\Cell.php(180): App\Controllers\Frontend\Product\Product->index(Array, '1')
#8 G:\OpenServer\domains\ht.hoconline.com\vendor\codeigniter4\framework\system\Common.php(1140): CodeIgniter\View\Cell->render('\\App\\Controller...', 'id=6, page=1', 0, 'AppControllersF...')
#9 G:\OpenServer\domains\ht.hoconline.com\app\Controllers\Frontend\Homepage\Router.php(59): view_cell('\\App\\Controller...', 'id=6, page=1')
#10 G:\OpenServer\domains\ht.hoconline.com\vendor\codeigniter4\framework\system\CodeIgniter.php(918): App\Controllers\Frontend\Homepage\Router->index('teaches-cooking...')
#11 G:\OpenServer\domains\ht.hoconline.com\vendor\codeigniter4\framework\system\CodeIgniter.php(404): CodeIgniter\CodeIgniter->runController(Object(App\Controllers\Frontend\Homepage\Router))
#12 G:\OpenServer\domains\ht.hoconline.com\vendor\codeigniter4\framework\system\CodeIgniter.php(312): CodeIgniter\CodeIgniter->handleRequest(NULL, Object(Config\Cache), false)
#13 G:\OpenServer\domains\ht.hoconline.com\index.php(48): CodeIgniter\CodeIgniter->run()
#14 {main}
CRITICAL - 2021-10-28 10:13:50 --> Unable to locate view cell class: {0}.
#0 G:\OpenServer\domains\ht.hoconline.com\vendor\codeigniter4\framework\system\View\Cell.php(268): CodeIgniter\View\Exceptions\ViewException::forInvalidCellClass('\\App\\Controller...')
#1 G:\OpenServer\domains\ht.hoconline.com\vendor\codeigniter4\framework\system\View\Cell.php(110): CodeIgniter\View\Cell->determineClass('\\App\\Controller...')
#2 G:\OpenServer\domains\ht.hoconline.com\vendor\codeigniter4\framework\system\Common.php(1140): CodeIgniter\View\Cell->render('\\App\\Controller...', 'id=5, page=1', 0, NULL)
#3 G:\OpenServer\domains\ht.hoconline.com\app\Controllers\Frontend\Homepage\Router.php(59): view_cell('\\App\\Controller...', 'id=5, page=1')
#4 G:\OpenServer\domains\ht.hoconline.com\vendor\codeigniter4\framework\system\CodeIgniter.php(918): App\Controllers\Frontend\Homepage\Router->index('mirroring')
#5 G:\OpenServer\domains\ht.hoconline.com\vendor\codeigniter4\framework\system\CodeIgniter.php(404): CodeIgniter\CodeIgniter->runController(Object(App\Controllers\Frontend\Homepage\Router))
#6 G:\OpenServer\domains\ht.hoconline.com\vendor\codeigniter4\framework\system\CodeIgniter.php(312): CodeIgniter\CodeIgniter->handleRequest(NULL, Object(Config\Cache), false)
#7 G:\OpenServer\domains\ht.hoconline.com\index.php(48): CodeIgniter\CodeIgniter->run()
#8 {main}
CRITICAL - 2021-10-28 22:42:53 --> Unable to connect to the database.
#0 G:\OpenServer\domains\ht.hoconline.com\vendor\codeigniter4\framework\system\Database\BaseConnection.php(646): CodeIgniter\Database\BaseConnection->initialize()
#1 G:\OpenServer\domains\ht.hoconline.com\vendor\codeigniter4\framework\system\Database\BaseBuilder.php(1860): CodeIgniter\Database\BaseConnection->query('SELECT `keyword...', Array, false)
#2 G:\OpenServer\domains\ht.hoconline.com\app\Models\AutoloadModel.php(76): CodeIgniter\Database\BaseBuilder->get()
#3 G:\OpenServer\domains\ht.hoconline.com\app\Helpers\mydatafrontend_helper.php(133): App\Models\AutoloadModel->_get_where(Array, true)
#4 G:\OpenServer\domains\ht.hoconline.com\app\Controllers\FrontendController.php(27): get_general('vi')
#5 G:\OpenServer\domains\ht.hoconline.com\vendor\codeigniter4\framework\system\CodeIgniter.php(891): App\Controllers\FrontendController->initController(Object(CodeIgniter\HTTP\IncomingRequest), Object(CodeIgniter\HTTP\Response), Object(CodeIgniter\Log\Logger))
#6 G:\OpenServer\domains\ht.hoconline.com\vendor\codeigniter4\framework\system\CodeIgniter.php(399): CodeIgniter\CodeIgniter->createController()
#7 G:\OpenServer\domains\ht.hoconline.com\vendor\codeigniter4\framework\system\CodeIgniter.php(312): CodeIgniter\CodeIgniter->handleRequest(NULL, Object(Config\Cache), false)
#8 G:\OpenServer\domains\ht.hoconline.com\index.php(48): CodeIgniter\CodeIgniter->run()
#9 {main}
