CRITICAL - 2022-12-17 11:45:08 --> Unable to connect to the database.
#0 E:\OpenServer\domains\gomarket\vendor\codeigniter4\framework\system\Database\BaseConnection.php(646): CodeIgniter\Database\BaseConnection->initialize()
#1 E:\OpenServer\domains\gomarket\vendor\codeigniter4\framework\system\Database\BaseBuilder.php(1860): CodeIgniter\Database\BaseConnection->query('SELECT `keyword...', Array, false)
#2 E:\OpenServer\domains\gomarket\app\Models\AutoloadModel.php(76): CodeIgniter\Database\BaseBuilder->get()
#3 E:\OpenServer\domains\gomarket\app\Helpers\mydatafrontend_helper.php(133): App\Models\AutoloadModel->_get_where(Array, true)
#4 E:\OpenServer\domains\gomarket\app\Controllers\FrontendController.php(28): get_general('vi')
#5 E:\OpenServer\domains\gomarket\vendor\codeigniter4\framework\system\CodeIgniter.php(891): App\Controllers\FrontendController->initController(Object(CodeIgniter\HTTP\IncomingRequest), Object(CodeIgniter\HTTP\Response), Object(CodeIgniter\Log\Logger))
#6 E:\OpenServer\domains\gomarket\vendor\codeigniter4\framework\system\CodeIgniter.php(399): CodeIgniter\CodeIgniter->createController()
#7 E:\OpenServer\domains\gomarket\vendor\codeigniter4\framework\system\CodeIgniter.php(312): CodeIgniter\CodeIgniter->handleRequest(NULL, Object(Config\Cache), false)
#8 E:\OpenServer\domains\gomarket\index.php(47): CodeIgniter\CodeIgniter->run()
#9 {main}
CRITICAL - 2022-12-17 11:45:08 --> Unable to connect to the database.
#0 E:\OpenServer\domains\gomarket\vendor\codeigniter4\framework\system\Database\BaseConnection.php(646): CodeIgniter\Database\BaseConnection->initialize()
#1 E:\OpenServer\domains\gomarket\vendor\codeigniter4\framework\system\Database\BaseBuilder.php(1860): CodeIgniter\Database\BaseConnection->query('SELECT `keyword...', Array, false)
#2 E:\OpenServer\domains\gomarket\app\Models\AutoloadModel.php(76): CodeIgniter\Database\BaseBuilder->get()
#3 E:\OpenServer\domains\gomarket\app\Helpers\mydatafrontend_helper.php(133): App\Models\AutoloadModel->_get_where(Array, true)
#4 E:\OpenServer\domains\gomarket\app\Controllers\FrontendController.php(28): get_general('vi')
#5 E:\OpenServer\domains\gomarket\vendor\codeigniter4\framework\system\CodeIgniter.php(891): App\Controllers\FrontendController->initController(Object(CodeIgniter\HTTP\IncomingRequest), Object(CodeIgniter\HTTP\Response), Object(CodeIgniter\Log\Logger))
#6 E:\OpenServer\domains\gomarket\vendor\codeigniter4\framework\system\CodeIgniter.php(399): CodeIgniter\CodeIgniter->createController()
#7 E:\OpenServer\domains\gomarket\vendor\codeigniter4\framework\system\CodeIgniter.php(312): CodeIgniter\CodeIgniter->handleRequest(NULL, Object(Config\Cache), false)
#8 E:\OpenServer\domains\gomarket\index.php(47): CodeIgniter\CodeIgniter->run()
#9 {main}
CRITICAL - 2022-12-17 12:10:42 --> Undefined index: author
#0 E:\OpenServer\domains\gomarket\app\Views\backend\article\article\index.php(165): CodeIgniter\Debug\Exceptions->errorHandler(8, 'Undefined index...', 'E:\\OpenServer\\d...', 165, Array)
#1 E:\OpenServer\domains\gomarket\vendor\codeigniter4\framework\system\View\View.php(246): include('E:\\OpenServer\\d...')
#2 E:\OpenServer\domains\gomarket\vendor\codeigniter4\framework\system\Common.php(1119): CodeIgniter\View\View->render('backend/article...', Array, true)
#3 E:\OpenServer\domains\gomarket\app\Views\backend\dashboard\layout\home.php(44): view('backend/article...')
#4 E:\OpenServer\domains\gomarket\vendor\codeigniter4\framework\system\View\View.php(246): include('E:\\OpenServer\\d...')
#5 E:\OpenServer\domains\gomarket\vendor\codeigniter4\framework\system\Common.php(1119): CodeIgniter\View\View->render('backend/dashboa...', Array, true)
#6 E:\OpenServer\domains\gomarket\app\Controllers\Backend\Article\Article.php(98): view('backend/dashboa...', Array)
#7 E:\OpenServer\domains\gomarket\vendor\codeigniter4\framework\system\CodeIgniter.php(918): App\Controllers\Backend\Article\Article->index()
#8 E:\OpenServer\domains\gomarket\vendor\codeigniter4\framework\system\CodeIgniter.php(404): CodeIgniter\CodeIgniter->runController(Object(App\Controllers\Backend\Article\Article))
#9 E:\OpenServer\domains\gomarket\vendor\codeigniter4\framework\system\CodeIgniter.php(312): CodeIgniter\CodeIgniter->handleRequest(NULL, Object(Config\Cache), false)
#10 E:\OpenServer\domains\gomarket\index.php(47): CodeIgniter\CodeIgniter->run()
#11 {main}
CRITICAL - 2022-12-17 12:11:45 --> Undefined index: featured
#0 E:\OpenServer\domains\gomarket\app\Views\backend\article\article\index.php(170): CodeIgniter\Debug\Exceptions->errorHandler(8, 'Undefined index...', 'E:\\OpenServer\\d...', 170, Array)
#1 E:\OpenServer\domains\gomarket\vendor\codeigniter4\framework\system\View\View.php(246): include('E:\\OpenServer\\d...')
#2 E:\OpenServer\domains\gomarket\vendor\codeigniter4\framework\system\Common.php(1119): CodeIgniter\View\View->render('backend/article...', Array, true)
#3 E:\OpenServer\domains\gomarket\app\Views\backend\dashboard\layout\home.php(44): view('backend/article...')
#4 E:\OpenServer\domains\gomarket\vendor\codeigniter4\framework\system\View\View.php(246): include('E:\\OpenServer\\d...')
#5 E:\OpenServer\domains\gomarket\vendor\codeigniter4\framework\system\Common.php(1119): CodeIgniter\View\View->render('backend/dashboa...', Array, true)
#6 E:\OpenServer\domains\gomarket\app\Controllers\Backend\Article\Article.php(98): view('backend/dashboa...', Array)
#7 E:\OpenServer\domains\gomarket\vendor\codeigniter4\framework\system\CodeIgniter.php(918): App\Controllers\Backend\Article\Article->index()
#8 E:\OpenServer\domains\gomarket\vendor\codeigniter4\framework\system\CodeIgniter.php(404): CodeIgniter\CodeIgniter->runController(Object(App\Controllers\Backend\Article\Article))
#9 E:\OpenServer\domains\gomarket\vendor\codeigniter4\framework\system\CodeIgniter.php(312): CodeIgniter\CodeIgniter->handleRequest(NULL, Object(Config\Cache), false)
#10 E:\OpenServer\domains\gomarket\index.php(47): CodeIgniter\CodeIgniter->run()
#11 {main}
CRITICAL - 2022-12-17 12:12:13 --> Undefined index: trending
#0 E:\OpenServer\domains\gomarket\app\Views\backend\article\article\index.php(181): CodeIgniter\Debug\Exceptions->errorHandler(8, 'Undefined index...', 'E:\\OpenServer\\d...', 181, Array)
#1 E:\OpenServer\domains\gomarket\vendor\codeigniter4\framework\system\View\View.php(246): include('E:\\OpenServer\\d...')
#2 E:\OpenServer\domains\gomarket\vendor\codeigniter4\framework\system\Common.php(1119): CodeIgniter\View\View->render('backend/article...', Array, true)
#3 E:\OpenServer\domains\gomarket\app\Views\backend\dashboard\layout\home.php(44): view('backend/article...')
#4 E:\OpenServer\domains\gomarket\vendor\codeigniter4\framework\system\View\View.php(246): include('E:\\OpenServer\\d...')
#5 E:\OpenServer\domains\gomarket\vendor\codeigniter4\framework\system\Common.php(1119): CodeIgniter\View\View->render('backend/dashboa...', Array, true)
#6 E:\OpenServer\domains\gomarket\app\Controllers\Backend\Article\Article.php(98): view('backend/dashboa...', Array)
#7 E:\OpenServer\domains\gomarket\vendor\codeigniter4\framework\system\CodeIgniter.php(918): App\Controllers\Backend\Article\Article->index()
#8 E:\OpenServer\domains\gomarket\vendor\codeigniter4\framework\system\CodeIgniter.php(404): CodeIgniter\CodeIgniter->runController(Object(App\Controllers\Backend\Article\Article))
#9 E:\OpenServer\domains\gomarket\vendor\codeigniter4\framework\system\CodeIgniter.php(312): CodeIgniter\CodeIgniter->handleRequest(NULL, Object(Config\Cache), false)
#10 E:\OpenServer\domains\gomarket\index.php(47): CodeIgniter\CodeIgniter->run()
#11 {main}
CRITICAL - 2022-12-17 12:58:38 --> Unknown column 'author' in 'field list'
#0 E:\OpenServer\domains\gomarket\vendor\codeigniter4\framework\system\Database\MySQLi\Connection.php(331): mysqli->query('UPDATE `article...')
#1 E:\OpenServer\domains\gomarket\vendor\codeigniter4\framework\system\Database\BaseConnection.php(741): CodeIgniter\Database\MySQLi\Connection->execute('UPDATE `article...')
#2 E:\OpenServer\domains\gomarket\vendor\codeigniter4\framework\system\Database\BaseConnection.php(669): CodeIgniter\Database\BaseConnection->simpleQuery('UPDATE `article...')
#3 E:\OpenServer\domains\gomarket\vendor\codeigniter4\framework\system\Database\BaseBuilder.php(2456): CodeIgniter\Database\BaseConnection->query('UPDATE `article...', Array, false)
#4 E:\OpenServer\domains\gomarket\app\Models\AutoloadModel.php(105): CodeIgniter\Database\BaseBuilder->update(Array)
#5 E:\OpenServer\domains\gomarket\app\Controllers\Backend\Article\Article.php(210): App\Models\AutoloadModel->_update(Array)
#6 E:\OpenServer\domains\gomarket\vendor\codeigniter4\framework\system\CodeIgniter.php(918): App\Controllers\Backend\Article\Article->update(6)
#7 E:\OpenServer\domains\gomarket\vendor\codeigniter4\framework\system\CodeIgniter.php(404): CodeIgniter\CodeIgniter->runController(Object(App\Controllers\Backend\Article\Article))
#8 E:\OpenServer\domains\gomarket\vendor\codeigniter4\framework\system\CodeIgniter.php(312): CodeIgniter\CodeIgniter->handleRequest(NULL, Object(Config\Cache), false)
#9 E:\OpenServer\domains\gomarket\index.php(47): CodeIgniter\CodeIgniter->run()
#10 {main}
CRITICAL - 2022-12-17 12:58:53 --> Unknown column 'author' in 'field list'
#0 E:\OpenServer\domains\gomarket\vendor\codeigniter4\framework\system\Database\MySQLi\Connection.php(331): mysqli->query('UPDATE `article...')
#1 E:\OpenServer\domains\gomarket\vendor\codeigniter4\framework\system\Database\BaseConnection.php(741): CodeIgniter\Database\MySQLi\Connection->execute('UPDATE `article...')
#2 E:\OpenServer\domains\gomarket\vendor\codeigniter4\framework\system\Database\BaseConnection.php(669): CodeIgniter\Database\BaseConnection->simpleQuery('UPDATE `article...')
#3 E:\OpenServer\domains\gomarket\vendor\codeigniter4\framework\system\Database\BaseBuilder.php(2456): CodeIgniter\Database\BaseConnection->query('UPDATE `article...', Array, false)
#4 E:\OpenServer\domains\gomarket\app\Models\AutoloadModel.php(105): CodeIgniter\Database\BaseBuilder->update(Array)
#5 E:\OpenServer\domains\gomarket\app\Controllers\Backend\Article\Article.php(210): App\Models\AutoloadModel->_update(Array)
#6 E:\OpenServer\domains\gomarket\vendor\codeigniter4\framework\system\CodeIgniter.php(918): App\Controllers\Backend\Article\Article->update(6)
#7 E:\OpenServer\domains\gomarket\vendor\codeigniter4\framework\system\CodeIgniter.php(404): CodeIgniter\CodeIgniter->runController(Object(App\Controllers\Backend\Article\Article))
#8 E:\OpenServer\domains\gomarket\vendor\codeigniter4\framework\system\CodeIgniter.php(312): CodeIgniter\CodeIgniter->handleRequest(NULL, Object(Config\Cache), false)
#9 E:\OpenServer\domains\gomarket\index.php(47): CodeIgniter\CodeIgniter->run()
#10 {main}
CRITICAL - 2022-12-17 13:00:02 --> Unknown column 'link_image' in 'field list'
#0 E:\OpenServer\domains\gomarket\vendor\codeigniter4\framework\system\Database\MySQLi\Connection.php(331): mysqli->query('UPDATE `article...')
#1 E:\OpenServer\domains\gomarket\vendor\codeigniter4\framework\system\Database\BaseConnection.php(741): CodeIgniter\Database\MySQLi\Connection->execute('UPDATE `article...')
#2 E:\OpenServer\domains\gomarket\vendor\codeigniter4\framework\system\Database\BaseConnection.php(669): CodeIgniter\Database\BaseConnection->simpleQuery('UPDATE `article...')
#3 E:\OpenServer\domains\gomarket\vendor\codeigniter4\framework\system\Database\BaseBuilder.php(2456): CodeIgniter\Database\BaseConnection->query('UPDATE `article...', Array, false)
#4 E:\OpenServer\domains\gomarket\app\Models\AutoloadModel.php(105): CodeIgniter\Database\BaseBuilder->update(Array)
#5 E:\OpenServer\domains\gomarket\app\Controllers\Backend\Article\Article.php(210): App\Models\AutoloadModel->_update(Array)
#6 E:\OpenServer\domains\gomarket\vendor\codeigniter4\framework\system\CodeIgniter.php(918): App\Controllers\Backend\Article\Article->update(6)
#7 E:\OpenServer\domains\gomarket\vendor\codeigniter4\framework\system\CodeIgniter.php(404): CodeIgniter\CodeIgniter->runController(Object(App\Controllers\Backend\Article\Article))
#8 E:\OpenServer\domains\gomarket\vendor\codeigniter4\framework\system\CodeIgniter.php(312): CodeIgniter\CodeIgniter->handleRequest(NULL, Object(Config\Cache), false)
#9 E:\OpenServer\domains\gomarket\index.php(47): CodeIgniter\CodeIgniter->run()
#10 {main}
