CRITICAL - 2022-12-30 21:44:55 --> Call to undefined function cal_percent()
#0 V:\DATN\code\OpenServer\domains\vfit.crawl.com\vendor\codeigniter4\framework\system\View\View.php(246): include()
#1 V:\DATN\code\OpenServer\domains\vfit.crawl.com\vendor\codeigniter4\framework\system\Common.php(1119): CodeIgniter\View\View->render()
#2 V:\DATN\code\OpenServer\domains\vfit.crawl.com\app\Views\backend\dashboard\layout\home.php(46): view()
#3 V:\DATN\code\OpenServer\domains\vfit.crawl.com\vendor\codeigniter4\framework\system\View\View.php(246): include('V:\\DATN\\code\\Op...')
#4 V:\DATN\code\OpenServer\domains\vfit.crawl.com\vendor\codeigniter4\framework\system\Common.php(1119): CodeIgniter\View\View->render()
#5 V:\DATN\code\OpenServer\domains\vfit.crawl.com\app\Controllers\Backend\Dashboard\Dashboard.php(88): view()
#6 V:\DATN\code\OpenServer\domains\vfit.crawl.com\vendor\codeigniter4\framework\system\CodeIgniter.php(918): App\Controllers\Backend\Dashboard\Dashboard->index()
#7 V:\DATN\code\OpenServer\domains\vfit.crawl.com\vendor\codeigniter4\framework\system\CodeIgniter.php(404): CodeIgniter\CodeIgniter->runController()
#8 V:\DATN\code\OpenServer\domains\vfit.crawl.com\vendor\codeigniter4\framework\system\CodeIgniter.php(312): CodeIgniter\CodeIgniter->handleRequest()
#9 V:\DATN\code\OpenServer\domains\vfit.crawl.com\index.php(47): CodeIgniter\CodeIgniter->run()
#10 {main}
CRITICAL - 2022-12-30 22:18:54 --> Use of undefined constant HTDBHOST - assumed 'HTDBHOST' (this will throw an Error in a future version of PHP)
#0 V:\DATN\code\OpenServer\domains\vfit.crawl.com\vendor\codeigniter4\framework\system\Database\Config.php(131): CodeIgniter\Debug\Exceptions->errorHandler()
#1 V:\DATN\code\OpenServer\domains\vfit.crawl.com\vendor\codeigniter4\framework\system\Debug\Toolbar\Collectors\Database.php(100): CodeIgniter\Database\Config::getConnections()
#2 V:\DATN\code\OpenServer\domains\vfit.crawl.com\vendor\codeigniter4\framework\system\Debug\Toolbar.php(96): CodeIgniter\Debug\Toolbar\Collectors\Database->__construct()
#3 V:\DATN\code\OpenServer\domains\vfit.crawl.com\vendor\codeigniter4\framework\system\Config\Services.php(856): CodeIgniter\Debug\Toolbar->__construct()
#4 V:\DATN\code\OpenServer\domains\vfit.crawl.com\vendor\codeigniter4\framework\system\Config\BaseService.php(123): CodeIgniter\Config\Services::toolbar()
#5 V:\DATN\code\OpenServer\domains\vfit.crawl.com\vendor\codeigniter4\framework\system\Config\Services.php(848): CodeIgniter\Config\BaseService::getSharedInstance()
#6 V:\DATN\code\OpenServer\domains\vfit.crawl.com\app\Config\Events.php(44): CodeIgniter\Config\Services::toolbar()
#7 [internal function]: CodeIgniter\Events\Events::Config\{closure}()
#8 V:\DATN\code\OpenServer\domains\vfit.crawl.com\vendor\codeigniter4\framework\system\Events\Events.php(188): call_user_func()
#9 V:\DATN\code\OpenServer\domains\vfit.crawl.com\vendor\codeigniter4\framework\system\CodeIgniter.php(293): CodeIgniter\Events\Events::trigger()
#10 V:\DATN\code\OpenServer\domains\vfit.crawl.com\index.php(47): CodeIgniter\CodeIgniter->run()
#11 {main}
CRITICAL - 2022-12-30 22:19:24 --> Use of undefined constant HTDBHOST - assumed 'HTDBHOST' (this will throw an Error in a future version of PHP)
#0 V:\DATN\code\OpenServer\domains\vfit.crawl.com\vendor\codeigniter4\framework\system\Database\Config.php(131): CodeIgniter\Debug\Exceptions->errorHandler()
#1 V:\DATN\code\OpenServer\domains\vfit.crawl.com\vendor\codeigniter4\framework\system\Debug\Toolbar\Collectors\Database.php(100): CodeIgniter\Database\Config::getConnections()
#2 V:\DATN\code\OpenServer\domains\vfit.crawl.com\vendor\codeigniter4\framework\system\Debug\Toolbar.php(96): CodeIgniter\Debug\Toolbar\Collectors\Database->__construct()
#3 V:\DATN\code\OpenServer\domains\vfit.crawl.com\vendor\codeigniter4\framework\system\Config\Services.php(856): CodeIgniter\Debug\Toolbar->__construct()
#4 V:\DATN\code\OpenServer\domains\vfit.crawl.com\vendor\codeigniter4\framework\system\Config\BaseService.php(123): CodeIgniter\Config\Services::toolbar()
#5 V:\DATN\code\OpenServer\domains\vfit.crawl.com\vendor\codeigniter4\framework\system\Config\Services.php(848): CodeIgniter\Config\BaseService::getSharedInstance()
#6 V:\DATN\code\OpenServer\domains\vfit.crawl.com\app\Config\Events.php(44): CodeIgniter\Config\Services::toolbar()
#7 [internal function]: CodeIgniter\Events\Events::Config\{closure}()
#8 V:\DATN\code\OpenServer\domains\vfit.crawl.com\vendor\codeigniter4\framework\system\Events\Events.php(188): call_user_func()
#9 V:\DATN\code\OpenServer\domains\vfit.crawl.com\vendor\codeigniter4\framework\system\CodeIgniter.php(293): CodeIgniter\Events\Events::trigger()
#10 V:\DATN\code\OpenServer\domains\vfit.crawl.com\index.php(47): CodeIgniter\CodeIgniter->run()
#11 {main}
CRITICAL - 2022-12-30 22:19:25 --> Use of undefined constant HTDBHOST - assumed 'HTDBHOST' (this will throw an Error in a future version of PHP)
#0 V:\DATN\code\OpenServer\domains\vfit.crawl.com\vendor\codeigniter4\framework\system\Database\Config.php(131): CodeIgniter\Debug\Exceptions->errorHandler()
#1 V:\DATN\code\OpenServer\domains\vfit.crawl.com\vendor\codeigniter4\framework\system\Debug\Toolbar\Collectors\Database.php(100): CodeIgniter\Database\Config::getConnections()
#2 V:\DATN\code\OpenServer\domains\vfit.crawl.com\vendor\codeigniter4\framework\system\Debug\Toolbar.php(96): CodeIgniter\Debug\Toolbar\Collectors\Database->__construct()
#3 V:\DATN\code\OpenServer\domains\vfit.crawl.com\vendor\codeigniter4\framework\system\Config\Services.php(856): CodeIgniter\Debug\Toolbar->__construct()
#4 V:\DATN\code\OpenServer\domains\vfit.crawl.com\vendor\codeigniter4\framework\system\Config\BaseService.php(123): CodeIgniter\Config\Services::toolbar()
#5 V:\DATN\code\OpenServer\domains\vfit.crawl.com\vendor\codeigniter4\framework\system\Config\Services.php(848): CodeIgniter\Config\BaseService::getSharedInstance()
#6 V:\DATN\code\OpenServer\domains\vfit.crawl.com\app\Config\Events.php(44): CodeIgniter\Config\Services::toolbar()
#7 [internal function]: CodeIgniter\Events\Events::Config\{closure}()
#8 V:\DATN\code\OpenServer\domains\vfit.crawl.com\vendor\codeigniter4\framework\system\Events\Events.php(188): call_user_func()
#9 V:\DATN\code\OpenServer\domains\vfit.crawl.com\vendor\codeigniter4\framework\system\CodeIgniter.php(293): CodeIgniter\Events\Events::trigger()
#10 V:\DATN\code\OpenServer\domains\vfit.crawl.com\index.php(47): CodeIgniter\CodeIgniter->run()
#11 {main}
CRITICAL - 2022-12-30 22:19:25 --> Use of undefined constant HTDBHOST - assumed 'HTDBHOST' (this will throw an Error in a future version of PHP)
#0 V:\DATN\code\OpenServer\domains\vfit.crawl.com\vendor\codeigniter4\framework\system\Database\Config.php(131): CodeIgniter\Debug\Exceptions->errorHandler()
#1 V:\DATN\code\OpenServer\domains\vfit.crawl.com\vendor\codeigniter4\framework\system\Debug\Toolbar\Collectors\Database.php(100): CodeIgniter\Database\Config::getConnections()
#2 V:\DATN\code\OpenServer\domains\vfit.crawl.com\vendor\codeigniter4\framework\system\Debug\Toolbar.php(96): CodeIgniter\Debug\Toolbar\Collectors\Database->__construct()
#3 V:\DATN\code\OpenServer\domains\vfit.crawl.com\vendor\codeigniter4\framework\system\Config\Services.php(856): CodeIgniter\Debug\Toolbar->__construct()
#4 V:\DATN\code\OpenServer\domains\vfit.crawl.com\vendor\codeigniter4\framework\system\Config\BaseService.php(123): CodeIgniter\Config\Services::toolbar()
#5 V:\DATN\code\OpenServer\domains\vfit.crawl.com\vendor\codeigniter4\framework\system\Config\Services.php(848): CodeIgniter\Config\BaseService::getSharedInstance()
#6 V:\DATN\code\OpenServer\domains\vfit.crawl.com\app\Config\Events.php(44): CodeIgniter\Config\Services::toolbar()
#7 [internal function]: CodeIgniter\Events\Events::Config\{closure}()
#8 V:\DATN\code\OpenServer\domains\vfit.crawl.com\vendor\codeigniter4\framework\system\Events\Events.php(188): call_user_func()
#9 V:\DATN\code\OpenServer\domains\vfit.crawl.com\vendor\codeigniter4\framework\system\CodeIgniter.php(293): CodeIgniter\Events\Events::trigger()
#10 V:\DATN\code\OpenServer\domains\vfit.crawl.com\index.php(47): CodeIgniter\CodeIgniter->run()
#11 {main}
CRITICAL - 2022-12-30 22:20:03 --> Use of undefined constant HTDBHOST - assumed 'HTDBHOST' (this will throw an Error in a future version of PHP)
#0 V:\DATN\code\OpenServer\domains\vfit.crawl.com\vendor\codeigniter4\framework\system\Database\Config.php(131): CodeIgniter\Debug\Exceptions->errorHandler()
#1 V:\DATN\code\OpenServer\domains\vfit.crawl.com\vendor\codeigniter4\framework\system\Debug\Toolbar\Collectors\Database.php(100): CodeIgniter\Database\Config::getConnections()
#2 V:\DATN\code\OpenServer\domains\vfit.crawl.com\vendor\codeigniter4\framework\system\Debug\Toolbar.php(96): CodeIgniter\Debug\Toolbar\Collectors\Database->__construct()
#3 V:\DATN\code\OpenServer\domains\vfit.crawl.com\vendor\codeigniter4\framework\system\Config\Services.php(856): CodeIgniter\Debug\Toolbar->__construct()
#4 V:\DATN\code\OpenServer\domains\vfit.crawl.com\vendor\codeigniter4\framework\system\Config\BaseService.php(123): CodeIgniter\Config\Services::toolbar()
#5 V:\DATN\code\OpenServer\domains\vfit.crawl.com\vendor\codeigniter4\framework\system\Config\Services.php(848): CodeIgniter\Config\BaseService::getSharedInstance()
#6 V:\DATN\code\OpenServer\domains\vfit.crawl.com\app\Config\Events.php(44): CodeIgniter\Config\Services::toolbar()
#7 [internal function]: CodeIgniter\Events\Events::Config\{closure}()
#8 V:\DATN\code\OpenServer\domains\vfit.crawl.com\vendor\codeigniter4\framework\system\Events\Events.php(188): call_user_func()
#9 V:\DATN\code\OpenServer\domains\vfit.crawl.com\vendor\codeigniter4\framework\system\CodeIgniter.php(293): CodeIgniter\Events\Events::trigger()
#10 V:\DATN\code\OpenServer\domains\vfit.crawl.com\index.php(47): CodeIgniter\CodeIgniter->run()
#11 {main}
CRITICAL - 2022-12-30 22:20:18 --> Use of undefined constant HTDBHOST - assumed 'HTDBHOST' (this will throw an Error in a future version of PHP)
#0 V:\DATN\code\OpenServer\domains\vfit.crawl.com\vendor\codeigniter4\framework\system\Database\Config.php(131): CodeIgniter\Debug\Exceptions->errorHandler()
#1 V:\DATN\code\OpenServer\domains\vfit.crawl.com\vendor\codeigniter4\framework\system\Debug\Toolbar\Collectors\Database.php(100): CodeIgniter\Database\Config::getConnections()
#2 V:\DATN\code\OpenServer\domains\vfit.crawl.com\vendor\codeigniter4\framework\system\Debug\Toolbar.php(96): CodeIgniter\Debug\Toolbar\Collectors\Database->__construct()
#3 V:\DATN\code\OpenServer\domains\vfit.crawl.com\vendor\codeigniter4\framework\system\Config\Services.php(856): CodeIgniter\Debug\Toolbar->__construct()
#4 V:\DATN\code\OpenServer\domains\vfit.crawl.com\vendor\codeigniter4\framework\system\Config\BaseService.php(123): CodeIgniter\Config\Services::toolbar()
#5 V:\DATN\code\OpenServer\domains\vfit.crawl.com\vendor\codeigniter4\framework\system\Config\Services.php(848): CodeIgniter\Config\BaseService::getSharedInstance()
#6 V:\DATN\code\OpenServer\domains\vfit.crawl.com\app\Config\Events.php(44): CodeIgniter\Config\Services::toolbar()
#7 [internal function]: CodeIgniter\Events\Events::Config\{closure}()
#8 V:\DATN\code\OpenServer\domains\vfit.crawl.com\vendor\codeigniter4\framework\system\Events\Events.php(188): call_user_func()
#9 V:\DATN\code\OpenServer\domains\vfit.crawl.com\vendor\codeigniter4\framework\system\CodeIgniter.php(293): CodeIgniter\Events\Events::trigger()
#10 V:\DATN\code\OpenServer\domains\vfit.crawl.com\index.php(47): CodeIgniter\CodeIgniter->run()
#11 {main}
CRITICAL - 2022-12-30 22:25:47 --> Use of undefined constant HTDBHOST - assumed 'HTDBHOST' (this will throw an Error in a future version of PHP)
#0 V:\DATN\code\OpenServer\domains\vfit.crawl.com\vendor\codeigniter4\framework\system\Database\Config.php(131): CodeIgniter\Debug\Exceptions->errorHandler()
#1 V:\DATN\code\OpenServer\domains\vfit.crawl.com\vendor\codeigniter4\framework\system\Debug\Toolbar\Collectors\Database.php(100): CodeIgniter\Database\Config::getConnections()
#2 V:\DATN\code\OpenServer\domains\vfit.crawl.com\vendor\codeigniter4\framework\system\Debug\Toolbar.php(96): CodeIgniter\Debug\Toolbar\Collectors\Database->__construct()
#3 V:\DATN\code\OpenServer\domains\vfit.crawl.com\vendor\codeigniter4\framework\system\Config\Services.php(856): CodeIgniter\Debug\Toolbar->__construct()
#4 V:\DATN\code\OpenServer\domains\vfit.crawl.com\vendor\codeigniter4\framework\system\Config\BaseService.php(123): CodeIgniter\Config\Services::toolbar()
#5 V:\DATN\code\OpenServer\domains\vfit.crawl.com\vendor\codeigniter4\framework\system\Config\Services.php(848): CodeIgniter\Config\BaseService::getSharedInstance()
#6 V:\DATN\code\OpenServer\domains\vfit.crawl.com\app\Config\Events.php(44): CodeIgniter\Config\Services::toolbar()
#7 [internal function]: CodeIgniter\Events\Events::Config\{closure}()
#8 V:\DATN\code\OpenServer\domains\vfit.crawl.com\vendor\codeigniter4\framework\system\Events\Events.php(188): call_user_func()
#9 V:\DATN\code\OpenServer\domains\vfit.crawl.com\vendor\codeigniter4\framework\system\CodeIgniter.php(293): CodeIgniter\Events\Events::trigger()
#10 V:\DATN\code\OpenServer\domains\vfit.crawl.com\index.php(47): CodeIgniter\CodeIgniter->run()
#11 {main}
CRITICAL - 2022-12-30 22:25:48 --> Use of undefined constant HTDBHOST - assumed 'HTDBHOST' (this will throw an Error in a future version of PHP)
#0 V:\DATN\code\OpenServer\domains\vfit.crawl.com\vendor\codeigniter4\framework\system\Database\Config.php(131): CodeIgniter\Debug\Exceptions->errorHandler()
#1 V:\DATN\code\OpenServer\domains\vfit.crawl.com\vendor\codeigniter4\framework\system\Debug\Toolbar\Collectors\Database.php(100): CodeIgniter\Database\Config::getConnections()
#2 V:\DATN\code\OpenServer\domains\vfit.crawl.com\vendor\codeigniter4\framework\system\Debug\Toolbar.php(96): CodeIgniter\Debug\Toolbar\Collectors\Database->__construct()
#3 V:\DATN\code\OpenServer\domains\vfit.crawl.com\vendor\codeigniter4\framework\system\Config\Services.php(856): CodeIgniter\Debug\Toolbar->__construct()
#4 V:\DATN\code\OpenServer\domains\vfit.crawl.com\vendor\codeigniter4\framework\system\Config\BaseService.php(123): CodeIgniter\Config\Services::toolbar()
#5 V:\DATN\code\OpenServer\domains\vfit.crawl.com\vendor\codeigniter4\framework\system\Config\Services.php(848): CodeIgniter\Config\BaseService::getSharedInstance()
#6 V:\DATN\code\OpenServer\domains\vfit.crawl.com\app\Config\Events.php(44): CodeIgniter\Config\Services::toolbar()
#7 [internal function]: CodeIgniter\Events\Events::Config\{closure}()
#8 V:\DATN\code\OpenServer\domains\vfit.crawl.com\vendor\codeigniter4\framework\system\Events\Events.php(188): call_user_func()
#9 V:\DATN\code\OpenServer\domains\vfit.crawl.com\vendor\codeigniter4\framework\system\CodeIgniter.php(293): CodeIgniter\Events\Events::trigger()
#10 V:\DATN\code\OpenServer\domains\vfit.crawl.com\index.php(47): CodeIgniter\CodeIgniter->run()
#11 {main}
CRITICAL - 2022-12-30 22:25:48 --> Use of undefined constant HTDBHOST - assumed 'HTDBHOST' (this will throw an Error in a future version of PHP)
#0 V:\DATN\code\OpenServer\domains\vfit.crawl.com\vendor\codeigniter4\framework\system\Database\Config.php(131): CodeIgniter\Debug\Exceptions->errorHandler()
#1 V:\DATN\code\OpenServer\domains\vfit.crawl.com\vendor\codeigniter4\framework\system\Debug\Toolbar\Collectors\Database.php(100): CodeIgniter\Database\Config::getConnections()
#2 V:\DATN\code\OpenServer\domains\vfit.crawl.com\vendor\codeigniter4\framework\system\Debug\Toolbar.php(96): CodeIgniter\Debug\Toolbar\Collectors\Database->__construct()
#3 V:\DATN\code\OpenServer\domains\vfit.crawl.com\vendor\codeigniter4\framework\system\Config\Services.php(856): CodeIgniter\Debug\Toolbar->__construct()
#4 V:\DATN\code\OpenServer\domains\vfit.crawl.com\vendor\codeigniter4\framework\system\Config\BaseService.php(123): CodeIgniter\Config\Services::toolbar()
#5 V:\DATN\code\OpenServer\domains\vfit.crawl.com\vendor\codeigniter4\framework\system\Config\Services.php(848): CodeIgniter\Config\BaseService::getSharedInstance()
#6 V:\DATN\code\OpenServer\domains\vfit.crawl.com\app\Config\Events.php(44): CodeIgniter\Config\Services::toolbar()
#7 [internal function]: CodeIgniter\Events\Events::Config\{closure}()
#8 V:\DATN\code\OpenServer\domains\vfit.crawl.com\vendor\codeigniter4\framework\system\Events\Events.php(188): call_user_func()
#9 V:\DATN\code\OpenServer\domains\vfit.crawl.com\vendor\codeigniter4\framework\system\CodeIgniter.php(293): CodeIgniter\Events\Events::trigger()
#10 V:\DATN\code\OpenServer\domains\vfit.crawl.com\index.php(47): CodeIgniter\CodeIgniter->run()
#11 {main}
CRITICAL - 2022-12-30 22:27:38 --> Class 'Config\Database' not found
#0 V:\DATN\code\OpenServer\domains\vfit.crawl.com\vendor\codeigniter4\framework\system\Debug\Toolbar.php(96): CodeIgniter\Debug\Toolbar\Collectors\Database->__construct()
#1 V:\DATN\code\OpenServer\domains\vfit.crawl.com\vendor\codeigniter4\framework\system\Config\Services.php(856): CodeIgniter\Debug\Toolbar->__construct()
#2 V:\DATN\code\OpenServer\domains\vfit.crawl.com\vendor\codeigniter4\framework\system\Config\BaseService.php(123): CodeIgniter\Config\Services::toolbar()
#3 V:\DATN\code\OpenServer\domains\vfit.crawl.com\vendor\codeigniter4\framework\system\Config\Services.php(848): CodeIgniter\Config\BaseService::getSharedInstance()
#4 V:\DATN\code\OpenServer\domains\vfit.crawl.com\app\Config\Events.php(44): CodeIgniter\Config\Services::toolbar()
#5 [internal function]: CodeIgniter\Events\Events::Config\{closure}()
#6 V:\DATN\code\OpenServer\domains\vfit.crawl.com\vendor\codeigniter4\framework\system\Events\Events.php(188): call_user_func()
#7 V:\DATN\code\OpenServer\domains\vfit.crawl.com\vendor\codeigniter4\framework\system\CodeIgniter.php(293): CodeIgniter\Events\Events::trigger()
#8 V:\DATN\code\OpenServer\domains\vfit.crawl.com\index.php(47): CodeIgniter\CodeIgniter->run()
#9 {main}
CRITICAL - 2022-12-30 22:28:16 --> Use of undefined constant HTDBHOST - assumed 'HTDBHOST' (this will throw an Error in a future version of PHP)
#0 V:\DATN\code\OpenServer\domains\vfit.crawl.com\vendor\codeigniter4\framework\system\Database\Config.php(131): CodeIgniter\Debug\Exceptions->errorHandler()
#1 V:\DATN\code\OpenServer\domains\vfit.crawl.com\vendor\codeigniter4\framework\system\Debug\Toolbar\Collectors\Database.php(100): CodeIgniter\Database\Config::getConnections()
#2 V:\DATN\code\OpenServer\domains\vfit.crawl.com\vendor\codeigniter4\framework\system\Debug\Toolbar.php(96): CodeIgniter\Debug\Toolbar\Collectors\Database->__construct()
#3 V:\DATN\code\OpenServer\domains\vfit.crawl.com\vendor\codeigniter4\framework\system\Config\Services.php(856): CodeIgniter\Debug\Toolbar->__construct()
#4 V:\DATN\code\OpenServer\domains\vfit.crawl.com\vendor\codeigniter4\framework\system\Config\BaseService.php(123): CodeIgniter\Config\Services::toolbar()
#5 V:\DATN\code\OpenServer\domains\vfit.crawl.com\vendor\codeigniter4\framework\system\Config\Services.php(848): CodeIgniter\Config\BaseService::getSharedInstance()
#6 V:\DATN\code\OpenServer\domains\vfit.crawl.com\app\Config\Events.php(44): CodeIgniter\Config\Services::toolbar()
#7 [internal function]: CodeIgniter\Events\Events::Config\{closure}()
#8 V:\DATN\code\OpenServer\domains\vfit.crawl.com\vendor\codeigniter4\framework\system\Events\Events.php(188): call_user_func()
#9 V:\DATN\code\OpenServer\domains\vfit.crawl.com\vendor\codeigniter4\framework\system\CodeIgniter.php(293): CodeIgniter\Events\Events::trigger()
#10 V:\DATN\code\OpenServer\domains\vfit.crawl.com\index.php(47): CodeIgniter\CodeIgniter->run()
#11 {main}
CRITICAL - 2022-12-30 22:28:17 --> Use of undefined constant HTDBHOST - assumed 'HTDBHOST' (this will throw an Error in a future version of PHP)
#0 V:\DATN\code\OpenServer\domains\vfit.crawl.com\vendor\codeigniter4\framework\system\Database\Config.php(131): CodeIgniter\Debug\Exceptions->errorHandler()
#1 V:\DATN\code\OpenServer\domains\vfit.crawl.com\vendor\codeigniter4\framework\system\Debug\Toolbar\Collectors\Database.php(100): CodeIgniter\Database\Config::getConnections()
#2 V:\DATN\code\OpenServer\domains\vfit.crawl.com\vendor\codeigniter4\framework\system\Debug\Toolbar.php(96): CodeIgniter\Debug\Toolbar\Collectors\Database->__construct()
#3 V:\DATN\code\OpenServer\domains\vfit.crawl.com\vendor\codeigniter4\framework\system\Config\Services.php(856): CodeIgniter\Debug\Toolbar->__construct()
#4 V:\DATN\code\OpenServer\domains\vfit.crawl.com\vendor\codeigniter4\framework\system\Config\BaseService.php(123): CodeIgniter\Config\Services::toolbar()
#5 V:\DATN\code\OpenServer\domains\vfit.crawl.com\vendor\codeigniter4\framework\system\Config\Services.php(848): CodeIgniter\Config\BaseService::getSharedInstance()
#6 V:\DATN\code\OpenServer\domains\vfit.crawl.com\app\Config\Events.php(44): CodeIgniter\Config\Services::toolbar()
#7 [internal function]: CodeIgniter\Events\Events::Config\{closure}()
#8 V:\DATN\code\OpenServer\domains\vfit.crawl.com\vendor\codeigniter4\framework\system\Events\Events.php(188): call_user_func()
#9 V:\DATN\code\OpenServer\domains\vfit.crawl.com\vendor\codeigniter4\framework\system\CodeIgniter.php(293): CodeIgniter\Events\Events::trigger()
#10 V:\DATN\code\OpenServer\domains\vfit.crawl.com\index.php(47): CodeIgniter\CodeIgniter->run()
#11 {main}
CRITICAL - 2022-12-30 22:28:17 --> Use of undefined constant HTDBHOST - assumed 'HTDBHOST' (this will throw an Error in a future version of PHP)
#0 V:\DATN\code\OpenServer\domains\vfit.crawl.com\vendor\codeigniter4\framework\system\Database\Config.php(131): CodeIgniter\Debug\Exceptions->errorHandler()
#1 V:\DATN\code\OpenServer\domains\vfit.crawl.com\vendor\codeigniter4\framework\system\Debug\Toolbar\Collectors\Database.php(100): CodeIgniter\Database\Config::getConnections()
#2 V:\DATN\code\OpenServer\domains\vfit.crawl.com\vendor\codeigniter4\framework\system\Debug\Toolbar.php(96): CodeIgniter\Debug\Toolbar\Collectors\Database->__construct()
#3 V:\DATN\code\OpenServer\domains\vfit.crawl.com\vendor\codeigniter4\framework\system\Config\Services.php(856): CodeIgniter\Debug\Toolbar->__construct()
#4 V:\DATN\code\OpenServer\domains\vfit.crawl.com\vendor\codeigniter4\framework\system\Config\BaseService.php(123): CodeIgniter\Config\Services::toolbar()
#5 V:\DATN\code\OpenServer\domains\vfit.crawl.com\vendor\codeigniter4\framework\system\Config\Services.php(848): CodeIgniter\Config\BaseService::getSharedInstance()
#6 V:\DATN\code\OpenServer\domains\vfit.crawl.com\app\Config\Events.php(44): CodeIgniter\Config\Services::toolbar()
#7 [internal function]: CodeIgniter\Events\Events::Config\{closure}()
#8 V:\DATN\code\OpenServer\domains\vfit.crawl.com\vendor\codeigniter4\framework\system\Events\Events.php(188): call_user_func()
#9 V:\DATN\code\OpenServer\domains\vfit.crawl.com\vendor\codeigniter4\framework\system\CodeIgniter.php(293): CodeIgniter\Events\Events::trigger()
#10 V:\DATN\code\OpenServer\domains\vfit.crawl.com\index.php(47): CodeIgniter\CodeIgniter->run()
#11 {main}
CRITICAL - 2022-12-30 22:28:17 --> Use of undefined constant HTDBHOST - assumed 'HTDBHOST' (this will throw an Error in a future version of PHP)
#0 V:\DATN\code\OpenServer\domains\vfit.crawl.com\vendor\codeigniter4\framework\system\Database\Config.php(131): CodeIgniter\Debug\Exceptions->errorHandler()
#1 V:\DATN\code\OpenServer\domains\vfit.crawl.com\vendor\codeigniter4\framework\system\Debug\Toolbar\Collectors\Database.php(100): CodeIgniter\Database\Config::getConnections()
#2 V:\DATN\code\OpenServer\domains\vfit.crawl.com\vendor\codeigniter4\framework\system\Debug\Toolbar.php(96): CodeIgniter\Debug\Toolbar\Collectors\Database->__construct()
#3 V:\DATN\code\OpenServer\domains\vfit.crawl.com\vendor\codeigniter4\framework\system\Config\Services.php(856): CodeIgniter\Debug\Toolbar->__construct()
#4 V:\DATN\code\OpenServer\domains\vfit.crawl.com\vendor\codeigniter4\framework\system\Config\BaseService.php(123): CodeIgniter\Config\Services::toolbar()
#5 V:\DATN\code\OpenServer\domains\vfit.crawl.com\vendor\codeigniter4\framework\system\Config\Services.php(848): CodeIgniter\Config\BaseService::getSharedInstance()
#6 V:\DATN\code\OpenServer\domains\vfit.crawl.com\app\Config\Events.php(44): CodeIgniter\Config\Services::toolbar()
#7 [internal function]: CodeIgniter\Events\Events::Config\{closure}()
#8 V:\DATN\code\OpenServer\domains\vfit.crawl.com\vendor\codeigniter4\framework\system\Events\Events.php(188): call_user_func()
#9 V:\DATN\code\OpenServer\domains\vfit.crawl.com\vendor\codeigniter4\framework\system\CodeIgniter.php(293): CodeIgniter\Events\Events::trigger()
#10 V:\DATN\code\OpenServer\domains\vfit.crawl.com\index.php(47): CodeIgniter\CodeIgniter->run()
#11 {main}
CRITICAL - 2022-12-30 22:28:17 --> Use of undefined constant HTDBHOST - assumed 'HTDBHOST' (this will throw an Error in a future version of PHP)
#0 V:\DATN\code\OpenServer\domains\vfit.crawl.com\vendor\codeigniter4\framework\system\Database\Config.php(131): CodeIgniter\Debug\Exceptions->errorHandler()
#1 V:\DATN\code\OpenServer\domains\vfit.crawl.com\vendor\codeigniter4\framework\system\Debug\Toolbar\Collectors\Database.php(100): CodeIgniter\Database\Config::getConnections()
#2 V:\DATN\code\OpenServer\domains\vfit.crawl.com\vendor\codeigniter4\framework\system\Debug\Toolbar.php(96): CodeIgniter\Debug\Toolbar\Collectors\Database->__construct()
#3 V:\DATN\code\OpenServer\domains\vfit.crawl.com\vendor\codeigniter4\framework\system\Config\Services.php(856): CodeIgniter\Debug\Toolbar->__construct()
#4 V:\DATN\code\OpenServer\domains\vfit.crawl.com\vendor\codeigniter4\framework\system\Config\BaseService.php(123): CodeIgniter\Config\Services::toolbar()
#5 V:\DATN\code\OpenServer\domains\vfit.crawl.com\vendor\codeigniter4\framework\system\Config\Services.php(848): CodeIgniter\Config\BaseService::getSharedInstance()
#6 V:\DATN\code\OpenServer\domains\vfit.crawl.com\app\Config\Events.php(44): CodeIgniter\Config\Services::toolbar()
#7 [internal function]: CodeIgniter\Events\Events::Config\{closure}()
#8 V:\DATN\code\OpenServer\domains\vfit.crawl.com\vendor\codeigniter4\framework\system\Events\Events.php(188): call_user_func()
#9 V:\DATN\code\OpenServer\domains\vfit.crawl.com\vendor\codeigniter4\framework\system\CodeIgniter.php(293): CodeIgniter\Events\Events::trigger()
#10 V:\DATN\code\OpenServer\domains\vfit.crawl.com\index.php(47): CodeIgniter\CodeIgniter->run()
#11 {main}
CRITICAL - 2022-12-30 22:32:22 --> Class 'CodeIgniter\Database\Config' not found
#0 V:\DATN\code\OpenServer\domains\vfit.crawl.com\vendor\codeigniter4\framework\system\Autoloader\Autoloader.php(365): require_once()
#1 V:\DATN\code\OpenServer\domains\vfit.crawl.com\vendor\codeigniter4\framework\system\Autoloader\Autoloader.php(296): CodeIgniter\Autoloader\Autoloader->requireFile()
#2 V:\DATN\code\OpenServer\domains\vfit.crawl.com\vendor\codeigniter4\framework\system\Autoloader\Autoloader.php(258): CodeIgniter\Autoloader\Autoloader->loadInNamespace()
#3 [internal function]: CodeIgniter\Autoloader\Autoloader->loadClass()
#4 V:\DATN\code\OpenServer\domains\vfit.crawl.com\vendor\codeigniter4\framework\system\Debug\Toolbar\Collectors\Database.php(100): spl_autoload_call()
#5 V:\DATN\code\OpenServer\domains\vfit.crawl.com\vendor\codeigniter4\framework\system\Debug\Toolbar.php(96): CodeIgniter\Debug\Toolbar\Collectors\Database->__construct()
#6 V:\DATN\code\OpenServer\domains\vfit.crawl.com\vendor\codeigniter4\framework\system\Config\Services.php(856): CodeIgniter\Debug\Toolbar->__construct()
#7 V:\DATN\code\OpenServer\domains\vfit.crawl.com\vendor\codeigniter4\framework\system\Config\BaseService.php(123): CodeIgniter\Config\Services::toolbar()
#8 V:\DATN\code\OpenServer\domains\vfit.crawl.com\vendor\codeigniter4\framework\system\Config\Services.php(848): CodeIgniter\Config\BaseService::getSharedInstance()
#9 V:\DATN\code\OpenServer\domains\vfit.crawl.com\app\Config\Events.php(44): CodeIgniter\Config\Services::toolbar()
#10 [internal function]: CodeIgniter\Events\Events::Config\{closure}()
#11 V:\DATN\code\OpenServer\domains\vfit.crawl.com\vendor\codeigniter4\framework\system\Events\Events.php(188): call_user_func()
#12 V:\DATN\code\OpenServer\domains\vfit.crawl.com\vendor\codeigniter4\framework\system\CodeIgniter.php(293): CodeIgniter\Events\Events::trigger()
#13 V:\DATN\code\OpenServer\domains\vfit.crawl.com\index.php(47): CodeIgniter\CodeIgniter->run()
#14 {main}
CRITICAL - 2022-12-30 22:32:23 --> Class 'CodeIgniter\Database\Config' not found
#0 V:\DATN\code\OpenServer\domains\vfit.crawl.com\vendor\codeigniter4\framework\system\Autoloader\Autoloader.php(365): require_once()
#1 V:\DATN\code\OpenServer\domains\vfit.crawl.com\vendor\codeigniter4\framework\system\Autoloader\Autoloader.php(296): CodeIgniter\Autoloader\Autoloader->requireFile()
#2 V:\DATN\code\OpenServer\domains\vfit.crawl.com\vendor\codeigniter4\framework\system\Autoloader\Autoloader.php(258): CodeIgniter\Autoloader\Autoloader->loadInNamespace()
#3 [internal function]: CodeIgniter\Autoloader\Autoloader->loadClass()
#4 V:\DATN\code\OpenServer\domains\vfit.crawl.com\vendor\codeigniter4\framework\system\Debug\Toolbar\Collectors\Database.php(100): spl_autoload_call()
#5 V:\DATN\code\OpenServer\domains\vfit.crawl.com\vendor\codeigniter4\framework\system\Debug\Toolbar.php(96): CodeIgniter\Debug\Toolbar\Collectors\Database->__construct()
#6 V:\DATN\code\OpenServer\domains\vfit.crawl.com\vendor\codeigniter4\framework\system\Config\Services.php(856): CodeIgniter\Debug\Toolbar->__construct()
#7 V:\DATN\code\OpenServer\domains\vfit.crawl.com\vendor\codeigniter4\framework\system\Config\BaseService.php(123): CodeIgniter\Config\Services::toolbar()
#8 V:\DATN\code\OpenServer\domains\vfit.crawl.com\vendor\codeigniter4\framework\system\Config\Services.php(848): CodeIgniter\Config\BaseService::getSharedInstance()
#9 V:\DATN\code\OpenServer\domains\vfit.crawl.com\app\Config\Events.php(44): CodeIgniter\Config\Services::toolbar()
#10 [internal function]: CodeIgniter\Events\Events::Config\{closure}()
#11 V:\DATN\code\OpenServer\domains\vfit.crawl.com\vendor\codeigniter4\framework\system\Events\Events.php(188): call_user_func()
#12 V:\DATN\code\OpenServer\domains\vfit.crawl.com\vendor\codeigniter4\framework\system\CodeIgniter.php(293): CodeIgniter\Events\Events::trigger()
#13 V:\DATN\code\OpenServer\domains\vfit.crawl.com\index.php(47): CodeIgniter\CodeIgniter->run()
#14 {main}
CRITICAL - 2022-12-30 22:34:02 --> Use of undefined constant HTDBHOST - assumed 'HTDBHOST' (this will throw an Error in a future version of PHP)
#0 V:\DATN\code\OpenServer\domains\vfit.crawl.com\vendor\codeigniter4\framework\system\Database\Config.php(131): CodeIgniter\Debug\Exceptions->errorHandler()
#1 V:\DATN\code\OpenServer\domains\vfit.crawl.com\vendor\codeigniter4\framework\system\Debug\Toolbar\Collectors\Database.php(100): CodeIgniter\Database\Config::getConnections()
#2 V:\DATN\code\OpenServer\domains\vfit.crawl.com\vendor\codeigniter4\framework\system\Debug\Toolbar.php(96): CodeIgniter\Debug\Toolbar\Collectors\Database->__construct()
#3 V:\DATN\code\OpenServer\domains\vfit.crawl.com\vendor\codeigniter4\framework\system\Config\Services.php(856): CodeIgniter\Debug\Toolbar->__construct()
#4 V:\DATN\code\OpenServer\domains\vfit.crawl.com\vendor\codeigniter4\framework\system\Config\BaseService.php(123): CodeIgniter\Config\Services::toolbar()
#5 V:\DATN\code\OpenServer\domains\vfit.crawl.com\vendor\codeigniter4\framework\system\Config\Services.php(848): CodeIgniter\Config\BaseService::getSharedInstance()
#6 V:\DATN\code\OpenServer\domains\vfit.crawl.com\app\Config\Events.php(44): CodeIgniter\Config\Services::toolbar()
#7 [internal function]: CodeIgniter\Events\Events::Config\{closure}()
#8 V:\DATN\code\OpenServer\domains\vfit.crawl.com\vendor\codeigniter4\framework\system\Events\Events.php(188): call_user_func()
#9 V:\DATN\code\OpenServer\domains\vfit.crawl.com\vendor\codeigniter4\framework\system\CodeIgniter.php(293): CodeIgniter\Events\Events::trigger()
#10 V:\DATN\code\OpenServer\domains\vfit.crawl.com\index.php(47): CodeIgniter\CodeIgniter->run()
#11 {main}
CRITICAL - 2022-12-30 22:34:03 --> Use of undefined constant HTDBHOST - assumed 'HTDBHOST' (this will throw an Error in a future version of PHP)
#0 V:\DATN\code\OpenServer\domains\vfit.crawl.com\vendor\codeigniter4\framework\system\Database\Config.php(131): CodeIgniter\Debug\Exceptions->errorHandler()
#1 V:\DATN\code\OpenServer\domains\vfit.crawl.com\vendor\codeigniter4\framework\system\Debug\Toolbar\Collectors\Database.php(100): CodeIgniter\Database\Config::getConnections()
#2 V:\DATN\code\OpenServer\domains\vfit.crawl.com\vendor\codeigniter4\framework\system\Debug\Toolbar.php(96): CodeIgniter\Debug\Toolbar\Collectors\Database->__construct()
#3 V:\DATN\code\OpenServer\domains\vfit.crawl.com\vendor\codeigniter4\framework\system\Config\Services.php(856): CodeIgniter\Debug\Toolbar->__construct()
#4 V:\DATN\code\OpenServer\domains\vfit.crawl.com\vendor\codeigniter4\framework\system\Config\BaseService.php(123): CodeIgniter\Config\Services::toolbar()
#5 V:\DATN\code\OpenServer\domains\vfit.crawl.com\vendor\codeigniter4\framework\system\Config\Services.php(848): CodeIgniter\Config\BaseService::getSharedInstance()
#6 V:\DATN\code\OpenServer\domains\vfit.crawl.com\app\Config\Events.php(44): CodeIgniter\Config\Services::toolbar()
#7 [internal function]: CodeIgniter\Events\Events::Config\{closure}()
#8 V:\DATN\code\OpenServer\domains\vfit.crawl.com\vendor\codeigniter4\framework\system\Events\Events.php(188): call_user_func()
#9 V:\DATN\code\OpenServer\domains\vfit.crawl.com\vendor\codeigniter4\framework\system\CodeIgniter.php(293): CodeIgniter\Events\Events::trigger()
#10 V:\DATN\code\OpenServer\domains\vfit.crawl.com\index.php(47): CodeIgniter\CodeIgniter->run()
#11 {main}
CRITICAL - 2022-12-30 22:34:03 --> Use of undefined constant HTDBHOST - assumed 'HTDBHOST' (this will throw an Error in a future version of PHP)
#0 V:\DATN\code\OpenServer\domains\vfit.crawl.com\vendor\codeigniter4\framework\system\Database\Config.php(131): CodeIgniter\Debug\Exceptions->errorHandler()
#1 V:\DATN\code\OpenServer\domains\vfit.crawl.com\vendor\codeigniter4\framework\system\Debug\Toolbar\Collectors\Database.php(100): CodeIgniter\Database\Config::getConnections()
#2 V:\DATN\code\OpenServer\domains\vfit.crawl.com\vendor\codeigniter4\framework\system\Debug\Toolbar.php(96): CodeIgniter\Debug\Toolbar\Collectors\Database->__construct()
#3 V:\DATN\code\OpenServer\domains\vfit.crawl.com\vendor\codeigniter4\framework\system\Config\Services.php(856): CodeIgniter\Debug\Toolbar->__construct()
#4 V:\DATN\code\OpenServer\domains\vfit.crawl.com\vendor\codeigniter4\framework\system\Config\BaseService.php(123): CodeIgniter\Config\Services::toolbar()
#5 V:\DATN\code\OpenServer\domains\vfit.crawl.com\vendor\codeigniter4\framework\system\Config\Services.php(848): CodeIgniter\Config\BaseService::getSharedInstance()
#6 V:\DATN\code\OpenServer\domains\vfit.crawl.com\app\Config\Events.php(44): CodeIgniter\Config\Services::toolbar()
#7 [internal function]: CodeIgniter\Events\Events::Config\{closure}()
#8 V:\DATN\code\OpenServer\domains\vfit.crawl.com\vendor\codeigniter4\framework\system\Events\Events.php(188): call_user_func()
#9 V:\DATN\code\OpenServer\domains\vfit.crawl.com\vendor\codeigniter4\framework\system\CodeIgniter.php(293): CodeIgniter\Events\Events::trigger()
#10 V:\DATN\code\OpenServer\domains\vfit.crawl.com\index.php(47): CodeIgniter\CodeIgniter->run()
#11 {main}
CRITICAL - 2022-12-30 22:34:04 --> Use of undefined constant HTDBHOST - assumed 'HTDBHOST' (this will throw an Error in a future version of PHP)
#0 V:\DATN\code\OpenServer\domains\vfit.crawl.com\vendor\codeigniter4\framework\system\Database\Config.php(131): CodeIgniter\Debug\Exceptions->errorHandler()
#1 V:\DATN\code\OpenServer\domains\vfit.crawl.com\vendor\codeigniter4\framework\system\Debug\Toolbar\Collectors\Database.php(100): CodeIgniter\Database\Config::getConnections()
#2 V:\DATN\code\OpenServer\domains\vfit.crawl.com\vendor\codeigniter4\framework\system\Debug\Toolbar.php(96): CodeIgniter\Debug\Toolbar\Collectors\Database->__construct()
#3 V:\DATN\code\OpenServer\domains\vfit.crawl.com\vendor\codeigniter4\framework\system\Config\Services.php(856): CodeIgniter\Debug\Toolbar->__construct()
#4 V:\DATN\code\OpenServer\domains\vfit.crawl.com\vendor\codeigniter4\framework\system\Config\BaseService.php(123): CodeIgniter\Config\Services::toolbar()
#5 V:\DATN\code\OpenServer\domains\vfit.crawl.com\vendor\codeigniter4\framework\system\Config\Services.php(848): CodeIgniter\Config\BaseService::getSharedInstance()
#6 V:\DATN\code\OpenServer\domains\vfit.crawl.com\app\Config\Events.php(44): CodeIgniter\Config\Services::toolbar()
#7 [internal function]: CodeIgniter\Events\Events::Config\{closure}()
#8 V:\DATN\code\OpenServer\domains\vfit.crawl.com\vendor\codeigniter4\framework\system\Events\Events.php(188): call_user_func()
#9 V:\DATN\code\OpenServer\domains\vfit.crawl.com\vendor\codeigniter4\framework\system\CodeIgniter.php(293): CodeIgniter\Events\Events::trigger()
#10 V:\DATN\code\OpenServer\domains\vfit.crawl.com\index.php(47): CodeIgniter\CodeIgniter->run()
#11 {main}
CRITICAL - 2022-12-30 22:34:06 --> Use of undefined constant HTDBHOST - assumed 'HTDBHOST' (this will throw an Error in a future version of PHP)
#0 V:\DATN\code\OpenServer\domains\vfit.crawl.com\vendor\codeigniter4\framework\system\Database\Config.php(131): CodeIgniter\Debug\Exceptions->errorHandler()
#1 V:\DATN\code\OpenServer\domains\vfit.crawl.com\vendor\codeigniter4\framework\system\Debug\Toolbar\Collectors\Database.php(100): CodeIgniter\Database\Config::getConnections()
#2 V:\DATN\code\OpenServer\domains\vfit.crawl.com\vendor\codeigniter4\framework\system\Debug\Toolbar.php(96): CodeIgniter\Debug\Toolbar\Collectors\Database->__construct()
#3 V:\DATN\code\OpenServer\domains\vfit.crawl.com\vendor\codeigniter4\framework\system\Config\Services.php(856): CodeIgniter\Debug\Toolbar->__construct()
#4 V:\DATN\code\OpenServer\domains\vfit.crawl.com\vendor\codeigniter4\framework\system\Config\BaseService.php(123): CodeIgniter\Config\Services::toolbar()
#5 V:\DATN\code\OpenServer\domains\vfit.crawl.com\vendor\codeigniter4\framework\system\Config\Services.php(848): CodeIgniter\Config\BaseService::getSharedInstance()
#6 V:\DATN\code\OpenServer\domains\vfit.crawl.com\app\Config\Events.php(44): CodeIgniter\Config\Services::toolbar()
#7 [internal function]: CodeIgniter\Events\Events::Config\{closure}()
#8 V:\DATN\code\OpenServer\domains\vfit.crawl.com\vendor\codeigniter4\framework\system\Events\Events.php(188): call_user_func()
#9 V:\DATN\code\OpenServer\domains\vfit.crawl.com\vendor\codeigniter4\framework\system\CodeIgniter.php(293): CodeIgniter\Events\Events::trigger()
#10 V:\DATN\code\OpenServer\domains\vfit.crawl.com\index.php(47): CodeIgniter\CodeIgniter->run()
#11 {main}
